#
# A fatal error has been detected by the Java Runtime Environment:
#
#  EXCEPTION_ACCESS_VIOLATION (0xc0000005) at pc=0x000000006517f88f, pid=11832, tid=0x0000000000002eb8
#
# JRE version: Java(TM) SE Runtime Environment (8.0_111-b14) (build 1.8.0_111-b14)
# Java VM: Java HotSpot(TM) 64-Bit Server VM (25.111-b14 mixed mode windows-amd64 compressed oops)
# Problematic frame:
# V  [jvm.dll+0x47f88f]
#
# Failed to write core dump. Minidumps are not enabled by default on client versions of Windows
#
# If you would like to submit a bug report, please visit:
#   http://bugreport.java.com/bugreport/crash.jsp
#

---------------  T H R E A D  ---------------

Current thread (0x0000000019995000):  JavaThread "C2 CompilerThread1" daemon [_thread_in_native, id=11960, stack(0x000000001a080000,0x000000001a180000)]

siginfo: ExceptionCode=0xc0000005, reading address 0x000000000000004c

Registers:
RAX=0x000000001d9c6aa0, RBX=0x000000001a5bccb8, RCX=0x000000001d9c6b50, RDX=0x0000000000000000
RSP=0x000000001a17c080, RBP=0x000000000000028d, RSI=0x000000000000017e, RDI=0x0000000019b9fc20
R8 =0x0000000000000002, R9 =0x0000000000000004, R10=0x0000000000000000, R11=0x000000001a17bfd0
R12=0x000000001a17c220, R13=0x0000000000000000, R14=0x000000001a5b0090, R15=0x0000000019b9f610
RIP=0x000000006517f88f, EFLAGS=0x0000000000010202

Top of Stack: (sp=0x000000001a17c080)
0x000000001a17c080:   000000001a5bcc68 000000000000028c
0x000000001a17c090:   000000000000017f 000000001aa363e0
0x000000001a17c0a0:   000000001a17c240 000000006515282a
0x000000001a17c0b0:   000000001d4957e0 0000000064dcd8de
0x000000001a17c0c0:   00000000652e0818 000000001a5b0090
0x000000001a17c0d0:   000000001a17c220 000000001d49a8b0
0x000000001a17c0e0:   000000001d49d7c8 000000006517fa03
0x000000001a17c0f0:   000000001a17c220 0000000000000000
0x000000001a17c100:   000000001d4957e0 00000000178e03e0
0x000000001a17c110:   000000001d49a8b0 000000001d49d7c8
0x000000001a17c120:   000000001d962160 00000000652e0818
0x000000001a17c130:   000000001a17e660 0000000000000001
0x000000001a17c140:   000000001ab25f48 0000000000000000
0x000000001a17c150:   0000000000000001 000000001a17c2a0
0x000000001a17c160:   000000001a17c220 000000006518c1de
0x000000001a17c170:   00000000652e0818 0000000000120d90 

Instructions: (pc=0x000000006517f88f)
0x000000006517f86f:   c1 3b ca 75 02 ff c1 48 8b 07 3b 48 48 0f 4d ca
0x000000006517f87f:   89 4f 08 48 8b 07 8b d1 48 8b 48 40 48 8b 14 d1
0x000000006517f88f:   83 7a 4c 00 0f 85 97 00 00 00 89 6a 4c 48 8d 43
0x000000006517f89f:   e8 89 6b f0 4c 89 6b 08 4c 89 73 10 c7 43 f4 01 


Register to memory mapping:

RAX=0x000000001d9c6aa0 is an unknown value
RBX=0x000000001a5bccb8 is an unknown value
RCX=0x000000001d9c6b50 is an unknown value
RDX=0x0000000000000000 is an unknown value
RSP=0x000000001a17c080 is pointing into the stack for thread: 0x0000000019995000
RBP=0x000000000000028d is an unknown value
RSI=0x000000000000017e is an unknown value
RDI=0x0000000019b9fc20 is an unknown value
R8 =0x0000000000000002 is an unknown value
R9 =0x0000000000000004 is an unknown value
R10=0x0000000000000000 is an unknown value
R11=0x000000001a17bfd0 is pointing into the stack for thread: 0x0000000019995000
R12=0x000000001a17c220 is pointing into the stack for thread: 0x0000000019995000
R13=0x0000000000000000 is an unknown value
R14=0x000000001a5b0090 is an unknown value
R15=0x0000000019b9f610 is an unknown value


Stack: [0x000000001a080000,0x000000001a180000],  sp=0x000000001a17c080,  free space=1008k
Native frames: (J=compiled Java code, j=interpreted, Vv=VM code, C=native code)
V  [jvm.dll+0x47f88f]
V  [jvm.dll+0x47fa03]
V  [jvm.dll+0x48c1de]
V  [jvm.dll+0x47366c]
V  [jvm.dll+0x476057]
V  [jvm.dll+0x4589b2]
V  [jvm.dll+0xa5742]
V  [jvm.dll+0xa607f]
V  [jvm.dll+0x244b7f]
V  [jvm.dll+0x29c43a]
C  [msvcr100.dll+0x21d9f]
C  [msvcr100.dll+0x21e3b]
C  [KERNEL32.DLL+0x12774]
C  [ntdll.dll+0x70d51]


Current CompileTask:
C2:   9769 1656   !   4       sun.awt.PostEventQueue::flush (168 bytes)


---------------  P R O C E S S  ---------------

Java Threads: ( => current thread )
  0x000000001d26d000 JavaThread "DestroyJavaVM" [_thread_blocked, id=5184, stack(0x00000000028a0000,0x00000000029a0000)]
  0x000000001d26b000 JavaThread "Game" [_thread_in_Java, id=11904, stack(0x0000000026f30000,0x0000000027030000)]
  0x000000001d26f800 JavaThread "D3D Screen Updater" daemon [_thread_blocked, id=11980, stack(0x0000000026e30000,0x0000000026f30000)]
  0x000000001d26a000 JavaThread "AWT-EventQueue-0" [_thread_blocked, id=9620, stack(0x0000000025af0000,0x0000000025bf0000)]
  0x000000001d269800 JavaThread "AWT-Windows" daemon [_thread_in_native, id=3076, stack(0x000000001f530000,0x000000001f630000)]
  0x000000001d262000 JavaThread "AWT-Shutdown" [_thread_blocked, id=11124, stack(0x000000001f430000,0x000000001f530000)]
  0x000000001d261000 JavaThread "Java2D Disposer" daemon [_thread_blocked, id=10996, stack(0x000000001f330000,0x000000001f430000)]
  0x000000001d267000 JavaThread "Direct Clip" daemon [_thread_blocked, id=5516, stack(0x000000001f130000,0x000000001f230000)]
  0x000000001d262800 JavaThread "Direct Clip" daemon [_thread_blocked, id=11848, stack(0x000000001ef30000,0x000000001f030000)]
  0x000000001d266800 JavaThread "Direct Clip" daemon [_thread_blocked, id=11824, stack(0x000000001ee30000,0x000000001ef30000)]
  0x000000001d265800 JavaThread "Direct Clip" daemon [_thread_blocked, id=11828, stack(0x000000001ed30000,0x000000001ee30000)]
  0x000000001d260800 JavaThread "Direct Clip" daemon [_thread_blocked, id=11348, stack(0x000000001ec30000,0x000000001ed30000)]
  0x000000001d265000 JavaThread "Direct Clip" daemon [_thread_blocked, id=8532, stack(0x000000001e330000,0x000000001e430000)]
  0x000000001d264000 JavaThread "Direct Clip" daemon [_thread_blocked, id=1780, stack(0x000000001e230000,0x000000001e330000)]
  0x000000001a8ce800 JavaThread "Direct Clip" daemon [_thread_blocked, id=1340, stack(0x000000001d160000,0x000000001d260000)]
  0x000000001a8d2800 JavaThread "Direct Clip" daemon [_thread_blocked, id=11648, stack(0x000000001d060000,0x000000001d160000)]
  0x000000001a8cd000 JavaThread "Direct Clip" daemon [_thread_blocked, id=12072, stack(0x000000001cf60000,0x000000001d060000)]
  0x000000001a8d0000 JavaThread "Direct Clip" daemon [_thread_blocked, id=11076, stack(0x000000001ce60000,0x000000001cf60000)]
  0x000000001a8cf800 JavaThread "Direct Clip" daemon [_thread_blocked, id=10732, stack(0x000000001cc60000,0x000000001cd60000)]
  0x000000001a8d3000 JavaThread "Direct Clip" daemon [_thread_blocked, id=12068, stack(0x000000001cb60000,0x000000001cc60000)]
  0x000000001a8d1800 JavaThread "Direct Clip" daemon [_thread_blocked, id=8128, stack(0x000000001ca20000,0x000000001cb20000)]
  0x000000001a8d1000 JavaThread "Direct Clip" daemon [_thread_blocked, id=12260, stack(0x000000001c920000,0x000000001ca20000)]
  0x000000001a8ce000 JavaThread "Direct Clip" daemon [_thread_blocked, id=10892, stack(0x000000001c820000,0x000000001c920000)]
  0x000000001a8cc800 JavaThread "Direct Clip" daemon [_thread_blocked, id=11056, stack(0x000000001c720000,0x000000001c820000)]
  0x000000001a8c2800 JavaThread "Direct Clip" daemon [_thread_blocked, id=11852, stack(0x000000001c620000,0x000000001c720000)]
  0x000000001a8c1000 JavaThread "Direct Clip" daemon [_thread_blocked, id=5332, stack(0x000000001c120000,0x000000001c220000)]
  0x000000001a8c0800 JavaThread "Direct Clip" daemon [_thread_blocked, id=11288, stack(0x000000001c020000,0x000000001c120000)]
  0x000000001a8bf000 JavaThread "Direct Clip" daemon [_thread_blocked, id=10340, stack(0x000000001bf20000,0x000000001c020000)]
  0x000000001a8bc800 JavaThread "Direct Clip" daemon [_thread_blocked, id=6924, stack(0x000000001be20000,0x000000001bf20000)]
  0x000000001a8af800 JavaThread "Direct Clip" daemon [_thread_blocked, id=11720, stack(0x000000001bd20000,0x000000001be20000)]
  0x000000001a8af000 JavaThread "Direct Clip" daemon [_thread_blocked, id=11692, stack(0x000000001bbe0000,0x000000001bce0000)]
  0x000000001a8ae000 JavaThread "Direct Clip" daemon [_thread_blocked, id=12172, stack(0x000000001b8e0000,0x000000001b9e0000)]
  0x000000001a842000 JavaThread "Direct Clip" daemon [_thread_blocked, id=7992, stack(0x000000001b7e0000,0x000000001b8e0000)]
  0x000000001a841000 JavaThread "Java Sound Event Dispatcher" daemon [_thread_blocked, id=11232, stack(0x000000001b2e0000,0x000000001b3e0000)]
  0x0000000019a18000 JavaThread "Service Thread" daemon [_thread_blocked, id=8872, stack(0x000000001a280000,0x000000001a380000)]
  0x0000000019996800 JavaThread "C1 CompilerThread2" daemon [_thread_blocked, id=12088, stack(0x000000001a180000,0x000000001a280000)]
=>0x0000000019995000 JavaThread "C2 CompilerThread1" daemon [_thread_in_native, id=11960, stack(0x000000001a080000,0x000000001a180000)]
  0x000000001998d000 JavaThread "C2 CompilerThread0" daemon [_thread_blocked, id=12004, stack(0x0000000019f80000,0x000000001a080000)]
  0x0000000019982000 JavaThread "JDWP Command Reader" daemon [_thread_in_native, id=6104, stack(0x0000000019e80000,0x0000000019f80000)]
  0x0000000019980800 JavaThread "JDWP Event Helper Thread" daemon [_thread_blocked, id=2812, stack(0x0000000019d80000,0x0000000019e80000)]
  0x00000000178e1800 JavaThread "JDWP Transport Listener: dt_socket" daemon [_thread_blocked, id=3420, stack(0x0000000019880000,0x0000000019980000)]
  0x00000000178d6000 JavaThread "Attach Listener" daemon [_thread_blocked, id=11424, stack(0x0000000019440000,0x0000000019540000)]
  0x00000000178d3000 JavaThread "Signal Dispatcher" daemon [_thread_blocked, id=300, stack(0x0000000019340000,0x0000000019440000)]
  0x00000000178c2000 JavaThread "Finalizer" daemon [_thread_blocked, id=10412, stack(0x0000000019150000,0x0000000019250000)]
  0x0000000002a96800 JavaThread "Reference Handler" daemon [_thread_blocked, id=11436, stack(0x0000000019050000,0x0000000019150000)]

Other Threads:
  0x0000000017898000 VMThread [stack: 0x0000000018f50000,0x0000000019050000] [id=10924]
  0x0000000019a80800 WatcherThread [stack: 0x000000001a380000,0x000000001a480000] [id=5064]

VM state:not at safepoint (normal execution)

VM Mutex/Monitor currently owned by a thread: None

Heap:
 PSYoungGen      total 293376K, used 70321K [0x00000000d5700000, 0x00000000eb900000, 0x0000000100000000)
  eden space 292864K, 23% used [0x00000000d5700000,0x00000000d9b7c548,0x00000000e7500000)
  from space 512K, 37% used [0x00000000eb880000,0x00000000eb8b0000,0x00000000eb900000)
  to   space 20480K, 0% used [0x00000000e9100000,0x00000000e9100000,0x00000000ea500000)
 ParOldGen       total 87552K, used 52956K [0x0000000080400000, 0x0000000085980000, 0x00000000d5700000)
  object space 87552K, 60% used [0x0000000080400000,0x00000000837b7028,0x0000000085980000)
 Metaspace       used 13732K, capacity 13962K, committed 14208K, reserved 1062912K
  class space    used 1584K, capacity 1653K, committed 1664K, reserved 1048576K

Card table byte_map: [0x0000000011e60000,0x0000000012260000] byte_map_base: 0x0000000011a5e000

Marking Bits: (ParMarkBitMap*) 0x000000006551a6c0
 Begin Bits: [0x0000000012b10000, 0x0000000014b00000)
 End Bits:   [0x0000000014b00000, 0x0000000016af0000)

Polling page: 0x00000000009a0000

CodeCache: size=245760Kb used=6004Kb max_used=6015Kb free=239755Kb
 bounds [0x0000000002aa0000, 0x0000000003090000, 0x0000000011aa0000]
 total_blobs=2187 nmethods=1665 adapters=443
 compilation: enabled

Compilation events (10 events):
Event: 8.903 Thread 0x0000000019995000 nmethod 1652 0x000000000307b910 code [0x000000000307ba80, 0x000000000307bd68]
Event: 9.007 Thread 0x000000001998d000 1653       4       sun.java2d.SunGraphics2D::validateColor (102 bytes)
Event: 9.012 Thread 0x000000001998d000 nmethod 1653 0x0000000003079990 code [0x0000000003079b20, 0x0000000003079f58]
Event: 9.375 Thread 0x0000000019995000 1654   !   4       java.io.BufferedWriter::write (117 bytes)
Event: 9.375 Thread 0x000000001998d000 1655       4       java.io.OutputStreamWriter::write (11 bytes)
Event: 9.380 Thread 0x0000000019995000 nmethod 1654 0x0000000003078a10 code [0x0000000003078b60, 0x00000000030793b8]
Event: 9.386 Thread 0x000000001998d000 nmethod 1655 0x000000000307fd10 code [0x000000000307fec0, 0x0000000003080e08]
Event: 9.418 Thread 0x0000000019995000 1656   !   4       sun.awt.PostEventQueue::flush (168 bytes)
Event: 9.453 Thread 0x000000001998d000 1657       4       sun.util.logging.PlatformLogger::isLoggable (38 bytes)
Event: 9.456 Thread 0x000000001998d000 nmethod 1657 0x000000000307de90 code [0x000000000307dfe0, 0x000000000307e1d8]

GC Heap History (10 events):
Event: 6.426 GC heap before
{Heap before GC invocations=13 (full 0):
 PSYoungGen      total 393216K, used 386176K [0x00000000d5700000, 0x00000000f0300000, 0x0000000100000000)
  eden space 386048K, 100% used [0x00000000d5700000,0x00000000ed000000,0x00000000ed000000)
  from space 7168K, 1% used [0x00000000efc00000,0x00000000efc20000,0x00000000f0300000)
  to   space 26112K, 0% used [0x00000000ed000000,0x00000000ed000000,0x00000000ee980000)
 ParOldGen       total 87552K, used 52820K [0x0000000080400000, 0x0000000085980000, 0x00000000d5700000)
  object space 87552K, 60% used [0x0000000080400000,0x0000000083795028,0x0000000085980000)
 Metaspace       used 13514K, capacity 13764K, committed 13952K, reserved 1060864K
  class space    used 1563K, capacity 1652K, committed 1664K, reserved 1048576K
Event: 6.427 GC heap after
Heap after GC invocations=13 (full 0):
 PSYoungGen      total 369152K, used 128K [0x00000000d5700000, 0x00000000efc80000, 0x0000000100000000)
  eden space 368640K, 0% used [0x00000000d5700000,0x00000000d5700000,0x00000000ebf00000)
  from space 512K, 25% used [0x00000000ed000000,0x00000000ed020000,0x00000000ed080000)
  to   space 25600K, 0% used [0x00000000ee380000,0x00000000ee380000,0x00000000efc80000)
 ParOldGen       total 87552K, used 52852K [0x0000000080400000, 0x0000000085980000, 0x00000000d5700000)
  object space 87552K, 60% used [0x0000000080400000,0x000000008379d028,0x0000000085980000)
 Metaspace       used 13514K, capacity 13764K, committed 13952K, reserved 1060864K
  class space    used 1563K, capacity 1652K, committed 1664K, reserved 1048576K
}
Event: 7.108 GC heap before
{Heap before GC invocations=14 (full 0):
 PSYoungGen      total 369152K, used 368768K [0x00000000d5700000, 0x00000000efc80000, 0x0000000100000000)
  eden space 368640K, 100% used [0x00000000d5700000,0x00000000ebf00000,0x00000000ebf00000)
  from space 512K, 25% used [0x00000000ed000000,0x00000000ed020000,0x00000000ed080000)
  to   space 25600K, 0% used [0x00000000ee380000,0x00000000ee380000,0x00000000efc80000)
 ParOldGen       total 87552K, used 52852K [0x0000000080400000, 0x0000000085980000, 0x00000000d5700000)
  object space 87552K, 60% used [0x0000000080400000,0x000000008379d028,0x0000000085980000)
 Metaspace       used 13514K, capacity 13764K, committed 13952K, reserved 1060864K
  class space    used 1563K, capacity 1652K, committed 1664K, reserved 1048576K
Event: 7.111 GC heap after
Heap after GC invocations=14 (full 0):
 PSYoungGen      total 352256K, used 96K [0x00000000d5700000, 0x00000000ee400000, 0x0000000100000000)
  eden space 351744K, 0% used [0x00000000d5700000,0x00000000d5700000,0x00000000eae80000)
  from space 512K, 18% used [0x00000000ee380000,0x00000000ee398000,0x00000000ee400000)
  to   space 24576K, 0% used [0x00000000eb400000,0x00000000eb400000,0x00000000ecc00000)
 ParOldGen       total 87552K, used 52860K [0x0000000080400000, 0x0000000085980000, 0x00000000d5700000)
  object space 87552K, 60% used [0x0000000080400000,0x000000008379f028,0x0000000085980000)
 Metaspace       used 13514K, capacity 13764K, committed 13952K, reserved 1060864K
  class space    used 1563K, capacity 1652K, committed 1664K, reserved 1048576K
}
Event: 7.826 GC heap before
{Heap before GC invocations=15 (full 0):
 PSYoungGen      total 352256K, used 351840K [0x00000000d5700000, 0x00000000ee400000, 0x0000000100000000)
  eden space 351744K, 100% used [0x00000000d5700000,0x00000000eae80000,0x00000000eae80000)
  from space 512K, 18% used [0x00000000ee380000,0x00000000ee398000,0x00000000ee400000)
  to   space 24576K, 0% used [0x00000000eb400000,0x00000000eb400000,0x00000000ecc00000)
 ParOldGen       total 87552K, used 52860K [0x0000000080400000, 0x0000000085980000, 0x00000000d5700000)
  object space 87552K, 60% used [0x0000000080400000,0x000000008379f028,0x0000000085980000)
 Metaspace       used 13526K, capacity 13764K, committed 13952K, reserved 1060864K
  class space    used 1563K, capacity 1652K, committed 1664K, reserved 1048576K
Event: 7.827 GC heap after
Heap after GC invocations=15 (full 0):
 PSYoungGen      total 360448K, used 160K [0x00000000d5700000, 0x00000000ee400000, 0x0000000100000000)
  eden space 335872K, 0% used [0x00000000d5700000,0x00000000d5700000,0x00000000e9f00000)
  from space 24576K, 0% used [0x00000000eb400000,0x00000000eb428000,0x00000000ecc00000)
  to   space 23552K, 0% used [0x00000000ecd00000,0x00000000ecd00000,0x00000000ee400000)
 ParOldGen       total 87552K, used 52868K [0x0000000080400000, 0x0000000085980000, 0x00000000d5700000)
  object space 87552K, 60% used [0x0000000080400000,0x00000000837a1028,0x0000000085980000)
 Metaspace       used 13526K, capacity 13764K, committed 13952K, reserved 1060864K
  class space    used 1563K, capacity 1652K, committed 1664K, reserved 1048576K
}
Event: 8.536 GC heap before
{Heap before GC invocations=16 (full 0):
 PSYoungGen      total 360448K, used 336032K [0x00000000d5700000, 0x00000000ee400000, 0x0000000100000000)
  eden space 335872K, 100% used [0x00000000d5700000,0x00000000e9f00000,0x00000000e9f00000)
  from space 24576K, 0% used [0x00000000eb400000,0x00000000eb428000,0x00000000ecc00000)
  to   space 23552K, 0% used [0x00000000ecd00000,0x00000000ecd00000,0x00000000ee400000)
 ParOldGen       total 87552K, used 52868K [0x0000000080400000, 0x0000000085980000, 0x00000000d5700000)
  object space 87552K, 60% used [0x0000000080400000,0x00000000837a1028,0x0000000085980000)
 Metaspace       used 13531K, capacity 13764K, committed 13952K, reserved 1060864K
  class space    used 1563K, capacity 1652K, committed 1664K, reserved 1048576K
Event: 8.539 GC heap after
Heap after GC invocations=16 (full 0):
 PSYoungGen      total 321536K, used 192K [0x00000000d5700000, 0x00000000ecd80000, 0x0000000100000000)
  eden space 321024K, 0% used [0x00000000d5700000,0x00000000d5700000,0x00000000e9080000)
  from space 512K, 37% used [0x00000000ecd00000,0x00000000ecd30000,0x00000000ecd80000)
  to   space 22528K, 0% used [0x00000000ea180000,0x00000000ea180000,0x00000000eb780000)
 ParOldGen       total 87552K, used 52892K [0x0000000080400000, 0x0000000085980000, 0x00000000d5700000)
  object space 87552K, 60% used [0x0000000080400000,0x00000000837a7028,0x0000000085980000)
 Metaspace       used 13531K, capacity 13764K, committed 13952K, reserved 1060864K
  class space    used 1563K, capacity 1652K, committed 1664K, reserved 1048576K
}
Event: 9.108 GC heap before
{Heap before GC invocations=17 (full 0):
 PSYoungGen      total 321536K, used 321216K [0x00000000d5700000, 0x00000000ecd80000, 0x0000000100000000)
  eden space 321024K, 100% used [0x00000000d5700000,0x00000000e9080000,0x00000000e9080000)
  from space 512K, 37% used [0x00000000ecd00000,0x00000000ecd30000,0x00000000ecd80000)
  to   space 22528K, 0% used [0x00000000ea180000,0x00000000ea180000,0x00000000eb780000)
 ParOldGen       total 87552K, used 52892K [0x0000000080400000, 0x0000000085980000, 0x00000000d5700000)
  object space 87552K, 60% used [0x0000000080400000,0x00000000837a7028,0x0000000085980000)
 Metaspace       used 13732K, capacity 13962K, committed 14208K, reserved 1062912K
  class space    used 1584K, capacity 1653K, committed 1664K, reserved 1048576K
Event: 9.109 GC heap after
Heap after GC invocations=17 (full 0):
 PSYoungGen      total 329216K, used 160K [0x00000000d5700000, 0x00000000ecd80000, 0x0000000100000000)
  eden space 306688K, 0% used [0x00000000d5700000,0x00000000d5700000,0x00000000e8280000)
  from space 22528K, 0% used [0x00000000ea180000,0x00000000ea1a8000,0x00000000eb780000)
  to   space 21504K, 0% used [0x00000000eb880000,0x00000000eb880000,0x00000000ecd80000)
 ParOldGen       total 87552K, used 52908K [0x0000000080400000, 0x0000000085980000, 0x00000000d5700000)
  object space 87552K, 60% used [0x0000000080400000,0x00000000837ab028,0x0000000085980000)
 Metaspace       used 13732K, capacity 13962K, committed 14208K, reserved 1062912K
  class space    used 1584K, capacity 1653K, committed 1664K, reserved 1048576K
}

Deoptimization events (10 events):
Event: 9.359 Thread 0x000000001d26b000 Uncommon trap: reason=unhandled action=none pc=0x0000000002f03c14 method=java.util.ArrayList.rangeCheck(I)V @ 20
Event: 9.376 Thread 0x000000001d26b000 Uncommon trap: reason=unhandled action=none pc=0x0000000002f03c14 method=java.util.ArrayList.rangeCheck(I)V @ 20
Event: 9.393 Thread 0x000000001d26b000 Uncommon trap: reason=unhandled action=none pc=0x0000000002f03c14 method=java.util.ArrayList.rangeCheck(I)V @ 20
Event: 9.409 Thread 0x000000001d26b000 Uncommon trap: reason=unhandled action=none pc=0x0000000002f03c14 method=java.util.ArrayList.rangeCheck(I)V @ 20
Event: 9.426 Thread 0x000000001d26b000 Uncommon trap: reason=unhandled action=none pc=0x0000000002f03c14 method=java.util.ArrayList.rangeCheck(I)V @ 20
Event: 9.442 Thread 0x000000001d26b000 Uncommon trap: reason=unhandled action=none pc=0x0000000002f03c14 method=java.util.ArrayList.rangeCheck(I)V @ 20
Event: 9.458 Thread 0x000000001d26b000 Uncommon trap: reason=unhandled action=none pc=0x0000000002f03c14 method=java.util.ArrayList.rangeCheck(I)V @ 20
Event: 9.477 Thread 0x000000001d26b000 Uncommon trap: reason=unhandled action=none pc=0x0000000002f03c14 method=java.util.ArrayList.rangeCheck(I)V @ 20
Event: 9.493 Thread 0x000000001d26b000 Uncommon trap: reason=unhandled action=none pc=0x0000000002f03c14 method=java.util.ArrayList.rangeCheck(I)V @ 20
Event: 9.511 Thread 0x000000001d26b000 Uncommon trap: reason=unhandled action=none pc=0x0000000002f03c14 method=java.util.ArrayList.rangeCheck(I)V @ 20

Internal exceptions (10 events):
Event: 0.302 Thread 0x00000000029a5800 Exception <a 'java/lang/NoSuchFieldError': method resolution failed> (0x00000000d5a5a498) thrown at [C:\re\workspace\8-2-build-windows-amd64-cygwin\jdk8u111\7883\hotspot\src\share\vm\prims\methodHandles.cpp, line 1146]
Event: 0.306 Thread 0x00000000029a5800 Exception <a 'java/lang/NoSuchFieldError': method resolution failed> (0x00000000d5a67868) thrown at [C:\re\workspace\8-2-build-windows-amd64-cygwin\jdk8u111\7883\hotspot\src\share\vm\prims\methodHandles.cpp, line 1146]
Event: 1.665 Thread 0x00000000029a5800 Exception <a 'java/io/FileNotFoundException'> (0x00000000d6cdada0) thrown at [C:\re\workspace\8-2-build-windows-amd64-cygwin\jdk8u111\7883\hotspot\src\share\vm\prims\jni.cpp, line 709]
Event: 1.809 Thread 0x00000000029a5800 Implicit null exception at 0x0000000002cfe4d9 to 0x0000000002cfea0d
Event: 1.809 Thread 0x00000000029a5800 Implicit null exception at 0x0000000002cb6559 to 0x0000000002cb6a49
Event: 1.812 Thread 0x00000000029a5800 Implicit null exception at 0x0000000002cf4b36 to 0x0000000002cf4ff9
Event: 1.881 Thread 0x00000000029a5800 Exception <a 'java/lang/NullPointerException'> (0x00000000d6fa3a60) thrown at [C:\re\workspace\8-2-build-windows-amd64-cygwin\jdk8u111\7883\hotspot\src\share\vm\interpreter\linkResolver.cpp, line 1178]
Event: 1.884 Thread 0x00000000029a5800 Exception <a 'java/lang/NullPointerException'> (0x00000000d6fc8190) thrown at [C:\re\workspace\8-2-build-windows-amd64-cygwin\jdk8u111\7883\hotspot\src\share\vm\interpreter\linkResolver.cpp, line 1178]
Event: 1.887 Thread 0x00000000029a5800 Exception <a 'java/lang/NullPointerException'> (0x00000000d6fe8328) thrown at [C:\re\workspace\8-2-build-windows-amd64-cygwin\jdk8u111\7883\hotspot\src\share\vm\interpreter\linkResolver.cpp, line 1178]
Event: 1.907 Thread 0x00000000029a5800 Exception <a 'java/lang/NullPointerException'> (0x00000000d70642e0) thrown at [C:\re\workspace\8-2-build-windows-amd64-cygwin\jdk8u111\7883\hotspot\src\share\vm\interpreter\linkResolver.cpp, line 1178]

Events (10 events):
Event: 9.493 Thread 0x000000001d26b000 Uncommon trap: trap_request=0xffffffa7 fr.pc=0x0000000002f03c14
Event: 9.493 Thread 0x000000001d26b000 DEOPT PACKING pc=0x0000000002f03c14 sp=0x000000002702ed40
Event: 9.493 Thread 0x000000001d26b000 DEOPT UNPACKING pc=0x0000000002ae582a sp=0x000000002702ec98 mode 2
Event: 9.493 Thread 0x000000001d26b000 DEOPT PACKING pc=0x0000000003063624 sp=0x000000002702ed90
Event: 9.493 Thread 0x000000001d26b000 DEOPT UNPACKING pc=0x0000000002ae747f sp=0x000000002702eac8 mode 1
Event: 9.511 Thread 0x000000001d26b000 Uncommon trap: trap_request=0xffffffa7 fr.pc=0x0000000002f03c14
Event: 9.511 Thread 0x000000001d26b000 DEOPT PACKING pc=0x0000000002f03c14 sp=0x000000002702ed40
Event: 9.511 Thread 0x000000001d26b000 DEOPT UNPACKING pc=0x0000000002ae582a sp=0x000000002702ec98 mode 2
Event: 9.511 Thread 0x000000001d26b000 DEOPT PACKING pc=0x0000000003063624 sp=0x000000002702ed90
Event: 9.511 Thread 0x000000001d26b000 DEOPT UNPACKING pc=0x0000000002ae747f sp=0x000000002702eac8 mode 1


Dynamic libraries:
0x00007ff7d3710000 - 0x00007ff7d3747000 	C:\Program Files\Java\jre1.8.0_111\bin\javaw.exe
0x00007ffcd8580000 - 0x00007ffcd875b000 	C:\WINDOWS\SYSTEM32\ntdll.dll
0x00007ffcd8060000 - 0x00007ffcd810e000 	C:\WINDOWS\System32\KERNEL32.DLL
0x00007ffcd4c40000 - 0x00007ffcd4e89000 	C:\WINDOWS\System32\KERNELBASE.dll
0x00007ffcd7ca0000 - 0x00007ffcd7d41000 	C:\WINDOWS\System32\ADVAPI32.dll
0x00007ffcd7370000 - 0x00007ffcd740d000 	C:\WINDOWS\System32\msvcrt.dll
0x00007ffcd6fd0000 - 0x00007ffcd7029000 	C:\WINDOWS\System32\sechost.dll
0x00007ffcd7d50000 - 0x00007ffcd7e75000 	C:\WINDOWS\System32\RPCRT4.dll
0x00007ffcd7e80000 - 0x00007ffcd7fca000 	C:\WINDOWS\System32\USER32.dll
0x00007ffcd4aa0000 - 0x00007ffcd4abe000 	C:\WINDOWS\System32\win32u.dll
0x00007ffcd7fd0000 - 0x00007ffcd7ff7000 	C:\WINDOWS\System32\GDI32.dll
0x00007ffcd57b0000 - 0x00007ffcd5937000 	C:\WINDOWS\System32\gdi32full.dll
0x00007ffcd5940000 - 0x00007ffcd59da000 	C:\WINDOWS\System32\msvcp_win.dll
0x00007ffcd59e0000 - 0x00007ffcd5ad6000 	C:\WINDOWS\System32\ucrtbase.dll
0x00007ffcca520000 - 0x00007ffcca787000 	C:\WINDOWS\WinSxS\amd64_microsoft.windows.common-controls_6595b64144ccf1df_6.0.15063.483_none_26002d27e7c744a2\COMCTL32.dll
0x00007ffcd8110000 - 0x00007ffcd8409000 	C:\WINDOWS\System32\combase.dll
0x00007ffcd4bd0000 - 0x00007ffcd4c3a000 	C:\WINDOWS\System32\bcryptPrimitives.dll
0x00007ffcd8410000 - 0x00007ffcd843d000 	C:\WINDOWS\System32\IMM32.DLL
0x00000000648c0000 - 0x0000000064992000 	C:\Program Files\Java\jre1.8.0_111\bin\msvcr100.dll
0x0000000064d00000 - 0x000000006559a000 	C:\Program Files\Java\jre1.8.0_111\bin\server\jvm.dll
0x00007ffcd75b0000 - 0x00007ffcd75b8000 	C:\WINDOWS\System32\PSAPI.DLL
0x00007ffcc8f30000 - 0x00007ffcc8f39000 	C:\WINDOWS\SYSTEM32\WSOCK32.dll
0x00007ffcd7c30000 - 0x00007ffcd7c9c000 	C:\WINDOWS\System32\WS2_32.dll
0x00007ffccaea0000 - 0x00007ffccaec3000 	C:\WINDOWS\SYSTEM32\WINMM.dll
0x00007ffcd0a90000 - 0x00007ffcd0a9a000 	C:\WINDOWS\SYSTEM32\VERSION.dll
0x00007ffcca380000 - 0x00007ffcca3ab000 	C:\WINDOWS\SYSTEM32\winmmbase.dll
0x00007ffcd5760000 - 0x00007ffcd57a9000 	C:\WINDOWS\System32\cfgmgr32.dll
0x0000000064cf0000 - 0x0000000064cff000 	C:\Program Files\Java\jre1.8.0_111\bin\verify.dll
0x0000000064cc0000 - 0x0000000064ce9000 	C:\Program Files\Java\jre1.8.0_111\bin\java.dll
0x0000000064880000 - 0x00000000648b5000 	C:\Program Files\Java\jre1.8.0_111\bin\jdwp.dll
0x0000000064870000 - 0x0000000064878000 	C:\Program Files\Java\jre1.8.0_111\bin\npt.dll
0x0000000064ca0000 - 0x0000000064cb6000 	C:\Program Files\Java\jre1.8.0_111\bin\zip.dll
0x00007ffcd5b90000 - 0x00007ffcd6fc6000 	C:\WINDOWS\System32\SHELL32.dll
0x00007ffcd7680000 - 0x00007ffcd772a000 	C:\WINDOWS\System32\shcore.dll
0x00007ffcd5060000 - 0x00007ffcd5751000 	C:\WINDOWS\System32\windows.storage.dll
0x00007ffcd8000000 - 0x00007ffcd8051000 	C:\WINDOWS\System32\shlwapi.dll
0x00007ffcd49f0000 - 0x00007ffcd4a01000 	C:\WINDOWS\System32\kernel.appcore.dll
0x00007ffcd4a50000 - 0x00007ffcd4a9c000 	C:\WINDOWS\System32\powrprof.dll
0x00007ffcd4a30000 - 0x00007ffcd4a45000 	C:\WINDOWS\System32\profapi.dll
0x0000000064860000 - 0x0000000064869000 	C:\Program Files\Java\jre1.8.0_111\bin\dt_socket.dll
0x00007ffcc2d60000 - 0x00007ffcc2d76000 	C:\WINDOWS\system32\napinsp.dll
0x00007ffcc2d40000 - 0x00007ffcc2d5a000 	C:\WINDOWS\system32\pnrpnsp.dll
0x00007ffcd0a70000 - 0x00007ffcd0a88000 	C:\WINDOWS\system32\NLAapi.dll
0x00007ffcd42a0000 - 0x00007ffcd42fc000 	C:\WINDOWS\System32\mswsock.dll
0x00007ffcd4080000 - 0x00007ffcd4124000 	C:\WINDOWS\SYSTEM32\DNSAPI.dll
0x00007ffcd5b80000 - 0x00007ffcd5b88000 	C:\WINDOWS\System32\NSI.dll
0x00007ffcd4040000 - 0x00007ffcd4077000 	C:\WINDOWS\SYSTEM32\IPHLPAPI.DLL
0x00007ffcc2cf0000 - 0x00007ffcc2cfe000 	C:\WINDOWS\System32\winrnr.dll
0x00000000665f0000 - 0x0000000066616000 	C:\Program Files\Bonjour\mdnsNSP.dll
0x00007ffccedb0000 - 0x00007ffccee1b000 	C:\WINDOWS\System32\fwpuclnt.dll
0x00007ffcd48c0000 - 0x00007ffcd48e5000 	C:\WINDOWS\SYSTEM32\bcrypt.dll
0x00007ffcc9f50000 - 0x00007ffcc9f5a000 	C:\Windows\System32\rasadhlp.dll
0x0000000064ac0000 - 0x0000000064c58000 	C:\Program Files\Java\jre1.8.0_111\bin\awt.dll
0x00007ffcd7b70000 - 0x00007ffcd7c30000 	C:\WINDOWS\System32\OLEAUT32.dll
0x00007ffcd3230000 - 0x00007ffcd32ae000 	C:\WINDOWS\SYSTEM32\apphelp.dll
0x0000000064850000 - 0x000000006485c000 	C:\Program Files\Java\jre1.8.0_111\bin\jsound.dll
0x0000000064840000 - 0x000000006484b000 	C:\Program Files\Java\jre1.8.0_111\bin\jsoundds.dll
0x00007ffcd7030000 - 0x00007ffcd7175000 	C:\WINDOWS\System32\ole32.dll
0x00007ffcc45d0000 - 0x00007ffcc465c000 	C:\WINDOWS\SYSTEM32\DSOUND.dll
0x00007ffcd32f0000 - 0x00007ffcd3385000 	C:\WINDOWS\system32\uxtheme.dll
0x00007ffccff10000 - 0x00007ffccff77000 	C:\WINDOWS\SYSTEM32\MMDevAPI.DLL
0x00007ffcd0ea0000 - 0x00007ffcd1036000 	C:\WINDOWS\SYSTEM32\PROPSYS.dll
0x00007ffcd3570000 - 0x00007ffcd3598000 	C:\WINDOWS\SYSTEM32\DEVOBJ.dll
0x00007ffcb2c20000 - 0x00007ffcb2c48000 	c:\program files\nvidia corporation\nvstreamsrv\nvinject.dll
0x00007ffcc7030000 - 0x00007ffcc7071000 	C:\WINDOWS\SYSTEM32\wdmaud.drv
0x00007ffcce570000 - 0x00007ffcce57b000 	C:\WINDOWS\SYSTEM32\AVRT.dll
0x00007ffcc7260000 - 0x00007ffcc7269000 	C:\WINDOWS\SYSTEM32\ksuser.dll
0x00007ffcaea50000 - 0x00007ffcaeb39000 	C:\Program Files (x86)\Stardock\Fences\FencesMenu64.dll
0x00007ffcd4920000 - 0x00007ffcd4949000 	C:\WINDOWS\SYSTEM32\USERENV.dll
0x00007ffcd18a0000 - 0x00007ffcd18b3000 	C:\WINDOWS\SYSTEM32\WTSAPI32.dll
0x00007ffccbf40000 - 0x00007ffccc0d5000 	C:\WINDOWS\WinSxS\amd64_microsoft.windows.gdiplus_6595b64144ccf1df_1.1.15063.608_none_56f0266b425534e9\gdiplus.dll
0x00007ffcce5b0000 - 0x00007ffcce6b5000 	C:\WINDOWS\SYSTEM32\AUDIOSES.DLL
0x00007ffcce430000 - 0x00007ffcce569000 	C:\WINDOWS\SYSTEM32\wintypes.dll
0x00007ffcc7250000 - 0x00007ffcc725d000 	C:\WINDOWS\SYSTEM32\msacm32.drv
0x00007ffcc6c90000 - 0x00007ffcc6cac000 	C:\WINDOWS\SYSTEM32\MSACM32.dll
0x00007ffcc6f40000 - 0x00007ffcc6f4a000 	C:\WINDOWS\SYSTEM32\midimap.dll
0x00007ffcd5ae0000 - 0x00007ffcd5b7e000 	C:\WINDOWS\System32\clbcatq.dll
0x00007ffcd4440000 - 0x00007ffcd4457000 	C:\WINDOWS\SYSTEM32\CRYPTSP.dll
0x00007ffcd3ec0000 - 0x00007ffcd3ef4000 	C:\WINDOWS\system32\rsaenh.dll
0x00007ffcd4460000 - 0x00007ffcd446b000 	C:\WINDOWS\SYSTEM32\CRYPTBASE.dll
0x0000000064c80000 - 0x0000000064c9a000 	C:\Program Files\Java\jre1.8.0_111\bin\net.dll
0x00007ffccf940000 - 0x00007ffccf956000 	C:\WINDOWS\SYSTEM32\dhcpcsvc6.DLL
0x00007ffccfef0000 - 0x00007ffccff0a000 	C:\WINDOWS\SYSTEM32\dhcpcsvc.DLL
0x0000000064c60000 - 0x0000000064c71000 	C:\Program Files\Java\jre1.8.0_111\bin\nio.dll
0x00007ffcc2b50000 - 0x00007ffcc2b7a000 	C:\WINDOWS\system32\DWMAPI.DLL
0x00007ffcd7180000 - 0x00007ffcd72e6000 	C:\WINDOWS\System32\MSCTF.dll
0x00007ffcacab0000 - 0x00007ffcacc39000 	C:\WINDOWS\system32\d3d9.dll
0x00007ffcc0d70000 - 0x00007ffcc0e5a000 	C:\WINDOWS\System32\DriverStore\FileRepository\nv_dispi.inf_amd64_d0a31ff5946203b6\nvldumdx.dll
0x00007ffcd4e90000 - 0x00007ffcd5059000 	C:\WINDOWS\System32\crypt32.dll
0x00007ffcd4a10000 - 0x00007ffcd4a21000 	C:\WINDOWS\System32\MSASN1.dll
0x00007ffcd4ac0000 - 0x00007ffcd4b16000 	C:\WINDOWS\System32\WINTRUST.DLL
0x00007ffcd8440000 - 0x00007ffcd845d000 	C:\WINDOWS\System32\imagehlp.dll
0x00007ffc98ce0000 - 0x00007ffc99eb5000 	C:\WINDOWS\System32\DriverStore\FileRepository\nv_dispi.inf_amd64_d0a31ff5946203b6\nvd3dumx.dll
0x00007ffcbed00000 - 0x00007ffcbedeb000 	C:\Program Files (x86)\NVIDIA Corporation\3D Vision\nvSCPAPI64.dll
0x00007ffcd7730000 - 0x00007ffcd7b6b000 	C:\WINDOWS\System32\SETUPAPI.dll
0x00007ffcb2900000 - 0x00007ffcb2abd000 	C:\WINDOWS\system32\nvspcap64.dll
0x00007ffcd3c00000 - 0x00007ffcd3c31000 	C:\WINDOWS\SYSTEM32\ntmarta.dll
0x0000000064a70000 - 0x0000000064ab7000 	C:\Program Files\Java\jre1.8.0_111\bin\fontmanager.dll
0x00007ffcc2360000 - 0x00007ffcc23e2000 	C:\WINDOWS\System32\TextInputFramework.dll
0x00007ffcc2080000 - 0x00007ffcc2352000 	C:\WINDOWS\System32\CoreUIComponents.dll
0x00007ffcd2b80000 - 0x00007ffcd2c63000 	C:\WINDOWS\System32\CoreMessaging.dll
0x00007ffcc5d80000 - 0x00007ffcc5d95000 	C:\WINDOWS\SYSTEM32\usermgrcli.dll
0x00000000646e0000 - 0x000000006483e000 	C:\Program Files\Microsoft SQL Server\100\Shared\dbghelp.dll

VM Arguments:
jvm_args: -agentlib:jdwp=transport=dt_socket,suspend=y,address=localhost:3409 -Dfile.encoding=Cp1252 
java_command: com.IB.SL.Boot -resizeable -Dorg.lwjgl.util.Debug=true
java_class_path (initial): D:\Dev\Square Legacy 2\Square-Legacy-2\Game\bin;D:\Dev\Square Legacy 2\Square-Legacy-2\Game\res;D:\Dev\Square Legacy 2\Square-Legacy-2\Game\lib\easyogg.jar;D:\Dev\Square Legacy 2\Square-Legacy-2\Game\lib\jogg-0.0.7.jar;D:\Dev\Square Legacy 2\Square-Legacy-2\Game\lib\jorbis-0.0.15.jar;D:\Dev\Square Legacy 2\Square-Legacy-2\Game\lib\startup2.jar;D:\Dev\Square Legacy 2\Square-Legacy-2\Game\lib\lwjgl3\lwjgl.jar;D:\Dev\Square Legacy 2\Square-Legacy-2\Game\lib\lwjgl3\lwjgl-assimp.jar;D:\Dev\Square Legacy 2\Square-Legacy-2\Game\lib\lwjgl3\lwjgl-assimp-natives-windows.jar;D:\Dev\Square Legacy 2\Square-Legacy-2\Game\lib\lwjgl3\lwjgl-bgfx.jar;D:\Dev\Square Legacy 2\Square-Legacy-2\Game\lib\lwjgl3\lwjgl-bgfx-natives-windows.jar;D:\Dev\Square Legacy 2\Square-Legacy-2\Game\lib\lwjgl3\lwjgl-egl.jar;D:\Dev\Square Legacy 2\Square-Legacy-2\Game\lib\lwjgl3\lwjgl-glfw.jar;D:\Dev\Square Legacy 2\Square-Legacy-2\Game\lib\lwjgl3\lwjgl-glfw-javadoc.jar;D:\Dev\Square Legacy 2\Square-Legacy-2\Game\lib\lwjgl3\lwjgl-glfw-natives-windows.jar;D:\Dev\Square Legacy 2\Square-Legacy-2\Game\lib\lwjgl3\lwjgl-jawt.jar;D:\Dev\Square Legacy 2\Square-Legacy-2\Game\lib\lwjgl3\lwjgl-jemalloc.jar;D:\Dev\Square Legacy 2\Square-Legacy-2\Game\lib\lwjgl3\lwjgl-jemalloc-natives-windows.jar;D:\Dev\Square Legacy 2\Square-Legacy-2\Game\lib\lwjgl3\lwjgl-lmdb.jar;D:\Dev\Square Legacy 2\Square-Legacy-2\Game\lib\lwjgl3\lwjgl-lmdb-natives-windows.jar;D:\Dev\Square Legacy 2\Square-Legacy-2\Game\lib\lwjgl3\lwjgl-nanovg.jar;D:\Dev\Square Legacy 2\Square-Legacy-2\Game\lib\lwjgl3\lwjgl-nanovg-natives-windows.jar;D:\Dev\Square Legacy 2\Square-Legacy-2\Game\lib\lwjgl3\lwjgl-natives-windows.jar;D:\Dev\Square Legacy 2\Square-Legacy-2\Game\lib\lwjgl3\lwjgl-nfd.jar;D:\Dev\Square Legacy 2\Square-Legacy-2\Game\lib\lwjgl3\lwjgl-nfd-natives-windows.jar;D:\Dev\Square Legacy 2\Square-Legacy-2\Game\lib\lwjgl3\lwjgl-nuklear.jar;D:\Dev\Square Legacy 2\Square-Legacy-2\Game\lib\lwjgl3\lwjgl-nuklear-natives-window
Launcher Type: SUN_STANDARD

Environment Variables:
PATH=C:/Program Files/Java/jre1.8.0_111/bin/server;C:/Program Files/Java/jre1.8.0_111/bin;C:/Program Files/Java/jre1.8.0_111/lib/amd64;C:\ProgramData\Oracle\Java\javapath;C:\WINDOWS\system32;C:\WINDOWS;C:\WINDOWS\System32\Wbem;C:\WINDOWS\System32\WindowsPowerShell\v1.0\;C:\Program Files\Microsoft SQL Server\130\Tools\Binn\;C:\Program Files\dotnet\;C:\Program Files (x86)\GtkSharp\2.12\bin;C:\wamp64_\bin\php\php5.6.25;C:\ProgramData\ComposerSetup\bin;C:\Program Files (x86)\Common Files\Adobe\AGL;C:\Program Files (x86)\Windows Kits\8.1\Windows Performance Toolkit\;C:\Program Files (x86)\Microsoft SQL Server\100\Tools\Binn\;C:\Program Files\Microsoft SQL Server\100\Tools\Binn\;C:\Program Files\Microsoft SQL Server\100\DTS\Binn\;C:\Program Files (x86)\NVIDIA Corporation\PhysX\Common;C:\Program Files\nodejs\;C:\Program Files\MongoDB\Server\3.4\bin;C:\Users\Nate\AppData\Local\Microsoft\WindowsApps;C:\Users\Nate\AppData\Roaming\Composer\vendor\bin;C:\Users\Nate\AppData\Roaming\npm;C:\Users\Nate\eclipse\java-oxygen\eclipse;
USERNAME=Nate
OS=Windows_NT
PROCESSOR_IDENTIFIER=AMD64 Family 21 Model 2 Stepping 0, AuthenticAMD



---------------  S Y S T E M  ---------------

OS: Windows 10.0 , 64 bit Build 15063 (10.0.15063.296)

CPU:total 6 (6 cores per cpu, 1 threads per core) family 21 model 2 stepping 0, cmov, cx8, fxsr, mmx, sse, sse2, sse3, ssse3, sse4.1, sse4.2, popcnt, avx, aes, clmul, mmxext, 3dnowpref, lzcnt, sse4a, tsc, tscinvbit, tscinv, bmi1

Memory: 4k page, physical 8369704k(2936244k free), swap 15537704k(7771532k free)

vm_info: Java HotSpot(TM) 64-Bit Server VM (25.111-b14) for windows-amd64 JRE (1.8.0_111-b14), built on Sep 22 2016 19:24:05 by "java_re" with MS VC++ 10.0 (VS2010)

time: Sat Nov 18 22:54:16 2017
elapsed time: 9 seconds (0d 0h 0m 9s)

