#
# A fatal error has been detected by the Java Runtime Environment:
#
#  EXCEPTION_ACCESS_VIOLATION (0xc0000005) at pc=0x00000000738eeba7, pid=6296, tid=0x0000000000000d70
#
# JRE version: Java(TM) SE Runtime Environment (8.0_151-b12) (build 1.8.0_151-b12)
# Java VM: Java HotSpot(TM) 64-Bit Server VM (25.151-b12 mixed mode windows-amd64 compressed oops)
# Problematic frame:
# V  [jvm.dll+0x13eba7]
#
# Failed to write core dump. Minidumps are not enabled by default on client versions of Windows
#
# If you would like to submit a bug report, please visit:
#   http://bugreport.java.com/bugreport/crash.jsp
#

---------------  T H R E A D  ---------------

Current thread (0x000000001d16f800):  JavaThread "Game" [_thread_in_vm, id=3440, stack(0x00000000264f0000,0x00000000265f0000)]

siginfo: ExceptionCode=0xc0000005, reading address 0x0000000000000000

Registers:
RAX=0x0000000000000000, RBX=0x000000001d16f800, RCX=0x0000000000000f80, RDX=0x000000001d168970
RSP=0x00000000265ee6e0, RBP=0x0000000000000000, RSI=0x000000001d168970, RDI=0x0000000000000201
R8 =0x0000000000000000, R9 =0x00000000d5ec52a8, R10=0x0000000004f809a0, R11=0x00000000739db4d0
R12=0x0000000000000000, R13=0x00000000199e7968, R14=0x00000000265ee9d8, R15=0x000000001d16f800
RIP=0x00000000738eeba7, EFLAGS=0x0000000000010202

Top of Stack: (sp=0x00000000265ee6e0)
0x00000000265ee6e0:   000090545b685408 00000000265ee790
0x00000000265ee6f0:   000000000000026a 0000000000000108
0x00000000265ee700:   000000000000026a 0000000180001419
0x00000000265ee710:   00000000199e7968 00000000265ee790
0x00000000265ee720:   0000000000000108 00000000199e7968
0x00000000265ee730:   0000000000000000 0000000004f809a0
0x00000000265ee740:   00000000739db4d0 00000001800012c2
0x00000000265ee750:   00000000739db4d0 0000000180001289
0x00000000265ee760:   00000000199e7968 0000000000000000
0x00000000265ee770:   d5ec44c0d5ec4478 00000000d5ec5068
0x00000000265ee780:   00000000d5ec4310 0000000000000068
0x00000000265ee790:   0000000000000000 00000000d5ec4310
0x00000000265ee7a0:   0000006c00000000 00000000d5ec43f8
0x00000000265ee7b0:   00000000265ee760 0000000000000000
0x00000000265ee7c0:   0000000000000000 0000000000000000
0x00000000265ee7d0:   00000000265ee750 00000000d5ec4310 

Instructions: (pc=0x00000000738eeba7)
0x00000000738eeb87:   00 00 00 30 74 08 48 8b cb e8 8b 39 10 00 c7 83
0x00000000738eeb97:   70 02 00 00 06 00 00 00 40 b7 01 48 85 f6 74 60
0x00000000738eeba7:   48 8b 4d 00 40 32 ff e8 ad 9a f2 ff 48 8b d0 48
0x00000000738eebb7:   85 c0 74 4c 40 38 3d 1f f9 6c 00 4c 8b 06 74 16 


Register to memory mapping:

RAX=0x0000000000000000 is an unknown value
RBX=0x000000001d16f800 is a thread
RCX=0x0000000000000f80 is an unknown value
RDX=0x000000001d168970 is an unknown value
RSP=0x00000000265ee6e0 is pointing into the stack for thread: 0x000000001d16f800
RBP=0x0000000000000000 is an unknown value
RSI=0x000000001d168970 is an unknown value
RDI=0x0000000000000201 is an unknown value
R8 =0x0000000000000000 is an unknown value
R9 =0x00000000d5ec52a8 is an oop
[Ljava.lang.Object; 
 - klass: 'java/lang/Object'[]
 - length: 1
R10=0x0000000004f809a0 is at code_begin+1632 in an Interpreter codelet
method entry point (kind = native)  [0x0000000004f80340, 0x0000000004f81360]  4128 bytes
R11=0x00000000739db4d0 is an unknown value
R12=0x0000000000000000 is an unknown value
R13={method} {0x00000000199e7970} 'invokeVoid' '(I[Ljava/lang/Object;)V' in 'com/sun/jna/Function'
R14=0x00000000265ee9d8 is pointing into the stack for thread: 0x000000001d16f800
R15=0x000000001d16f800 is a thread


Stack: [0x00000000264f0000,0x00000000265f0000],  sp=0x00000000265ee6e0,  free space=1017k
Native frames: (J=compiled Java code, j=interpreted, Vv=VM code, C=native code)

Java frames: (J=compiled Java code, j=interpreted, Vv=VM code)
j  com.sun.jna.Function.invokeVoid(I[Ljava/lang/Object;)V+0
j  com.sun.jna.Function.invoke([Ljava/lang/Object;Ljava/lang/Class;Z)Ljava/lang/Object;+45
j  com.sun.jna.Function.invoke(Ljava/lang/Class;[Ljava/lang/Object;Ljava/util/Map;)Ljava/lang/Object;+214
j  com.sun.jna.Library$Handler.invoke(Ljava/lang/Object;Ljava/lang/reflect/Method;[Ljava/lang/Object;)Ljava/lang/Object;+341
j  net.arikia.dev.drpc.$Proxy0.Discord_UpdatePresence(Lnet/arikia/dev/drpc/DiscordRichPresence;)V+16
j  net.arikia.dev.drpc.DiscordRPC.discordUpdatePresence(Lnet/arikia/dev/drpc/DiscordRichPresence;)V+4
j  com.IB.SL.Game.createNewPresence()V+87
j  com.IB.SL.entity.mob.Player.update()V+675
j  com.IB.SL.entity.mob.PlayerMP.update()V+1
J 1808 C1 com.IB.SL.level.Level.update()V (600 bytes) @ 0x00000000056b7d04 [0x00000000056b6160+0x1ba4]
J 1849 C1 com.IB.SL.Game.update()V (22 bytes) @ 0x00000000056ee284 [0x00000000056edc20+0x664]
j  com.IB.SL.Game.run()V+57
j  java.lang.Thread.run()V+11
v  ~StubRoutines::call_stub

---------------  P R O C E S S  ---------------

Java Threads: ( => current thread )
  0x000000001d592000 JavaThread "Thread-2" daemon [_thread_in_native, id=1784, stack(0x000000002a1e0000,0x000000002a2e0000)]
  0x000000001d593800 JavaThread "LUA For /XML/Levels/a10/script.lua" [_thread_in_Java, id=5764, stack(0x0000000028e10000,0x0000000028f10000)]
  0x0000000004e65800 JavaThread "DestroyJavaVM" [_thread_blocked, id=2840, stack(0x0000000004d60000,0x0000000004e60000)]
=>0x000000001d16f800 JavaThread "Game" [_thread_in_vm, id=3440, stack(0x00000000264f0000,0x00000000265f0000)]
  0x000000001d172000 JavaThread "Image Fetcher 0" daemon [_thread_blocked, id=13708, stack(0x0000000025af0000,0x0000000025bf0000)]
  0x000000001d0ed000 JavaThread "AWT-EventQueue-0" [_thread_blocked, id=15172, stack(0x00000000259f0000,0x0000000025af0000)]
  0x000000001d737000 JavaThread "AWT-Shutdown" [_thread_blocked, id=4796, stack(0x000000001e540000,0x000000001e640000)]
  0x000000001cda9800 JavaThread "Java2D Disposer" daemon [_thread_blocked, id=2324, stack(0x000000001e3a0000,0x000000001e4a0000)]
  0x000000001bedb800 JavaThread "Service Thread" daemon [_thread_blocked, id=13444, stack(0x000000001c740000,0x000000001c840000)]
  0x000000001be59000 JavaThread "C1 CompilerThread2" daemon [_thread_blocked, id=7276, stack(0x000000001c640000,0x000000001c740000)]
  0x000000001be53000 JavaThread "C2 CompilerThread1" daemon [_thread_blocked, id=8584, stack(0x000000001c540000,0x000000001c640000)]
  0x000000001be4f000 JavaThread "C2 CompilerThread0" daemon [_thread_blocked, id=11616, stack(0x000000001c440000,0x000000001c540000)]
  0x000000001be44800 JavaThread "JDWP Command Reader" daemon [_thread_in_native, id=8756, stack(0x000000001c340000,0x000000001c440000)]
  0x000000001be43800 JavaThread "JDWP Event Helper Thread" daemon [_thread_blocked, id=13476, stack(0x000000001c240000,0x000000001c340000)]
  0x0000000019da7000 JavaThread "JDWP Transport Listener: dt_socket" daemon [_thread_blocked, id=4540, stack(0x000000001bd40000,0x000000001be40000)]
  0x0000000019d98800 JavaThread "Attach Listener" daemon [_thread_blocked, id=10496, stack(0x000000001b900000,0x000000001ba00000)]
  0x0000000019d93800 JavaThread "Signal Dispatcher" daemon [_thread_blocked, id=4848, stack(0x000000001b800000,0x000000001b900000)]
  0x0000000019d82000 JavaThread "Finalizer" daemon [_thread_blocked, id=9276, stack(0x000000001b610000,0x000000001b710000)]
  0x0000000004f57000 JavaThread "Reference Handler" daemon [_thread_blocked, id=9508, stack(0x000000001b510000,0x000000001b610000)]

Other Threads:
  0x0000000019d57800 VMThread [stack: 0x000000001b410000,0x000000001b510000] [id=14136]
  0x000000001bf42000 WatcherThread [stack: 0x000000001c840000,0x000000001c940000] [id=708]

VM state:not at safepoint (normal execution)

VM Mutex/Monitor currently owned by a thread: None

Heap:
 PSYoungGen      total 451072K, used 365085K [0x00000000d5700000, 0x00000000f2900000, 0x0000000100000000)
  eden space 425984K, 85% used [0x00000000d5700000,0x00000000eba872d8,0x00000000ef700000)
  from space 25088K, 4% used [0x00000000f1080000,0x00000000f11804b8,0x00000000f2900000)
  to   space 25600K, 0% used [0x00000000ef700000,0x00000000ef700000,0x00000000f1000000)
 ParOldGen       total 87552K, used 62364K [0x0000000080400000, 0x0000000085980000, 0x00000000d5700000)
  object space 87552K, 71% used [0x0000000080400000,0x00000000840e7150,0x0000000085980000)
 Metaspace       used 16081K, capacity 16252K, committed 16512K, reserved 1062912K
  class space    used 2060K, capacity 2126K, committed 2176K, reserved 1048576K

Card table byte_map: [0x0000000014320000,0x0000000014720000] byte_map_base: 0x0000000013f1e000

Marking Bits: (ParMarkBitMap*) 0x0000000073fcd850
 Begin Bits: [0x0000000014fd0000, 0x0000000016fc0000)
 End Bits:   [0x0000000016fc0000, 0x0000000018fb0000)

Polling page: 0x0000000000bf0000

CodeCache: size=245760Kb used=7884Kb max_used=7891Kb free=237875Kb
 bounds [0x0000000004f60000, 0x0000000005720000, 0x0000000013f60000]
 total_blobs=2381 nmethods=1871 adapters=431
 compilation: enabled

Compilation events (10 events):
Event: 7.237 Thread 0x000000001be59000 nmethod 1867 0x0000000005708050 code [0x00000000057081a0, 0x00000000057082b0]
Event: 7.237 Thread 0x000000001be53000 nmethod 1866 0x00000000053a5090 code [0x00000000053a51c0, 0x00000000053a5238]
Event: 7.286 Thread 0x000000001be4f000 1868       4       com.sun.jna.Memory::boundsCheck (90 bytes)
Event: 7.287 Thread 0x000000001be4f000 nmethod 1868 0x0000000005707cd0 code [0x0000000005707e00, 0x0000000005707ed8]
Event: 7.295 Thread 0x000000001be53000 1869       4       java.util.HashSet::add (20 bytes)
Event: 7.296 Thread 0x000000001be53000 nmethod 1869 0x00000000056f3950 code [0x00000000056f3aa0, 0x00000000056f3ba8]
Event: 7.438 Thread 0x000000001be4f000 1870       4       java.util.LinkedHashMap$LinkedHashIterator::nextNode (54 bytes)
Event: 7.439 Thread 0x000000001be4f000 nmethod 1870 0x00000000056f3610 code [0x00000000056f3760, 0x00000000056f3858]
Event: 7.444 Thread 0x000000001be59000 1871       3       java.lang.Class::privateGetDeclaredFields (67 bytes)
Event: 7.445 Thread 0x000000001be59000 nmethod 1871 0x000000000571a7d0 code [0x000000000571a9c0, 0x000000000571b2e8]

GC Heap History (10 events):
Event: 3.027 GC heap before
{Heap before GC invocations=6 (full 0):
 PSYoungGen      total 71680K, used 71592K [0x00000000d5700000, 0x00000000e0e00000, 0x0000000100000000)
  eden space 66560K, 100% used [0x00000000d5700000,0x00000000d9800000,0x00000000d9800000)
  from space 5120K, 98% used [0x00000000d9800000,0x00000000d9cea080,0x00000000d9d00000)
  to   space 27136K, 0% used [0x00000000df380000,0x00000000df380000,0x00000000e0e00000)
 ParOldGen       total 87552K, used 58326K [0x0000000080400000, 0x0000000085980000, 0x00000000d5700000)
  object space 87552K, 66% used [0x0000000080400000,0x0000000083cf5a68,0x0000000085980000)
 Metaspace       used 14154K, capacity 14398K, committed 14592K, reserved 1062912K
  class space    used 1609K, capacity 1705K, committed 1792K, reserved 1048576K
Event: 3.031 GC heap after
Heap after GC invocations=6 (full 0):
 PSYoungGen      total 159232K, used 4100K [0x00000000d5700000, 0x00000000e0d00000, 0x0000000100000000)
  eden space 133120K, 0% used [0x00000000d5700000,0x00000000d5700000,0x00000000dd900000)
  from space 26112K, 15% used [0x00000000df380000,0x00000000df781070,0x00000000e0d00000)
  to   space 26624K, 0% used [0x00000000dd900000,0x00000000dd900000,0x00000000df300000)
 ParOldGen       total 87552K, used 58334K [0x0000000080400000, 0x0000000085980000, 0x00000000d5700000)
  object space 87552K, 66% used [0x0000000080400000,0x0000000083cf7a68,0x0000000085980000)
 Metaspace       used 14154K, capacity 14398K, committed 14592K, reserved 1062912K
  class space    used 1609K, capacity 1705K, committed 1792K, reserved 1048576K
}
Event: 3.332 GC heap before
{Heap before GC invocations=7 (full 0):
 PSYoungGen      total 159232K, used 137220K [0x00000000d5700000, 0x00000000e0d00000, 0x0000000100000000)
  eden space 133120K, 100% used [0x00000000d5700000,0x00000000dd900000,0x00000000dd900000)
  from space 26112K, 15% used [0x00000000df380000,0x00000000df781070,0x00000000e0d00000)
  to   space 26624K, 0% used [0x00000000dd900000,0x00000000dd900000,0x00000000df300000)
 ParOldGen       total 87552K, used 58334K [0x0000000080400000, 0x0000000085980000, 0x00000000d5700000)
  object space 87552K, 66% used [0x0000000080400000,0x0000000083cf7a68,0x0000000085980000)
 Metaspace       used 14206K, capacity 14398K, committed 14592K, reserved 1062912K
  class space    used 1609K, capacity 1705K, committed 1792K, reserved 1048576K
Event: 3.336 GC heap after
Heap after GC invocations=7 (full 0):
 PSYoungGen      total 159744K, used 3444K [0x00000000d5700000, 0x00000000e8f00000, 0x0000000100000000)
  eden space 133120K, 0% used [0x00000000d5700000,0x00000000d5700000,0x00000000dd900000)
  from space 26624K, 12% used [0x00000000dd900000,0x00000000ddc5d080,0x00000000df300000)
  to   space 26624K, 0% used [0x00000000e7500000,0x00000000e7500000,0x00000000e8f00000)
 ParOldGen       total 87552K, used 59041K [0x0000000080400000, 0x0000000085980000, 0x00000000d5700000)
  object space 87552K, 67% used [0x0000000080400000,0x0000000083da85b8,0x0000000085980000)
 Metaspace       used 14206K, capacity 14398K, committed 14592K, reserved 1062912K
  class space    used 1609K, capacity 1705K, committed 1792K, reserved 1048576K
}
Event: 3.607 GC heap before
{Heap before GC invocations=8 (full 0):
 PSYoungGen      total 159744K, used 136564K [0x00000000d5700000, 0x00000000e8f00000, 0x0000000100000000)
  eden space 133120K, 100% used [0x00000000d5700000,0x00000000dd900000,0x00000000dd900000)
  from space 26624K, 12% used [0x00000000dd900000,0x00000000ddc5d080,0x00000000df300000)
  to   space 26624K, 0% used [0x00000000e7500000,0x00000000e7500000,0x00000000e8f00000)
 ParOldGen       total 87552K, used 59041K [0x0000000080400000, 0x0000000085980000, 0x00000000d5700000)
  object space 87552K, 67% used [0x0000000080400000,0x0000000083da85b8,0x0000000085980000)
 Metaspace       used 14256K, capacity 14462K, committed 14848K, reserved 1062912K
  class space    used 1609K, capacity 1705K, committed 1792K, reserved 1048576K
Event: 3.609 GC heap after
Heap after GC invocations=8 (full 0):
 PSYoungGen      total 292864K, used 128K [0x00000000d5700000, 0x00000000e8f00000, 0x0000000100000000)
  eden space 266240K, 0% used [0x00000000d5700000,0x00000000d5700000,0x00000000e5b00000)
  from space 26624K, 0% used [0x00000000e7500000,0x00000000e7520000,0x00000000e8f00000)
  to   space 26624K, 0% used [0x00000000e5b00000,0x00000000e5b00000,0x00000000e7500000)
 ParOldGen       total 87552K, used 62316K [0x0000000080400000, 0x0000000085980000, 0x00000000d5700000)
  object space 87552K, 71% used [0x0000000080400000,0x00000000840db150,0x0000000085980000)
 Metaspace       used 14256K, capacity 14462K, committed 14848K, reserved 1062912K
  class space    used 1609K, capacity 1705K, committed 1792K, reserved 1048576K
}
Event: 4.182 GC heap before
{Heap before GC invocations=9 (full 0):
 PSYoungGen      total 292864K, used 266368K [0x00000000d5700000, 0x00000000e8f00000, 0x0000000100000000)
  eden space 266240K, 100% used [0x00000000d5700000,0x00000000e5b00000,0x00000000e5b00000)
  from space 26624K, 0% used [0x00000000e7500000,0x00000000e7520000,0x00000000e8f00000)
  to   space 26624K, 0% used [0x00000000e5b00000,0x00000000e5b00000,0x00000000e7500000)
 ParOldGen       total 87552K, used 62316K [0x0000000080400000, 0x0000000085980000, 0x00000000d5700000)
  object space 87552K, 71% used [0x0000000080400000,0x00000000840db150,0x0000000085980000)
 Metaspace       used 14346K, capacity 14534K, committed 14848K, reserved 1062912K
  class space    used 1609K, capacity 1705K, committed 1792K, reserved 1048576K
Event: 4.184 GC heap after
Heap after GC invocations=9 (full 0):
 PSYoungGen      total 292864K, used 96K [0x00000000d5700000, 0x00000000f2a00000, 0x0000000100000000)
  eden space 266240K, 0% used [0x00000000d5700000,0x00000000d5700000,0x00000000e5b00000)
  from space 26624K, 0% used [0x00000000e5b00000,0x00000000e5b18000,0x00000000e7500000)
  to   space 26112K, 0% used [0x00000000f1080000,0x00000000f1080000,0x00000000f2a00000)
 ParOldGen       total 87552K, used 62340K [0x0000000080400000, 0x0000000085980000, 0x00000000d5700000)
  object space 87552K, 71% used [0x0000000080400000,0x00000000840e1150,0x0000000085980000)
 Metaspace       used 14346K, capacity 14534K, committed 14848K, reserved 1062912K
  class space    used 1609K, capacity 1705K, committed 1792K, reserved 1048576K
}
Event: 5.155 GC heap before
{Heap before GC invocations=10 (full 0):
 PSYoungGen      total 292864K, used 266336K [0x00000000d5700000, 0x00000000f2a00000, 0x0000000100000000)
  eden space 266240K, 100% used [0x00000000d5700000,0x00000000e5b00000,0x00000000e5b00000)
  from space 26624K, 0% used [0x00000000e5b00000,0x00000000e5b18000,0x00000000e7500000)
  to   space 26112K, 0% used [0x00000000f1080000,0x00000000f1080000,0x00000000f2a00000)
 ParOldGen       total 87552K, used 62340K [0x0000000080400000, 0x0000000085980000, 0x00000000d5700000)
  object space 87552K, 71% used [0x0000000080400000,0x00000000840e1150,0x0000000085980000)
 Metaspace       used 15902K, capacity 16114K, committed 16256K, reserved 1062912K
  class space    used 2054K, capacity 2123K, committed 2176K, reserved 1048576K
Event: 5.158 GC heap after
Heap after GC invocations=10 (full 0):
 PSYoungGen      total 451072K, used 1025K [0x00000000d5700000, 0x00000000f2900000, 0x0000000100000000)
  eden space 425984K, 0% used [0x00000000d5700000,0x00000000d5700000,0x00000000ef700000)
  from space 25088K, 4% used [0x00000000f1080000,0x00000000f11804b8,0x00000000f2900000)
  to   space 25600K, 0% used [0x00000000ef700000,0x00000000ef700000,0x00000000f1000000)
 ParOldGen       total 87552K, used 62364K [0x0000000080400000, 0x0000000085980000, 0x00000000d5700000)
  object space 87552K, 71% used [0x0000000080400000,0x00000000840e7150,0x0000000085980000)
 Metaspace       used 15902K, capacity 16114K, committed 16256K, reserved 1062912K
  class space    used 2054K, capacity 2123K, committed 2176K, reserved 1048576K
}

Deoptimization events (10 events):
Event: 7.428 Thread 0x000000001d16f800 Uncommon trap: reason=range_check action=none pc=0x000000000539f0c8 method=com.IB.SL.graphics.Screen.renderParallax(ILcom/IB/SL/graphics/SpriteSheet;Lcom/IB/SL/graphics/SpriteSheet;Lcom/IB/SL/graphics/SpriteSheet;I)V @ 165
Event: 7.430 Thread 0x000000001d16f800 Uncommon trap: reason=range_check action=none pc=0x000000000539f0c8 method=com.IB.SL.graphics.Screen.renderParallax(ILcom/IB/SL/graphics/SpriteSheet;Lcom/IB/SL/graphics/SpriteSheet;Lcom/IB/SL/graphics/SpriteSheet;I)V @ 165
Event: 7.432 Thread 0x000000001d16f800 Uncommon trap: reason=range_check action=none pc=0x000000000539f0c8 method=com.IB.SL.graphics.Screen.renderParallax(ILcom/IB/SL/graphics/SpriteSheet;Lcom/IB/SL/graphics/SpriteSheet;Lcom/IB/SL/graphics/SpriteSheet;I)V @ 165
Event: 7.435 Thread 0x000000001d16f800 Uncommon trap: reason=range_check action=none pc=0x000000000539f0c8 method=com.IB.SL.graphics.Screen.renderParallax(ILcom/IB/SL/graphics/SpriteSheet;Lcom/IB/SL/graphics/SpriteSheet;Lcom/IB/SL/graphics/SpriteSheet;I)V @ 165
Event: 7.437 Thread 0x000000001d16f800 Uncommon trap: reason=range_check action=none pc=0x000000000539f0c8 method=com.IB.SL.graphics.Screen.renderParallax(ILcom/IB/SL/graphics/SpriteSheet;Lcom/IB/SL/graphics/SpriteSheet;Lcom/IB/SL/graphics/SpriteSheet;I)V @ 165
Event: 7.439 Thread 0x000000001d16f800 Uncommon trap: reason=range_check action=none pc=0x000000000539f0c8 method=com.IB.SL.graphics.Screen.renderParallax(ILcom/IB/SL/graphics/SpriteSheet;Lcom/IB/SL/graphics/SpriteSheet;Lcom/IB/SL/graphics/SpriteSheet;I)V @ 165
Event: 7.441 Thread 0x000000001d16f800 Uncommon trap: reason=range_check action=none pc=0x000000000539f0c8 method=com.IB.SL.graphics.Screen.renderParallax(ILcom/IB/SL/graphics/SpriteSheet;Lcom/IB/SL/graphics/SpriteSheet;Lcom/IB/SL/graphics/SpriteSheet;I)V @ 165
Event: 7.444 Thread 0x000000001d16f800 Uncommon trap: reason=range_check action=none pc=0x000000000539f0c8 method=com.IB.SL.graphics.Screen.renderParallax(ILcom/IB/SL/graphics/SpriteSheet;Lcom/IB/SL/graphics/SpriteSheet;Lcom/IB/SL/graphics/SpriteSheet;I)V @ 165
Event: 7.445 Thread 0x000000001d592800 Uncommon trap: reason=unstable_if action=reinterpret pc=0x000000000553588c method=java.lang.reflect.Method.invoke(Ljava/lang/Object;[Ljava/lang/Object;)Ljava/lang/Object; @ 45
Event: 7.445 Thread 0x000000001d592800 Uncommon trap: reason=class_check action=maybe_recompile pc=0x00000000054e4644 method=sun.reflect.DelegatingMethodAccessorImpl.invoke(Ljava/lang/Object;[Ljava/lang/Object;)Ljava/lang/Object; @ 6

Internal exceptions (10 events):
Event: 7.430 Thread 0x000000001d16f800 Exception <a 'java/lang/ArrayIndexOutOfBoundsException': 104544> (0x00000000d5eb4940) thrown at [C:\re\workspace\8-2-build-windows-amd64-cygwin\jdk8u151\9699\hotspot\src\share\vm\interpreter\interpreterRuntime.cpp, line 366]
Event: 7.432 Thread 0x000000001d16f800 Exception <a 'java/lang/ArrayIndexOutOfBoundsException': 104544> (0x00000000d5eb6218) thrown at [C:\re\workspace\8-2-build-windows-amd64-cygwin\jdk8u151\9699\hotspot\src\share\vm\interpreter\interpreterRuntime.cpp, line 366]
Event: 7.435 Thread 0x000000001d16f800 Exception <a 'java/lang/ArrayIndexOutOfBoundsException': 104544> (0x00000000d5eb7af0) thrown at [C:\re\workspace\8-2-build-windows-amd64-cygwin\jdk8u151\9699\hotspot\src\share\vm\interpreter\interpreterRuntime.cpp, line 366]
Event: 7.437 Thread 0x000000001d16f800 Exception <a 'java/lang/ArrayIndexOutOfBoundsException': 104544> (0x00000000d5eb93c8) thrown at [C:\re\workspace\8-2-build-windows-amd64-cygwin\jdk8u151\9699\hotspot\src\share\vm\interpreter\interpreterRuntime.cpp, line 366]
Event: 7.438 Thread 0x000000001d16f800 Exception <a 'java/lang/NullPointerException'> (0x00000000d5ebbf40) thrown at [C:\re\workspace\8-2-build-windows-amd64-cygwin\jdk8u151\9699\hotspot\src\share\vm\interpreter\linkResolver.cpp, line 1183]
Event: 7.439 Thread 0x000000001d16f800 Exception <a 'java/lang/ArrayIndexOutOfBoundsException': 104544> (0x00000000d5ebd528) thrown at [C:\re\workspace\8-2-build-windows-amd64-cygwin\jdk8u151\9699\hotspot\src\share\vm\interpreter\interpreterRuntime.cpp, line 366]
Event: 7.441 Thread 0x000000001d16f800 Exception <a 'java/lang/ArrayIndexOutOfBoundsException': 104544> (0x00000000d5ebee00) thrown at [C:\re\workspace\8-2-build-windows-amd64-cygwin\jdk8u151\9699\hotspot\src\share\vm\interpreter\interpreterRuntime.cpp, line 366]
Event: 7.444 Thread 0x000000001d16f800 Exception <a 'java/lang/ArrayIndexOutOfBoundsException': 104544> (0x00000000d5ec06d8) thrown at [C:\re\workspace\8-2-build-windows-amd64-cygwin\jdk8u151\9699\hotspot\src\share\vm\interpreter\interpreterRuntime.cpp, line 366]
Event: 7.445 Thread 0x000000001d592800 Implicit null exception at 0x000000000553568f to 0x0000000005535881
Event: 7.498 Thread 0x000000001d16f800 Exception <a 'java/lang/NullPointerException'> (0x00000000d5ec40e8) thrown at [C:\re\workspace\8-2-build-windows-amd64-cygwin\jdk8u151\9699\hotspot\src\share\vm\interpreter\linkResolver.cpp, line 1183]

Events (10 events):
Event: 7.446 loading class java/lang/ProcessBuilder done
Event: 7.446 loading class java/lang/ProcessImpl
Event: 7.446 loading class java/lang/Process
Event: 7.446 loading class java/lang/Process done
Event: 7.446 loading class java/lang/ProcessImpl done
Event: 7.453 loading class java/lang/ProcessImpl$2
Event: 7.453 loading class java/lang/ProcessImpl$2 done
Event: 7.453 Thread 0x000000001d592800 Thread exited: 0x000000001d592800
Event: 7.492 Thread 0x000000001d16f800 DEOPT PACKING pc=0x0000000005402524 sp=0x00000000265eeeb0
Event: 7.492 Thread 0x000000001d16f800 DEOPT UNPACKING pc=0x0000000004fa747f sp=0x00000000265eebe8 mode 1


Dynamic libraries:
0x00007ff6fffa0000 - 0x00007ff6fffd7000 	C:\Program Files\Java\jdk1.8.0_151\bin\javaw.exe
0x00007ff97ddb0000 - 0x00007ff97df90000 	C:\Windows\SYSTEM32\ntdll.dll
0x00007ff97d890000 - 0x00007ff97d93e000 	C:\Windows\System32\KERNEL32.DLL
0x00007ff97a6f0000 - 0x00007ff97a956000 	C:\Windows\System32\KERNELBASE.dll
0x00007ff97d9d0000 - 0x00007ff97da71000 	C:\Windows\System32\ADVAPI32.dll
0x00007ff97db70000 - 0x00007ff97dc0d000 	C:\Windows\System32\msvcrt.dll
0x00007ff97c100000 - 0x00007ff97c15b000 	C:\Windows\System32\sechost.dll
0x00007ff97b320000 - 0x00007ff97b43f000 	C:\Windows\System32\RPCRT4.dll
0x00007ff97bf70000 - 0x00007ff97c0ff000 	C:\Windows\System32\USER32.dll
0x00007ff97a480000 - 0x00007ff97a4a0000 	C:\Windows\System32\win32u.dll
0x00007ff97d940000 - 0x00007ff97d968000 	C:\Windows\System32\GDI32.dll
0x00007ff97a550000 - 0x00007ff97a6e3000 	C:\Windows\System32\gdi32full.dll
0x00007ff97aa10000 - 0x00007ff97aaab000 	C:\Windows\System32\msvcp_win.dll
0x00007ff97a1b0000 - 0x00007ff97a2a6000 	C:\Windows\System32\ucrtbase.dll
0x00007ff970920000 - 0x00007ff970b89000 	C:\Windows\WinSxS\amd64_microsoft.windows.common-controls_6595b64144ccf1df_6.0.16299.192_none_15c8cdae9364c23b\COMCTL32.dll
0x00007ff97b440000 - 0x00007ff97b748000 	C:\Windows\System32\combase.dll
0x00007ff97aab0000 - 0x00007ff97ab22000 	C:\Windows\System32\bcryptPrimitives.dll
0x00007ff97b2f0000 - 0x00007ff97b31d000 	C:\Windows\System32\IMM32.DLL
0x00000000732e0000 - 0x00000000733b2000 	C:\Program Files\Java\jdk1.8.0_151\jre\bin\msvcr100.dll
0x00000000737b0000 - 0x000000007404d000 	C:\Program Files\Java\jdk1.8.0_151\jre\bin\server\jvm.dll
0x00007ff97b950000 - 0x00007ff97b958000 	C:\Windows\System32\PSAPI.DLL
0x00007ff977030000 - 0x00007ff977039000 	C:\Windows\SYSTEM32\WSOCK32.dll
0x00007ff9784d0000 - 0x00007ff9784f3000 	C:\Windows\SYSTEM32\WINMM.dll
0x00007ff97b280000 - 0x00007ff97b2ec000 	C:\Windows\System32\WS2_32.dll
0x00007ff975180000 - 0x00007ff97518a000 	C:\Windows\SYSTEM32\VERSION.dll
0x00007ff978440000 - 0x00007ff97846a000 	C:\Windows\SYSTEM32\WINMMBASE.dll
0x00007ff97a9c0000 - 0x00007ff97aa0a000 	C:\Windows\System32\cfgmgr32.dll
0x00000000736c0000 - 0x00000000736cf000 	C:\Program Files\Java\jdk1.8.0_151\jre\bin\verify.dll
0x0000000073690000 - 0x00000000736b9000 	C:\Program Files\Java\jdk1.8.0_151\jre\bin\java.dll
0x0000000073220000 - 0x0000000073255000 	C:\Program Files\Java\jdk1.8.0_151\jre\bin\jdwp.dll
0x00000000732d0000 - 0x00000000732d8000 	C:\Program Files\Java\jdk1.8.0_151\jre\bin\npt.dll
0x0000000073670000 - 0x0000000073686000 	C:\Program Files\Java\jdk1.8.0_151\jre\bin\zip.dll
0x00007ff97c450000 - 0x00007ff97d886000 	C:\Windows\System32\SHELL32.dll
0x00007ff97c320000 - 0x00007ff97c3c6000 	C:\Windows\System32\shcore.dll
0x00007ff97ab30000 - 0x00007ff97b277000 	C:\Windows\System32\windows.storage.dll
0x00007ff97d970000 - 0x00007ff97d9c1000 	C:\Windows\System32\shlwapi.dll
0x00007ff97a190000 - 0x00007ff97a1a1000 	C:\Windows\System32\kernel.appcore.dll
0x00007ff97a100000 - 0x00007ff97a14c000 	C:\Windows\System32\powrprof.dll
0x00007ff97a150000 - 0x00007ff97a16b000 	C:\Windows\System32\profapi.dll
0x00000000732c0000 - 0x00000000732c9000 	C:\Program Files\Java\jdk1.8.0_151\jre\bin\dt_socket.dll
0x00007ff976fe0000 - 0x00007ff976ff6000 	C:\Windows\system32\napinsp.dll
0x00007ff977000000 - 0x00007ff97701a000 	C:\Windows\system32\pnrpnsp.dll
0x00007ff976ef0000 - 0x00007ff976f08000 	C:\Windows\system32\NLAapi.dll
0x00007ff979990000 - 0x00007ff9799f6000 	C:\Windows\System32\mswsock.dll
0x00007ff979760000 - 0x00007ff979816000 	C:\Windows\SYSTEM32\DNSAPI.dll
0x00007ff97bec0000 - 0x00007ff97bec8000 	C:\Windows\System32\NSI.dll
0x00007ff979720000 - 0x00007ff979759000 	C:\Windows\SYSTEM32\IPHLPAPI.DLL
0x00007ff977020000 - 0x00007ff97702e000 	C:\Windows\System32\winrnr.dll
0x00007ff9726b0000 - 0x00007ff972720000 	C:\Windows\System32\fwpuclnt.dll
0x00007ff979c60000 - 0x00007ff979c85000 	C:\Windows\SYSTEM32\bcrypt.dll
0x00007ff972550000 - 0x00007ff97255a000 	C:\Windows\System32\rasadhlp.dll
0x0000000073490000 - 0x0000000073628000 	C:\Program Files\Java\jdk1.8.0_151\jre\bin\awt.dll
0x00007ff97da80000 - 0x00007ff97db45000 	C:\Windows\System32\OLEAUT32.dll
0x00007ff9785f0000 - 0x00007ff978678000 	C:\Windows\SYSTEM32\apphelp.dll
0x00007ff979b50000 - 0x00007ff979b67000 	C:\Windows\SYSTEM32\CRYPTSP.dll
0x00007ff9795a0000 - 0x00007ff9795d3000 	C:\Windows\system32\rsaenh.dll
0x00007ff97a000000 - 0x00007ff97a029000 	C:\Windows\SYSTEM32\USERENV.dll
0x00007ff979b70000 - 0x00007ff979b7b000 	C:\Windows\SYSTEM32\CRYPTBASE.dll
0x0000000073650000 - 0x000000007366a000 	C:\Program Files\Java\jdk1.8.0_151\jre\bin\net.dll
0x00007ff974e20000 - 0x00007ff974e36000 	C:\Windows\SYSTEM32\dhcpcsvc6.DLL
0x00007ff975420000 - 0x00007ff97543a000 	C:\Windows\SYSTEM32\dhcpcsvc.DLL
0x0000000073630000 - 0x0000000073641000 	C:\Program Files\Java\jdk1.8.0_151\jre\bin\nio.dll
0x0000000180000000 - 0x0000000180037000 	C:\Users\Nate\AppData\Local\Temp\jna6164856267419123825.dll
0x00007ff96d610000 - 0x00007ff96d6ab000 	C:\Users\Nate\AppData\Local\Temp\discord-rpc.jar\discord-rpc.dll
0x00007ff9789b0000 - 0x00007ff9789da000 	C:\Windows\system32\DWMAPI.DLL
0x00007ff9788e0000 - 0x00007ff978975000 	C:\Windows\system32\uxtheme.dll
0x00007ff956180000 - 0x00007ff95629e000 	C:\Windows\system32\opengl32.dll
0x00007ff977090000 - 0x00007ff9770bc000 	C:\Windows\SYSTEM32\GLU32.dll
0x00007ff97dc10000 - 0x00007ff97dd77000 	C:\Windows\System32\MSCTF.dll
0x00007ff9542c0000 - 0x00007ff9542e8000 	c:\program files\nvidia corporation\nvstreamsrv\nvinject.dll
0x00007ff97c160000 - 0x00007ff97c2a9000 	C:\Windows\System32\ole32.dll
0x00007ff97a2b0000 - 0x00007ff97a47e000 	C:\Windows\System32\crypt32.dll
0x00007ff97a170000 - 0x00007ff97a182000 	C:\Windows\System32\MSASN1.dll
0x00007ff97a960000 - 0x00007ff97a9b8000 	C:\Windows\System32\WINTRUST.DLL
0x00007ff97db50000 - 0x00007ff97db6d000 	C:\Windows\System32\imagehlp.dll
0x00007ff9688b0000 - 0x00007ff968b04000 	C:\Windows\system32\nvspcap64.dll
0x00007ff979240000 - 0x00007ff979271000 	C:\Windows\SYSTEM32\ntmarta.dll
0x00007ff96bdd0000 - 0x00007ff96bebb000 	C:\Program Files (x86)\NVIDIA Corporation\3D Vision\nvSCPAPI64.dll
0x00007ff97ba70000 - 0x00007ff97bebe000 	C:\Windows\System32\SETUPAPI.dll
0x0000000073440000 - 0x0000000073487000 	C:\Program Files\Java\jdk1.8.0_151\jre\bin\fontmanager.dll
0x00007ff96adf0000 - 0x00007ff96ae88000 	C:\Windows\System32\TextInputFramework.dll
0x00007ff974e90000 - 0x00007ff97517e000 	C:\Windows\System32\CoreUIComponents.dll
0x00007ff977e30000 - 0x00007ff977f0c000 	C:\Windows\System32\CoreMessaging.dll
0x00007ff976320000 - 0x00007ff976456000 	C:\Windows\SYSTEM32\wintypes.dll
0x00007ff96bfa0000 - 0x00007ff96c168000 	C:\Windows\SYSTEM32\dbghelp.dll

VM Arguments:
jvm_args: -agentlib:jdwp=transport=dt_socket,suspend=y,address=localhost:57735 -Dfile.encoding=Cp1252 
java_command: com.IB.SL.Boot -resizeable -Dorg.lwjgl.util.Debug=true
java_class_path (initial): C:\Program Files\Java\jdk1.8.0_151\jre\lib\resources.jar;C:\Program Files\Java\jdk1.8.0_151\jre\lib\rt.jar;C:\Program Files\Java\jdk1.8.0_151\jre\lib\jsse.jar;C:\Program Files\Java\jdk1.8.0_151\jre\lib\jce.jar;C:\Program Files\Java\jdk1.8.0_151\jre\lib\charsets.jar;C:\Program Files\Java\jdk1.8.0_151\jre\lib\jfr.jar;C:\Program Files\Java\jdk1.8.0_151\jre\lib\ext\access-bridge-64.jar;C:\Program Files\Java\jdk1.8.0_151\jre\lib\ext\cldrdata.jar;C:\Program Files\Java\jdk1.8.0_151\jre\lib\ext\dnsns.jar;C:\Program Files\Java\jdk1.8.0_151\jre\lib\ext\jaccess.jar;C:\Program Files\Java\jdk1.8.0_151\jre\lib\ext\jfxrt.jar;C:\Program Files\Java\jdk1.8.0_151\jre\lib\ext\localedata.jar;C:\Program Files\Java\jdk1.8.0_151\jre\lib\ext\nashorn.jar;C:\Program Files\Java\jdk1.8.0_151\jre\lib\ext\sunec.jar;C:\Program Files\Java\jdk1.8.0_151\jre\lib\ext\sunjce_provider.jar;C:\Program Files\Java\jdk1.8.0_151\jre\lib\ext\sunmscapi.jar;C:\Program Files\Java\jdk1.8.0_151\jre\lib\ext\sunpkcs11.jar;C:\Program Files\Java\jdk1.8.0_151\jre\lib\ext\zipfs.jar;E:\Dev\Square Legacy 2\Square-Legacy-2\Game\bin;E:\Dev\Square Legacy 2\Square-Legacy-2\Game\res;E:\Dev\Square Legacy 2\Square-Legacy-2\Game\lib\easyogg.jar;E:\Dev\Square Legacy 2\Square-Legacy-2\Game\lib\jogg-0.0.7.jar;E:\Dev\Square Legacy 2\Square-Legacy-2\Game\lib\jorbis-0.0.15.jar;E:\Dev\Square Legacy 2\Square-Legacy-2\Game\lib\startup2.jar;E:\Dev\Square Legacy 2\Square-Legacy-2\Game\lib\lwjgl3\lwjgl.jar;E:\Dev\Square Legacy 2\Square-Legacy-2\Game\lib\lwjgl3\lwjgl-assimp.jar;E:\Dev\Square Legacy 2\Square-Legacy-2\Game\lib\lwjgl3\lwjgl-assimp-natives-windows.jar;E:\Dev\Square Legacy 2\Square-Legacy-2\Game\lib\lwjgl3\lwjgl-bgfx.jar;E:\Dev\Square Legacy 2\Square-Legacy-2\Game\lib\lwjgl3\lwjgl-bgfx-natives-windows.jar;E:\Dev\Square Legacy 2\Square-Legacy-2\Game\lib\lwjgl3\lwjgl-egl.jar;E:\Dev\Square Legacy 2\Square-Legacy-2\Game\lib\lwjgl3\lwjgl-glfw.jar;E:\Dev\Square Legacy 2\Square-Legacy-2\Game\lib\lwjgl3\lwjgl-gl
Launcher Type: SUN_STANDARD

Environment Variables:
PATH=C:\Program Files\Java\jdk1.8.0_151\jre\bin;C:/Program Files/Java/jdk1.8.0_151/jre/bin/server;C:/Program Files/Java/jdk1.8.0_151/jre/bin;C:/Program Files/Java/jdk1.8.0_151/jre/lib/amd64;C:\ProgramData\Oracle\Java\javapath;C:\Windows\system32;C:\Windows;C:\Windows\System32\Wbem;C:\Windows\System32\WindowsPowerShell\v1.0\;C:\Program Files (x86)\NVIDIA Corporation\PhysX\Common;C:\Users\Nate\AppData\Local\Microsoft\WindowsApps;C:\Users\Nate\Downloads\apache-maven-3.5.2\bin;C:\Program Files\Java\jdk1.8.0_151\bin;;C:\Users\Nate\Desktop;
USERNAME=Nate
OS=Windows_NT
PROCESSOR_IDENTIFIER=AMD64 Family 21 Model 2 Stepping 0, AuthenticAMD



---------------  S Y S T E M  ---------------

OS: Windows 10.0 , 64 bit Build 16299 (10.0.16299.15)

CPU:total 6 (initial active 6) (6 cores per cpu, 1 threads per core) family 21 model 2 stepping 0, cmov, cx8, fxsr, mmx, sse, sse2, sse3, ssse3, sse4.1, sse4.2, popcnt, avx, aes, clmul, mmxext, 3dnowpref, lzcnt, sse4a, tsc, tscinvbit, tscinv, bmi1

Memory: 4k page, physical 8369704k(3702656k free), swap 14661160k(7034476k free)

vm_info: Java HotSpot(TM) 64-Bit Server VM (25.151-b12) for windows-amd64 JRE (1.8.0_151-b12), built on Sep  5 2017 19:33:46 by "java_re" with MS VC++ 10.0 (VS2010)

time: Wed Jan 17 20:28:55 2018
elapsed time: 7 seconds (0d 0h 0m 7s)

