#
# A fatal error has been detected by the Java Runtime Environment:
#
#  EXCEPTION_ACCESS_VIOLATION (0xc0000005) at pc=0x00000000738eeba7, pid=1960, tid=0x00000000000034e4
#
# JRE version: Java(TM) SE Runtime Environment (8.0_151-b12) (build 1.8.0_151-b12)
# Java VM: Java HotSpot(TM) 64-Bit Server VM (25.151-b12 mixed mode windows-amd64 compressed oops)
# Problematic frame:
# V  [jvm.dll+0x13eba7]
#
# Failed to write core dump. Minidumps are not enabled by default on client versions of Windows
#
# If you would like to submit a bug report, please visit:
#   http://bugreport.java.com/bugreport/crash.jsp
#

---------------  T H R E A D  ---------------

Current thread (0x000000001ce7b800):  JavaThread "Game" [_thread_in_vm, id=13540, stack(0x0000000025bd0000,0x0000000025cd0000)]

siginfo: ExceptionCode=0xc0000005, reading address 0x0000000000000000

Registers:
RAX=0x0000000000000000, RBX=0x000000001ce7b800, RCX=0x0000000000000b80, RDX=0x000000001cd8f040
RSP=0x0000000025cced80, RBP=0x0000000000000000, RSI=0x000000001cd8f040, RDI=0x0000000000000101
R8 =0x0000000000000000, R9 =0x00000000db805358, R10=0x00000000045a09a0, R11=0x00000000739db4d0
R12=0x0000000000000000, R13=0x0000000019007968, R14=0x0000000025ccf078, R15=0x000000001ce7b800
RIP=0x00000000738eeba7, EFLAGS=0x0000000000010202

Top of Stack: (sp=0x0000000025cced80)
0x0000000025cced80:   00009053a1ba5cc8 0000000025ccee30
0x0000000025cced90:   0000000000000182 0000000000000108
0x0000000025cceda0:   0000000000000182 0000000180001419
0x0000000025ccedb0:   0000000019007968 0000000025ccee30
0x0000000025ccedc0:   0000000000000108 0000000019007968
0x0000000025ccedd0:   0000000000000070 00000000045a09a0
0x0000000025ccede0:   00000000739db4d0 00000001800012c2
0x0000000025ccedf0:   00000000739db4d0 0000000180001289
0x0000000025ccee00:   0000000019007968 00000000738ed349
0x0000000025ccee10:   db804570db804528 00000000045a1210
0x0000000025ccee20:   000000001ce7b9f8 00000000db805118
0x0000000025ccee30:   00000000db8043c0 0000000000000068
0x0000000025ccee40:   0000000000000000 0000000082e0cd58
0x0000000025ccee50:   0000000025ccee00 0000000000000000
0x0000000025ccee60:   0000000000000000 0000000000000000
0x0000000025ccee70:   0000000025ccedf0 0000000025cceee8 

Instructions: (pc=0x00000000738eeba7)
0x00000000738eeb87:   00 00 00 30 74 08 48 8b cb e8 8b 39 10 00 c7 83
0x00000000738eeb97:   70 02 00 00 06 00 00 00 40 b7 01 48 85 f6 74 60
0x00000000738eeba7:   48 8b 4d 00 40 32 ff e8 ad 9a f2 ff 48 8b d0 48
0x00000000738eebb7:   85 c0 74 4c 40 38 3d 1f f9 6c 00 4c 8b 06 74 16 


Register to memory mapping:

RAX=0x0000000000000000 is an unknown value
RBX=0x000000001ce7b800 is a thread
RCX=0x0000000000000b80 is an unknown value
RDX=0x000000001cd8f040 is an unknown value
RSP=0x0000000025cced80 is pointing into the stack for thread: 0x000000001ce7b800
RBP=0x0000000000000000 is an unknown value
RSI=0x000000001cd8f040 is an unknown value
RDI=0x0000000000000101 is an unknown value
R8 =0x0000000000000000 is an unknown value
R9 =0x00000000db805358 is an oop
[Ljava.lang.Object; 
 - klass: 'java/lang/Object'[]
 - length: 1
R10=0x00000000045a09a0 is at code_begin+1632 in an Interpreter codelet
method entry point (kind = native)  [0x00000000045a0340, 0x00000000045a1360]  4128 bytes
R11=0x00000000739db4d0 is an unknown value
R12=0x0000000000000000 is an unknown value
R13={method} {0x0000000019007970} 'invokeVoid' '(I[Ljava/lang/Object;)V' in 'com/sun/jna/Function'
R14=0x0000000025ccf078 is pointing into the stack for thread: 0x000000001ce7b800
R15=0x000000001ce7b800 is a thread


Stack: [0x0000000025bd0000,0x0000000025cd0000],  sp=0x0000000025cced80,  free space=1019k
Native frames: (J=compiled Java code, j=interpreted, Vv=VM code, C=native code)

Java frames: (J=compiled Java code, j=interpreted, Vv=VM code)
j  com.sun.jna.Function.invokeVoid(I[Ljava/lang/Object;)V+0
j  com.sun.jna.Function.invoke([Ljava/lang/Object;Ljava/lang/Class;Z)Ljava/lang/Object;+45
j  com.sun.jna.Function.invoke(Ljava/lang/Class;[Ljava/lang/Object;Ljava/util/Map;)Ljava/lang/Object;+214
j  com.sun.jna.Library$Handler.invoke(Ljava/lang/Object;Ljava/lang/reflect/Method;[Ljava/lang/Object;)Ljava/lang/Object;+341
j  net.arikia.dev.drpc.$Proxy0.Discord_UpdatePresence(Lnet/arikia/dev/drpc/DiscordRichPresence;)V+16
j  net.arikia.dev.drpc.DiscordRPC.discordUpdatePresence(Lnet/arikia/dev/drpc/DiscordRichPresence;)V+4
j  com.IB.SL.Game.createNewPresence()V+87
j  com.IB.SL.entity.mob.Player.update()V+675
j  com.IB.SL.entity.mob.PlayerMP.update()V+1
j  com.IB.SL.level.Level.update()V+577
j  com.IB.SL.Game.update()V+18
j  com.IB.SL.Game.run()V+57
j  java.lang.Thread.run()V+11
v  ~StubRoutines::call_stub

---------------  P R O C E S S  ---------------

Java Threads: ( => current thread )
  0x000000001c2c8000 JavaThread "Thread-2" daemon [_thread_in_native, id=5768, stack(0x00000000299e0000,0x0000000029ae0000)]
  0x000000001c2cd800 JavaThread "LUA For /XML/Levels/a10/script.lua" [_thread_in_Java, id=11720, stack(0x00000000284f0000,0x00000000285f0000)]
  0x0000000004485800 JavaThread "DestroyJavaVM" [_thread_blocked, id=5396, stack(0x0000000004380000,0x0000000004480000)]
=>0x000000001ce7b800 JavaThread "Game" [_thread_in_vm, id=13540, stack(0x0000000025bd0000,0x0000000025cd0000)]
  0x000000001c83b800 JavaThread "Image Fetcher 0" daemon [_thread_blocked, id=13564, stack(0x00000000251b0000,0x00000000252b0000)]
  0x000000001d0d6000 JavaThread "AWT-EventQueue-0" [_thread_blocked, id=7048, stack(0x00000000250b0000,0x00000000251b0000)]
  0x000000001d273800 JavaThread "AWT-Shutdown" [_thread_blocked, id=15272, stack(0x000000001dc30000,0x000000001dd30000)]
  0x000000001c50d800 JavaThread "Java2D Disposer" daemon [_thread_blocked, id=3744, stack(0x000000001cb60000,0x000000001cc60000)]
  0x000000001b5bd800 JavaThread "Service Thread" daemon [_thread_blocked, id=7668, stack(0x000000001be70000,0x000000001bf70000)]
  0x000000001b587800 JavaThread "C1 CompilerThread2" daemon [_thread_blocked, id=2704, stack(0x000000001bd70000,0x000000001be70000)]
  0x000000001b583800 JavaThread "C2 CompilerThread1" daemon [_thread_blocked, id=3628, stack(0x000000001bc70000,0x000000001bd70000)]
  0x000000001b57f800 JavaThread "C2 CompilerThread0" daemon [_thread_blocked, id=13860, stack(0x000000001bb70000,0x000000001bc70000)]
  0x000000001b573000 JavaThread "JDWP Command Reader" daemon [_thread_in_native, id=5416, stack(0x000000001ba70000,0x000000001bb70000)]
  0x000000001b571800 JavaThread "JDWP Event Helper Thread" daemon [_thread_blocked, id=12884, stack(0x000000001b970000,0x000000001ba70000)]
  0x00000000193c2800 JavaThread "JDWP Transport Listener: dt_socket" daemon [_thread_blocked, id=5364, stack(0x000000001b470000,0x000000001b570000)]
  0x00000000193b6800 JavaThread "Attach Listener" daemon [_thread_blocked, id=3340, stack(0x000000001af30000,0x000000001b030000)]
  0x00000000193b3800 JavaThread "Signal Dispatcher" daemon [_thread_blocked, id=3908, stack(0x000000001ae30000,0x000000001af30000)]
  0x00000000193a2000 JavaThread "Finalizer" daemon [_thread_blocked, id=15060, stack(0x000000001ac40000,0x000000001ad40000)]
  0x0000000004577000 JavaThread "Reference Handler" daemon [_thread_blocked, id=6036, stack(0x000000001ab40000,0x000000001ac40000)]

Other Threads:
  0x0000000019377800 VMThread [stack: 0x000000001aa40000,0x000000001ab40000] [id=14924]
  0x000000001b5c1000 WatcherThread [stack: 0x000000001bf70000,0x000000001c070000] [id=5860]

VM state:not at safepoint (normal execution)

VM Mutex/Monitor currently owned by a thread: None

Heap:
 PSYoungGen      total 245248K, used 120392K [0x00000000d5700000, 0x00000000e7480000, 0x0000000100000000)
  eden space 213504K, 56% used [0x00000000d5700000,0x00000000dcbee310,0x00000000e2780000)
  from space 31744K, 2% used [0x00000000e5580000,0x00000000e5624010,0x00000000e7480000)
  to   space 39424K, 0% used [0x00000000e2780000,0x00000000e2780000,0x00000000e4e00000)
 ParOldGen       total 120832K, used 44406K [0x0000000080400000, 0x0000000087a00000, 0x00000000d5700000)
  object space 120832K, 36% used [0x0000000080400000,0x0000000082f5d828,0x0000000087a00000)
 Metaspace       used 15873K, capacity 16050K, committed 16256K, reserved 1062912K
  class space    used 2050K, capacity 2123K, committed 2176K, reserved 1048576K

Card table byte_map: [0x0000000013940000,0x0000000013d40000] byte_map_base: 0x000000001353e000

Marking Bits: (ParMarkBitMap*) 0x0000000073fcd850
 Begin Bits: [0x00000000145f0000, 0x00000000165e0000)
 End Bits:   [0x00000000165e0000, 0x00000000185d0000)

Polling page: 0x0000000002510000

CodeCache: size=245760Kb used=7237Kb max_used=7271Kb free=238522Kb
 bounds [0x0000000004580000, 0x0000000004ca0000, 0x0000000013580000]
 total_blobs=2289 nmethods=1778 adapters=432
 compilation: enabled

Compilation events (10 events):
Event: 4.441 Thread 0x000000001b583800 1774       4       sun.awt.AWTAutoShutdown::isReadyToShutdown (37 bytes)
Event: 4.442 Thread 0x000000001b583800 nmethod 1774 0x0000000004c8bf10 code [0x0000000004c8c060, 0x0000000004c8c138]
Event: 4.526 Thread 0x000000001b587800 1775       3       java.util.LinkedHashMap$LinkedHashIterator::<init> (31 bytes)
Event: 4.527 Thread 0x000000001b587800 nmethod 1775 0x0000000004c8bad0 code [0x0000000004c8bc40, 0x0000000004c8be30]
Event: 4.561 Thread 0x000000001b587800 1776   !   3       com.IB.SL.level.Level::returnTile (66 bytes)
Event: 4.562 Thread 0x000000001b587800 nmethod 1776 0x0000000004c89650 code [0x0000000004c89900, 0x0000000004c8ae58]
Event: 4.570 Thread 0x000000001b57f800 1777   !   4       com.IB.SL.level.Level::render (426 bytes)
Event: 4.662 Thread 0x000000001b57f800 nmethod 1777 0x0000000004c94d10 code [0x0000000004c951c0, 0x0000000004c9af30]
Event: 4.675 Thread 0x000000001b587800 1778       1       java.awt.image.Raster::getNumBands (5 bytes)
Event: 4.675 Thread 0x000000001b587800 nmethod 1778 0x0000000004c89390 code [0x0000000004c894e0, 0x0000000004c895f0]

GC Heap History (10 events):
Event: 2.293 GC heap before
{Heap before GC invocations=3 (full 0):
 PSYoungGen      total 71680K, used 71667K [0x00000000d5700000, 0x00000000da200000, 0x0000000100000000)
  eden space 66560K, 100% used [0x00000000d5700000,0x00000000d9800000,0x00000000d9800000)
  from space 5120K, 99% used [0x00000000d9d00000,0x00000000da1fcff8,0x00000000da200000)
  to   space 5120K, 0% used [0x00000000d9800000,0x00000000d9800000,0x00000000d9d00000)
 ParOldGen       total 87552K, used 27517K [0x0000000080400000, 0x0000000085980000, 0x00000000d5700000)
  object space 87552K, 31% used [0x0000000080400000,0x0000000081edf508,0x0000000085980000)
 Metaspace       used 13926K, capacity 14078K, committed 14208K, reserved 1062912K
  class space    used 1593K, capacity 1641K, committed 1664K, reserved 1048576K
Event: 2.314 GC heap after
Heap after GC invocations=3 (full 0):
 PSYoungGen      total 71680K, used 5098K [0x00000000d5700000, 0x00000000de300000, 0x0000000100000000)
  eden space 66560K, 0% used [0x00000000d5700000,0x00000000d5700000,0x00000000d9800000)
  from space 5120K, 99% used [0x00000000d9800000,0x00000000d9cfa8d0,0x00000000d9d00000)
  to   space 5120K, 0% used [0x00000000dde00000,0x00000000dde00000,0x00000000de300000)
 ParOldGen       total 87552K, used 55281K [0x0000000080400000, 0x0000000085980000, 0x00000000d5700000)
  object space 87552K, 63% used [0x0000000080400000,0x00000000839fc7e0,0x0000000085980000)
 Metaspace       used 13926K, capacity 14078K, committed 14208K, reserved 1062912K
  class space    used 1593K, capacity 1641K, committed 1664K, reserved 1048576K
}
Event: 2.461 GC heap before
{Heap before GC invocations=4 (full 0):
 PSYoungGen      total 71680K, used 71658K [0x00000000d5700000, 0x00000000de300000, 0x0000000100000000)
  eden space 66560K, 100% used [0x00000000d5700000,0x00000000d9800000,0x00000000d9800000)
  from space 5120K, 99% used [0x00000000d9800000,0x00000000d9cfa8d0,0x00000000d9d00000)
  to   space 5120K, 0% used [0x00000000dde00000,0x00000000dde00000,0x00000000de300000)
 ParOldGen       total 87552K, used 55281K [0x0000000080400000, 0x0000000085980000, 0x00000000d5700000)
  object space 87552K, 63% used [0x0000000080400000,0x00000000839fc7e0,0x0000000085980000)
 Metaspace       used 13965K, capacity 14142K, committed 14464K, reserved 1062912K
  class space    used 1593K, capacity 1641K, committed 1664K, reserved 1048576K
Event: 2.465 GC heap after
Heap after GC invocations=4 (full 0):
 PSYoungGen      total 138240K, used 5098K [0x00000000d5700000, 0x00000000de300000, 0x0000000100000000)
  eden space 133120K, 0% used [0x00000000d5700000,0x00000000d5700000,0x00000000dd900000)
  from space 5120K, 99% used [0x00000000dde00000,0x00000000de2fa8d0,0x00000000de300000)
  to   space 5120K, 0% used [0x00000000dd900000,0x00000000dd900000,0x00000000dde00000)
 ParOldGen       total 87552K, used 56245K [0x0000000080400000, 0x0000000085980000, 0x00000000d5700000)
  object space 87552K, 64% used [0x0000000080400000,0x0000000083aed7f0,0x0000000085980000)
 Metaspace       used 13965K, capacity 14142K, committed 14464K, reserved 1062912K
  class space    used 1593K, capacity 1641K, committed 1664K, reserved 1048576K
}
Event: 2.465 GC heap before
{Heap before GC invocations=5 (full 1):
 PSYoungGen      total 138240K, used 5098K [0x00000000d5700000, 0x00000000de300000, 0x0000000100000000)
  eden space 133120K, 0% used [0x00000000d5700000,0x00000000d5700000,0x00000000dd900000)
  from space 5120K, 99% used [0x00000000dde00000,0x00000000de2fa8d0,0x00000000de300000)
  to   space 5120K, 0% used [0x00000000dd900000,0x00000000dd900000,0x00000000dde00000)
 ParOldGen       total 87552K, used 56245K [0x0000000080400000, 0x0000000085980000, 0x00000000d5700000)
  object space 87552K, 64% used [0x0000000080400000,0x0000000083aed7f0,0x0000000085980000)
 Metaspace       used 13965K, capacity 14142K, committed 14464K, reserved 1062912K
  class space    used 1593K, capacity 1641K, committed 1664K, reserved 1048576K
Event: 2.488 GC heap after
Heap after GC invocations=5 (full 1):
 PSYoungGen      total 138240K, used 0K [0x00000000d5700000, 0x00000000de300000, 0x0000000100000000)
  eden space 133120K, 0% used [0x00000000d5700000,0x00000000d5700000,0x00000000dd900000)
  from space 5120K, 0% used [0x00000000dde00000,0x00000000dde00000,0x00000000de300000)
  to   space 5120K, 0% used [0x00000000dd900000,0x00000000dd900000,0x00000000dde00000)
 ParOldGen       total 120832K, used 44390K [0x0000000080400000, 0x0000000087a00000, 0x00000000d5700000)
  object space 120832K, 36% used [0x0000000080400000,0x0000000082f59828,0x0000000087a00000)
 Metaspace       used 13965K, capacity 14142K, committed 14464K, reserved 1062912K
  class space    used 1593K, capacity 1641K, committed 1664K, reserved 1048576K
}
Event: 3.006 GC heap before
{Heap before GC invocations=6 (full 1):
 PSYoungGen      total 138240K, used 133120K [0x00000000d5700000, 0x00000000de300000, 0x0000000100000000)
  eden space 133120K, 100% used [0x00000000d5700000,0x00000000dd900000,0x00000000dd900000)
  from space 5120K, 0% used [0x00000000dde00000,0x00000000dde00000,0x00000000de300000)
  to   space 5120K, 0% used [0x00000000dd900000,0x00000000dd900000,0x00000000dde00000)
 ParOldGen       total 120832K, used 44390K [0x0000000080400000, 0x0000000087a00000, 0x00000000d5700000)
  object space 120832K, 36% used [0x0000000080400000,0x0000000082f59828,0x0000000087a00000)
 Metaspace       used 15447K, capacity 15658K, committed 16000K, reserved 1062912K
  class space    used 2042K, capacity 2123K, committed 2176K, reserved 1048576K
Event: 3.009 GC heap after
Heap after GC invocations=6 (full 1):
 PSYoungGen      total 138240K, used 1025K [0x00000000d5700000, 0x00000000e7c00000, 0x0000000100000000)
  eden space 133120K, 0% used [0x00000000d5700000,0x00000000d5700000,0x00000000dd900000)
  from space 5120K, 20% used [0x00000000dd900000,0x00000000dda004b8,0x00000000dde00000)
  to   space 39424K, 0% used [0x00000000e5580000,0x00000000e5580000,0x00000000e7c00000)
 ParOldGen       total 120832K, used 44398K [0x0000000080400000, 0x0000000087a00000, 0x00000000d5700000)
  object space 120832K, 36% used [0x0000000080400000,0x0000000082f5b828,0x0000000087a00000)
 Metaspace       used 15447K, capacity 15658K, committed 16000K, reserved 1062912K
  class space    used 2042K, capacity 2123K, committed 2176K, reserved 1048576K
}
Event: 3.961 GC heap before
{Heap before GC invocations=7 (full 1):
 PSYoungGen      total 138240K, used 134145K [0x00000000d5700000, 0x00000000e7c00000, 0x0000000100000000)
  eden space 133120K, 100% used [0x00000000d5700000,0x00000000dd900000,0x00000000dd900000)
  from space 5120K, 20% used [0x00000000dd900000,0x00000000dda004b8,0x00000000dde00000)
  to   space 39424K, 0% used [0x00000000e5580000,0x00000000e5580000,0x00000000e7c00000)
 ParOldGen       total 120832K, used 44398K [0x0000000080400000, 0x0000000087a00000, 0x00000000d5700000)
  object space 120832K, 36% used [0x0000000080400000,0x0000000082f5b828,0x0000000087a00000)
 Metaspace       used 15809K, capacity 15986K, committed 16256K, reserved 1062912K
  class space    used 2045K, capacity 2123K, committed 2176K, reserved 1048576K
Event: 3.963 GC heap after
Heap after GC invocations=7 (full 1):
 PSYoungGen      total 245248K, used 656K [0x00000000d5700000, 0x00000000e7480000, 0x0000000100000000)
  eden space 213504K, 0% used [0x00000000d5700000,0x00000000d5700000,0x00000000e2780000)
  from space 31744K, 2% used [0x00000000e5580000,0x00000000e5624010,0x00000000e7480000)
  to   space 39424K, 0% used [0x00000000e2780000,0x00000000e2780000,0x00000000e4e00000)
 ParOldGen       total 120832K, used 44406K [0x0000000080400000, 0x0000000087a00000, 0x00000000d5700000)
  object space 120832K, 36% used [0x0000000080400000,0x0000000082f5d828,0x0000000087a00000)
 Metaspace       used 15809K, capacity 15986K, committed 16256K, reserved 1062912K
  class space    used 2045K, capacity 2123K, committed 2176K, reserved 1048576K
}

Deoptimization events (10 events):
Event: 4.582 Thread 0x000000001ce7b800 Uncommon trap: reason=range_check action=none pc=0x000000000499a308 method=com.IB.SL.graphics.Screen.renderParallax(ILcom/IB/SL/graphics/SpriteSheet;Lcom/IB/SL/graphics/SpriteSheet;Lcom/IB/SL/graphics/SpriteSheet;I)V @ 165
Event: 4.585 Thread 0x000000001ce7b800 Uncommon trap: reason=range_check action=none pc=0x000000000499a308 method=com.IB.SL.graphics.Screen.renderParallax(ILcom/IB/SL/graphics/SpriteSheet;Lcom/IB/SL/graphics/SpriteSheet;Lcom/IB/SL/graphics/SpriteSheet;I)V @ 165
Event: 4.588 Thread 0x000000001ce7b800 Uncommon trap: reason=range_check action=none pc=0x000000000499a308 method=com.IB.SL.graphics.Screen.renderParallax(ILcom/IB/SL/graphics/SpriteSheet;Lcom/IB/SL/graphics/SpriteSheet;Lcom/IB/SL/graphics/SpriteSheet;I)V @ 165
Event: 4.591 Thread 0x000000001ce7b800 Uncommon trap: reason=range_check action=none pc=0x000000000499a308 method=com.IB.SL.graphics.Screen.renderParallax(ILcom/IB/SL/graphics/SpriteSheet;Lcom/IB/SL/graphics/SpriteSheet;Lcom/IB/SL/graphics/SpriteSheet;I)V @ 165
Event: 4.594 Thread 0x000000001ce7b800 Uncommon trap: reason=range_check action=none pc=0x000000000499a308 method=com.IB.SL.graphics.Screen.renderParallax(ILcom/IB/SL/graphics/SpriteSheet;Lcom/IB/SL/graphics/SpriteSheet;Lcom/IB/SL/graphics/SpriteSheet;I)V @ 165
Event: 4.597 Thread 0x000000001ce7b800 Uncommon trap: reason=range_check action=none pc=0x000000000499a308 method=com.IB.SL.graphics.Screen.renderParallax(ILcom/IB/SL/graphics/SpriteSheet;Lcom/IB/SL/graphics/SpriteSheet;Lcom/IB/SL/graphics/SpriteSheet;I)V @ 165
Event: 4.599 Thread 0x000000001ce7b800 Uncommon trap: reason=range_check action=none pc=0x000000000499a308 method=com.IB.SL.graphics.Screen.renderParallax(ILcom/IB/SL/graphics/SpriteSheet;Lcom/IB/SL/graphics/SpriteSheet;Lcom/IB/SL/graphics/SpriteSheet;I)V @ 165
Event: 4.603 Thread 0x000000001ce7b800 Uncommon trap: reason=range_check action=none pc=0x000000000499a308 method=com.IB.SL.graphics.Screen.renderParallax(ILcom/IB/SL/graphics/SpriteSheet;Lcom/IB/SL/graphics/SpriteSheet;Lcom/IB/SL/graphics/SpriteSheet;I)V @ 165
Event: 4.603 Thread 0x000000001c2cb000 Uncommon trap: reason=unstable_if action=reinterpret pc=0x0000000004a5684c method=java.lang.reflect.Method.invoke(Ljava/lang/Object;[Ljava/lang/Object;)Ljava/lang/Object; @ 45
Event: 4.603 Thread 0x000000001c2cb000 Uncommon trap: reason=class_check action=maybe_recompile pc=0x0000000004aa6544 method=sun.reflect.DelegatingMethodAccessorImpl.invoke(Ljava/lang/Object;[Ljava/lang/Object;)Ljava/lang/Object; @ 6

Internal exceptions (10 events):
Event: 4.585 Thread 0x000000001ce7b800 Exception <a 'java/lang/ArrayIndexOutOfBoundsException': 104544> (0x00000000d5ad4c60) thrown at [C:\re\workspace\8-2-build-windows-amd64-cygwin\jdk8u151\9699\hotspot\src\share\vm\interpreter\interpreterRuntime.cpp, line 366]
Event: 4.588 Thread 0x000000001ce7b800 Exception <a 'java/lang/ArrayIndexOutOfBoundsException': 104544> (0x00000000d5ad6538) thrown at [C:\re\workspace\8-2-build-windows-amd64-cygwin\jdk8u151\9699\hotspot\src\share\vm\interpreter\interpreterRuntime.cpp, line 366]
Event: 4.591 Thread 0x000000001ce7b800 Exception <a 'java/lang/ArrayIndexOutOfBoundsException': 104544> (0x00000000d5ad7e10) thrown at [C:\re\workspace\8-2-build-windows-amd64-cygwin\jdk8u151\9699\hotspot\src\share\vm\interpreter\interpreterRuntime.cpp, line 366]
Event: 4.593 Thread 0x000000001ce7b800 Exception <a 'java/lang/NullPointerException'> (0x00000000d5ada978) thrown at [C:\re\workspace\8-2-build-windows-amd64-cygwin\jdk8u151\9699\hotspot\src\share\vm\interpreter\linkResolver.cpp, line 1183]
Event: 4.594 Thread 0x000000001ce7b800 Exception <a 'java/lang/ArrayIndexOutOfBoundsException': 104544> (0x00000000d5adbf60) thrown at [C:\re\workspace\8-2-build-windows-amd64-cygwin\jdk8u151\9699\hotspot\src\share\vm\interpreter\interpreterRuntime.cpp, line 366]
Event: 4.597 Thread 0x000000001ce7b800 Exception <a 'java/lang/ArrayIndexOutOfBoundsException': 104544> (0x00000000db7fd5e8) thrown at [C:\re\workspace\8-2-build-windows-amd64-cygwin\jdk8u151\9699\hotspot\src\share\vm\interpreter\interpreterRuntime.cpp, line 366]
Event: 4.599 Thread 0x000000001ce7b800 Exception <a 'java/lang/ArrayIndexOutOfBoundsException': 104544> (0x00000000db7feec0) thrown at [C:\re\workspace\8-2-build-windows-amd64-cygwin\jdk8u151\9699\hotspot\src\share\vm\interpreter\interpreterRuntime.cpp, line 366]
Event: 4.603 Thread 0x000000001ce7b800 Exception <a 'java/lang/ArrayIndexOutOfBoundsException': 104544> (0x00000000db800798) thrown at [C:\re\workspace\8-2-build-windows-amd64-cygwin\jdk8u151\9699\hotspot\src\share\vm\interpreter\interpreterRuntime.cpp, line 366]
Event: 4.603 Thread 0x000000001c2cb000 Implicit null exception at 0x0000000004a5664f to 0x0000000004a56841
Event: 4.678 Thread 0x000000001ce7b800 Exception <a 'java/lang/NullPointerException'> (0x00000000db804198) thrown at [C:\re\workspace\8-2-build-windows-amd64-cygwin\jdk8u151\9699\hotspot\src\share\vm\interpreter\linkResolver.cpp, line 1183]

Events (10 events):
Event: 4.604 loading class java/lang/ProcessBuilder done
Event: 4.604 loading class java/lang/ProcessImpl
Event: 4.605 loading class java/lang/Process
Event: 4.605 loading class java/lang/Process done
Event: 4.605 loading class java/lang/ProcessImpl done
Event: 4.618 loading class java/lang/ProcessImpl$2
Event: 4.618 loading class java/lang/ProcessImpl$2 done
Event: 4.618 Thread 0x000000001c2cb000 Thread exited: 0x000000001c2cb000
Event: 4.674 Thread 0x000000001ce7b800 DEOPT PACKING pc=0x0000000004b76aa4 sp=0x0000000025ccf390
Event: 4.674 Thread 0x000000001ce7b800 DEOPT UNPACKING pc=0x00000000045c747f sp=0x0000000025ccf0c8 mode 1


Dynamic libraries:
0x00007ff6fffa0000 - 0x00007ff6fffd7000 	C:\Program Files\Java\jdk1.8.0_151\bin\javaw.exe
0x00007ff97ddb0000 - 0x00007ff97df90000 	C:\Windows\SYSTEM32\ntdll.dll
0x00007ff97d890000 - 0x00007ff97d93e000 	C:\Windows\System32\KERNEL32.DLL
0x00007ff97a6f0000 - 0x00007ff97a956000 	C:\Windows\System32\KERNELBASE.dll
0x00007ff97d9d0000 - 0x00007ff97da71000 	C:\Windows\System32\ADVAPI32.dll
0x00007ff97db70000 - 0x00007ff97dc0d000 	C:\Windows\System32\msvcrt.dll
0x00007ff97c100000 - 0x00007ff97c15b000 	C:\Windows\System32\sechost.dll
0x00007ff97b320000 - 0x00007ff97b43f000 	C:\Windows\System32\RPCRT4.dll
0x00007ff97bf70000 - 0x00007ff97c0ff000 	C:\Windows\System32\USER32.dll
0x00007ff97a480000 - 0x00007ff97a4a0000 	C:\Windows\System32\win32u.dll
0x00007ff97d940000 - 0x00007ff97d968000 	C:\Windows\System32\GDI32.dll
0x00007ff97a550000 - 0x00007ff97a6e3000 	C:\Windows\System32\gdi32full.dll
0x00007ff97aa10000 - 0x00007ff97aaab000 	C:\Windows\System32\msvcp_win.dll
0x00007ff97a1b0000 - 0x00007ff97a2a6000 	C:\Windows\System32\ucrtbase.dll
0x00007ff970920000 - 0x00007ff970b89000 	C:\Windows\WinSxS\amd64_microsoft.windows.common-controls_6595b64144ccf1df_6.0.16299.192_none_15c8cdae9364c23b\COMCTL32.dll
0x00007ff97b440000 - 0x00007ff97b748000 	C:\Windows\System32\combase.dll
0x00007ff97aab0000 - 0x00007ff97ab22000 	C:\Windows\System32\bcryptPrimitives.dll
0x00007ff97b2f0000 - 0x00007ff97b31d000 	C:\Windows\System32\IMM32.DLL
0x00000000732e0000 - 0x00000000733b2000 	C:\Program Files\Java\jdk1.8.0_151\jre\bin\msvcr100.dll
0x00000000737b0000 - 0x000000007404d000 	C:\Program Files\Java\jdk1.8.0_151\jre\bin\server\jvm.dll
0x00007ff97b950000 - 0x00007ff97b958000 	C:\Windows\System32\PSAPI.DLL
0x00007ff977030000 - 0x00007ff977039000 	C:\Windows\SYSTEM32\WSOCK32.dll
0x00007ff97b280000 - 0x00007ff97b2ec000 	C:\Windows\System32\WS2_32.dll
0x00007ff9784d0000 - 0x00007ff9784f3000 	C:\Windows\SYSTEM32\WINMM.dll
0x00007ff975180000 - 0x00007ff97518a000 	C:\Windows\SYSTEM32\VERSION.dll
0x00007ff978440000 - 0x00007ff97846a000 	C:\Windows\SYSTEM32\WINMMBASE.dll
0x00007ff97a9c0000 - 0x00007ff97aa0a000 	C:\Windows\System32\cfgmgr32.dll
0x00000000736c0000 - 0x00000000736cf000 	C:\Program Files\Java\jdk1.8.0_151\jre\bin\verify.dll
0x0000000073690000 - 0x00000000736b9000 	C:\Program Files\Java\jdk1.8.0_151\jre\bin\java.dll
0x0000000073220000 - 0x0000000073255000 	C:\Program Files\Java\jdk1.8.0_151\jre\bin\jdwp.dll
0x00000000732d0000 - 0x00000000732d8000 	C:\Program Files\Java\jdk1.8.0_151\jre\bin\npt.dll
0x0000000073670000 - 0x0000000073686000 	C:\Program Files\Java\jdk1.8.0_151\jre\bin\zip.dll
0x00007ff97c450000 - 0x00007ff97d886000 	C:\Windows\System32\SHELL32.dll
0x00007ff97c320000 - 0x00007ff97c3c6000 	C:\Windows\System32\shcore.dll
0x00007ff97ab30000 - 0x00007ff97b277000 	C:\Windows\System32\windows.storage.dll
0x00007ff97d970000 - 0x00007ff97d9c1000 	C:\Windows\System32\shlwapi.dll
0x00007ff97a190000 - 0x00007ff97a1a1000 	C:\Windows\System32\kernel.appcore.dll
0x00007ff97a100000 - 0x00007ff97a14c000 	C:\Windows\System32\powrprof.dll
0x00007ff97a150000 - 0x00007ff97a16b000 	C:\Windows\System32\profapi.dll
0x00000000732c0000 - 0x00000000732c9000 	C:\Program Files\Java\jdk1.8.0_151\jre\bin\dt_socket.dll
0x00007ff976fe0000 - 0x00007ff976ff6000 	C:\Windows\system32\napinsp.dll
0x00007ff977000000 - 0x00007ff97701a000 	C:\Windows\system32\pnrpnsp.dll
0x00007ff976ef0000 - 0x00007ff976f08000 	C:\Windows\system32\NLAapi.dll
0x00007ff979990000 - 0x00007ff9799f6000 	C:\Windows\System32\mswsock.dll
0x00007ff979760000 - 0x00007ff979816000 	C:\Windows\SYSTEM32\DNSAPI.dll
0x00007ff97bec0000 - 0x00007ff97bec8000 	C:\Windows\System32\NSI.dll
0x00007ff979720000 - 0x00007ff979759000 	C:\Windows\SYSTEM32\IPHLPAPI.DLL
0x00007ff977020000 - 0x00007ff97702e000 	C:\Windows\System32\winrnr.dll
0x00007ff9726b0000 - 0x00007ff972720000 	C:\Windows\System32\fwpuclnt.dll
0x00007ff979c60000 - 0x00007ff979c85000 	C:\Windows\SYSTEM32\bcrypt.dll
0x00007ff972550000 - 0x00007ff97255a000 	C:\Windows\System32\rasadhlp.dll
0x0000000073490000 - 0x0000000073628000 	C:\Program Files\Java\jdk1.8.0_151\jre\bin\awt.dll
0x00007ff97da80000 - 0x00007ff97db45000 	C:\Windows\System32\OLEAUT32.dll
0x00007ff9785f0000 - 0x00007ff978678000 	C:\Windows\SYSTEM32\apphelp.dll
0x00007ff979b50000 - 0x00007ff979b67000 	C:\Windows\SYSTEM32\CRYPTSP.dll
0x00007ff9795a0000 - 0x00007ff9795d3000 	C:\Windows\system32\rsaenh.dll
0x00007ff97a000000 - 0x00007ff97a029000 	C:\Windows\SYSTEM32\USERENV.dll
0x00007ff979b70000 - 0x00007ff979b7b000 	C:\Windows\SYSTEM32\CRYPTBASE.dll
0x0000000073650000 - 0x000000007366a000 	C:\Program Files\Java\jdk1.8.0_151\jre\bin\net.dll
0x00007ff974e20000 - 0x00007ff974e36000 	C:\Windows\SYSTEM32\dhcpcsvc6.DLL
0x00007ff975420000 - 0x00007ff97543a000 	C:\Windows\SYSTEM32\dhcpcsvc.DLL
0x0000000073630000 - 0x0000000073641000 	C:\Program Files\Java\jdk1.8.0_151\jre\bin\nio.dll
0x0000000180000000 - 0x0000000180037000 	C:\Users\Nate\AppData\Local\Temp\jna7395934601658205702.dll
0x00007ff9553f0000 - 0x00007ff95548b000 	C:\Users\Nate\AppData\Local\Temp\discord-rpc.jar\discord-rpc.dll
0x00007ff9789b0000 - 0x00007ff9789da000 	C:\Windows\system32\DWMAPI.DLL
0x00007ff9788e0000 - 0x00007ff978975000 	C:\Windows\system32\uxtheme.dll
0x00007ff956180000 - 0x00007ff95629e000 	C:\Windows\system32\opengl32.dll
0x00007ff977090000 - 0x00007ff9770bc000 	C:\Windows\SYSTEM32\GLU32.dll
0x00007ff97dc10000 - 0x00007ff97dd77000 	C:\Windows\System32\MSCTF.dll
0x00007ff9542c0000 - 0x00007ff9542e8000 	c:\program files\nvidia corporation\nvstreamsrv\nvinject.dll
0x00007ff97c160000 - 0x00007ff97c2a9000 	C:\Windows\System32\ole32.dll
0x00007ff97a2b0000 - 0x00007ff97a47e000 	C:\Windows\System32\crypt32.dll
0x00007ff97a170000 - 0x00007ff97a182000 	C:\Windows\System32\MSASN1.dll
0x00007ff97a960000 - 0x00007ff97a9b8000 	C:\Windows\System32\WINTRUST.DLL
0x00007ff97db50000 - 0x00007ff97db6d000 	C:\Windows\System32\imagehlp.dll
0x00007ff9688b0000 - 0x00007ff968b04000 	C:\Windows\system32\nvspcap64.dll
0x00007ff979240000 - 0x00007ff979271000 	C:\Windows\SYSTEM32\ntmarta.dll
0x00007ff96bdd0000 - 0x00007ff96bebb000 	C:\Program Files (x86)\NVIDIA Corporation\3D Vision\nvSCPAPI64.dll
0x00007ff97ba70000 - 0x00007ff97bebe000 	C:\Windows\System32\SETUPAPI.dll
0x0000000073440000 - 0x0000000073487000 	C:\Program Files\Java\jdk1.8.0_151\jre\bin\fontmanager.dll
0x00007ff96adf0000 - 0x00007ff96ae88000 	C:\Windows\System32\TextInputFramework.dll
0x00007ff974e90000 - 0x00007ff97517e000 	C:\Windows\System32\CoreUIComponents.dll
0x00007ff977e30000 - 0x00007ff977f0c000 	C:\Windows\System32\CoreMessaging.dll
0x00007ff976320000 - 0x00007ff976456000 	C:\Windows\SYSTEM32\wintypes.dll
0x00007ff96bfa0000 - 0x00007ff96c168000 	C:\Windows\SYSTEM32\dbghelp.dll

VM Arguments:
jvm_args: -agentlib:jdwp=transport=dt_socket,suspend=y,address=localhost:57730 -Dfile.encoding=Cp1252 
java_command: com.IB.SL.Boot -resizeable -Dorg.lwjgl.util.Debug=true
java_class_path (initial): C:\Program Files\Java\jdk1.8.0_151\jre\lib\resources.jar;C:\Program Files\Java\jdk1.8.0_151\jre\lib\rt.jar;C:\Program Files\Java\jdk1.8.0_151\jre\lib\jsse.jar;C:\Program Files\Java\jdk1.8.0_151\jre\lib\jce.jar;C:\Program Files\Java\jdk1.8.0_151\jre\lib\charsets.jar;C:\Program Files\Java\jdk1.8.0_151\jre\lib\jfr.jar;C:\Program Files\Java\jdk1.8.0_151\jre\lib\ext\access-bridge-64.jar;C:\Program Files\Java\jdk1.8.0_151\jre\lib\ext\cldrdata.jar;C:\Program Files\Java\jdk1.8.0_151\jre\lib\ext\dnsns.jar;C:\Program Files\Java\jdk1.8.0_151\jre\lib\ext\jaccess.jar;C:\Program Files\Java\jdk1.8.0_151\jre\lib\ext\jfxrt.jar;C:\Program Files\Java\jdk1.8.0_151\jre\lib\ext\localedata.jar;C:\Program Files\Java\jdk1.8.0_151\jre\lib\ext\nashorn.jar;C:\Program Files\Java\jdk1.8.0_151\jre\lib\ext\sunec.jar;C:\Program Files\Java\jdk1.8.0_151\jre\lib\ext\sunjce_provider.jar;C:\Program Files\Java\jdk1.8.0_151\jre\lib\ext\sunmscapi.jar;C:\Program Files\Java\jdk1.8.0_151\jre\lib\ext\sunpkcs11.jar;C:\Program Files\Java\jdk1.8.0_151\jre\lib\ext\zipfs.jar;E:\Dev\Square Legacy 2\Square-Legacy-2\Game\bin;E:\Dev\Square Legacy 2\Square-Legacy-2\Game\res;E:\Dev\Square Legacy 2\Square-Legacy-2\Game\lib\easyogg.jar;E:\Dev\Square Legacy 2\Square-Legacy-2\Game\lib\jogg-0.0.7.jar;E:\Dev\Square Legacy 2\Square-Legacy-2\Game\lib\jorbis-0.0.15.jar;E:\Dev\Square Legacy 2\Square-Legacy-2\Game\lib\startup2.jar;E:\Dev\Square Legacy 2\Square-Legacy-2\Game\lib\lwjgl3\lwjgl.jar;E:\Dev\Square Legacy 2\Square-Legacy-2\Game\lib\lwjgl3\lwjgl-assimp.jar;E:\Dev\Square Legacy 2\Square-Legacy-2\Game\lib\lwjgl3\lwjgl-assimp-natives-windows.jar;E:\Dev\Square Legacy 2\Square-Legacy-2\Game\lib\lwjgl3\lwjgl-bgfx.jar;E:\Dev\Square Legacy 2\Square-Legacy-2\Game\lib\lwjgl3\lwjgl-bgfx-natives-windows.jar;E:\Dev\Square Legacy 2\Square-Legacy-2\Game\lib\lwjgl3\lwjgl-egl.jar;E:\Dev\Square Legacy 2\Square-Legacy-2\Game\lib\lwjgl3\lwjgl-glfw.jar;E:\Dev\Square Legacy 2\Square-Legacy-2\Game\lib\lwjgl3\lwjgl-gl
Launcher Type: SUN_STANDARD

Environment Variables:
PATH=C:\Program Files\Java\jdk1.8.0_151\jre\bin;C:/Program Files/Java/jdk1.8.0_151/jre/bin/server;C:/Program Files/Java/jdk1.8.0_151/jre/bin;C:/Program Files/Java/jdk1.8.0_151/jre/lib/amd64;C:\ProgramData\Oracle\Java\javapath;C:\Windows\system32;C:\Windows;C:\Windows\System32\Wbem;C:\Windows\System32\WindowsPowerShell\v1.0\;C:\Program Files (x86)\NVIDIA Corporation\PhysX\Common;C:\Users\Nate\AppData\Local\Microsoft\WindowsApps;C:\Users\Nate\Downloads\apache-maven-3.5.2\bin;C:\Program Files\Java\jdk1.8.0_151\bin;;C:\Users\Nate\Desktop;
USERNAME=Nate
OS=Windows_NT
PROCESSOR_IDENTIFIER=AMD64 Family 21 Model 2 Stepping 0, AuthenticAMD



---------------  S Y S T E M  ---------------

OS: Windows 10.0 , 64 bit Build 16299 (10.0.16299.15)

CPU:total 6 (initial active 6) (6 cores per cpu, 1 threads per core) family 21 model 2 stepping 0, cmov, cx8, fxsr, mmx, sse, sse2, sse3, ssse3, sse4.1, sse4.2, popcnt, avx, aes, clmul, mmxext, 3dnowpref, lzcnt, sse4a, tsc, tscinvbit, tscinv, bmi1

Memory: 4k page, physical 8369704k(3908956k free), swap 14661160k(7364824k free)

vm_info: Java HotSpot(TM) 64-Bit Server VM (25.151-b12) for windows-amd64 JRE (1.8.0_151-b12), built on Sep  5 2017 19:33:46 by "java_re" with MS VC++ 10.0 (VS2010)

time: Wed Jan 17 20:27:06 2018
elapsed time: 4 seconds (0d 0h 0m 4s)

