#
# A fatal error has been detected by the Java Runtime Environment:
#
#  EXCEPTION_ACCESS_VIOLATION (0xc0000005) at pc=0x00000000738eeba7, pid=9000, tid=0x0000000000003810
#
# JRE version: Java(TM) SE Runtime Environment (8.0_151-b12) (build 1.8.0_151-b12)
# Java VM: Java HotSpot(TM) 64-Bit Server VM (25.151-b12 mixed mode windows-amd64 compressed oops)
# Problematic frame:
# V  [jvm.dll+0x13eba7]
#
# Failed to write core dump. Minidumps are not enabled by default on client versions of Windows
#
# If you would like to submit a bug report, please visit:
#   http://bugreport.java.com/bugreport/crash.jsp
#

---------------  T H R E A D  ---------------

Current thread (0x000000001d36c000):  JavaThread "Game" [_thread_in_vm, id=14352, stack(0x00000000267f0000,0x00000000268f0000)]

siginfo: ExceptionCode=0xc0000005, reading address 0x0000000000000000

Registers:
RAX=0x0000000000000000, RBX=0x000000001d36c000, RCX=0x0000000000000c00, RDX=0x000000001da9af20
RSP=0x00000000268ee810, RBP=0x0000000000000000, RSI=0x000000001da9af20, RDI=0x0000000000000101
R8 =0x0000000000000000, R9 =0x00000000da711c90, R10=0x00000000052a09a0, R11=0x00000000739db4d0
R12=0x0000000000000000, R13=0x0000000019d07968, R14=0x00000000268eeb08, R15=0x000000001d36c000
RIP=0x00000000738eeba7, EFLAGS=0x0000000000010202

Top of Stack: (sp=0x00000000268ee810)
0x00000000268ee810:   0000917a08d26682 00000000268ee8c0
0x00000000268ee820:   0000000000000136 0000000000000108
0x00000000268ee830:   0000000000000136 0000000180001419
0x00000000268ee840:   0000000019d07968 00000000268ee8c0
0x00000000268ee850:   0000000000000108 0000000019d07968
0x00000000268ee860:   0000000000000070 00000000052a09a0
0x00000000268ee870:   00000000739db4d0 00000001800012c2
0x00000000268ee880:   00000000739db4d0 0000000180001289
0x00000000268ee890:   0000000019d07968 0000000000000000
0x00000000268ee8a0:   da710ea8da710e60 00000000052a1210
0x00000000268ee8b0:   000000001d36c1f8 00000000da711a50
0x00000000268ee8c0:   00000000da710cf8 0000000000000068
0x00000000268ee8d0:   0000000000000000 00000000052883fd
0x00000000268ee8e0:   00000000268ee890 0000000000000000
0x00000000268ee8f0:   0000000000000000 0000000000000000
0x00000000268ee900:   00000000268ee880 00000000199a03f0 

Instructions: (pc=0x00000000738eeba7)
0x00000000738eeb87:   00 00 00 30 74 08 48 8b cb e8 8b 39 10 00 c7 83
0x00000000738eeb97:   70 02 00 00 06 00 00 00 40 b7 01 48 85 f6 74 60
0x00000000738eeba7:   48 8b 4d 00 40 32 ff e8 ad 9a f2 ff 48 8b d0 48
0x00000000738eebb7:   85 c0 74 4c 40 38 3d 1f f9 6c 00 4c 8b 06 74 16 


Register to memory mapping:

RAX=0x0000000000000000 is an unknown value
RBX=0x000000001d36c000 is a thread
RCX=0x0000000000000c00 is an unknown value
RDX=0x000000001da9af20 is an unknown value
RSP=0x00000000268ee810 is pointing into the stack for thread: 0x000000001d36c000
RBP=0x0000000000000000 is an unknown value
RSI=0x000000001da9af20 is an unknown value
RDI=0x0000000000000101 is an unknown value
R8 =0x0000000000000000 is an unknown value
R9 =0x00000000da711c90 is an oop
[Ljava.lang.Object; 
 - klass: 'java/lang/Object'[]
 - length: 1
R10=0x00000000052a09a0 is at code_begin+1632 in an Interpreter codelet
method entry point (kind = native)  [0x00000000052a0340, 0x00000000052a1360]  4128 bytes
R11=0x00000000739db4d0 is an unknown value
R12=0x0000000000000000 is an unknown value
R13={method} {0x0000000019d07970} 'invokeVoid' '(I[Ljava/lang/Object;)V' in 'com/sun/jna/Function'
R14=0x00000000268eeb08 is pointing into the stack for thread: 0x000000001d36c000
R15=0x000000001d36c000 is a thread


Stack: [0x00000000267f0000,0x00000000268f0000],  sp=0x00000000268ee810,  free space=1018k
Native frames: (J=compiled Java code, j=interpreted, Vv=VM code, C=native code)

Java frames: (J=compiled Java code, j=interpreted, Vv=VM code)
j  com.sun.jna.Function.invokeVoid(I[Ljava/lang/Object;)V+0
j  com.sun.jna.Function.invoke([Ljava/lang/Object;Ljava/lang/Class;Z)Ljava/lang/Object;+45
j  com.sun.jna.Function.invoke(Ljava/lang/Class;[Ljava/lang/Object;Ljava/util/Map;)Ljava/lang/Object;+214
j  com.sun.jna.Library$Handler.invoke(Ljava/lang/Object;Ljava/lang/reflect/Method;[Ljava/lang/Object;)Ljava/lang/Object;+341
j  net.arikia.dev.drpc.$Proxy0.Discord_UpdatePresence(Lnet/arikia/dev/drpc/DiscordRichPresence;)V+16
j  net.arikia.dev.drpc.DiscordRPC.discordUpdatePresence(Lnet/arikia/dev/drpc/DiscordRichPresence;)V+4
j  com.IB.SL.Game.createNewPresence()V+87
j  com.IB.SL.entity.mob.Player.update()V+675
j  com.IB.SL.entity.mob.PlayerMP.update()V+1
j  com.IB.SL.level.Level.update()V+577
j  com.IB.SL.Game.update()V+18
j  com.IB.SL.Game.run()V+57
j  java.lang.Thread.run()V+11
v  ~StubRoutines::call_stub

---------------  P R O C E S S  ---------------

Java Threads: ( => current thread )
  0x000000001d36c800 JavaThread "LUA For /XML/Levels/a10/script.lua" [_thread_in_Java, id=7024, stack(0x0000000029110000,0x0000000029210000)]
  0x000000001d369800 JavaThread "DestroyJavaVM" [_thread_blocked, id=15444, stack(0x0000000005080000,0x0000000005180000)]
=>0x000000001d36c000 JavaThread "Game" [_thread_in_vm, id=14352, stack(0x00000000267f0000,0x00000000268f0000)]
  0x000000001d36b000 JavaThread "Image Fetcher 0" daemon [_thread_blocked, id=6076, stack(0x0000000025de0000,0x0000000025ee0000)]
  0x000000001d366800 JavaThread "AWT-EventQueue-0" [_thread_blocked, id=4832, stack(0x0000000025ce0000,0x0000000025de0000)]
  0x000000001d366000 JavaThread "AWT-Shutdown" [_thread_blocked, id=8868, stack(0x000000001e830000,0x000000001e930000)]
  0x000000001d369000 JavaThread "Java2D Disposer" daemon [_thread_blocked, id=2864, stack(0x000000001d760000,0x000000001d860000)]
  0x000000001c1d4000 JavaThread "Service Thread" daemon [_thread_blocked, id=15756, stack(0x000000001ca80000,0x000000001cb80000)]
  0x000000001c19a000 JavaThread "C1 CompilerThread2" daemon [_thread_blocked, id=7808, stack(0x000000001c980000,0x000000001ca80000)]
  0x000000001c194000 JavaThread "C2 CompilerThread1" daemon [_thread_blocked, id=15968, stack(0x000000001c880000,0x000000001c980000)]
  0x000000001c193000 JavaThread "C2 CompilerThread0" daemon [_thread_blocked, id=13208, stack(0x000000001c780000,0x000000001c880000)]
  0x000000001c185800 JavaThread "JDWP Command Reader" daemon [_thread_in_native, id=14528, stack(0x000000001c680000,0x000000001c780000)]
  0x000000001c182800 JavaThread "JDWP Event Helper Thread" daemon [_thread_blocked, id=7624, stack(0x000000001c580000,0x000000001c680000)]
  0x000000001a0c3000 JavaThread "JDWP Transport Listener: dt_socket" daemon [_thread_blocked, id=13328, stack(0x000000001c080000,0x000000001c180000)]
  0x000000001a0b6800 JavaThread "Attach Listener" daemon [_thread_blocked, id=15648, stack(0x000000001bc40000,0x000000001bd40000)]
  0x000000001a0b3800 JavaThread "Signal Dispatcher" daemon [_thread_blocked, id=13256, stack(0x000000001bb40000,0x000000001bc40000)]
  0x000000001a0a2000 JavaThread "Finalizer" daemon [_thread_blocked, id=14532, stack(0x000000001b950000,0x000000001ba50000)]
  0x0000000005277000 JavaThread "Reference Handler" daemon [_thread_blocked, id=14000, stack(0x000000001b850000,0x000000001b950000)]

Other Threads:
  0x000000001a077800 VMThread [stack: 0x000000001b750000,0x000000001b850000] [id=12228]
  0x000000001c28a000 WatcherThread [stack: 0x000000001cb80000,0x000000001cc80000] [id=12812]

VM state:not at safepoint (normal execution)

VM Mutex/Monitor currently owned by a thread: None

Heap:
 PSYoungGen      total 300544K, used 200890K [0x00000000d5700000, 0x00000000e9f00000, 0x0000000100000000)
  eden space 266240K, 73% used [0x00000000d5700000,0x00000000e15e1710,0x00000000e5b00000)
  from space 34304K, 15% used [0x00000000e7d80000,0x00000000e82cd2f8,0x00000000e9f00000)
  to   space 34816K, 0% used [0x00000000e5b00000,0x00000000e5b00000,0x00000000e7d00000)
 ParOldGen       total 87552K, used 54584K [0x0000000080400000, 0x0000000085980000, 0x00000000d5700000)
  object space 87552K, 62% used [0x0000000080400000,0x000000008394e3c8,0x0000000085980000)
 Metaspace       used 16012K, capacity 16220K, committed 16512K, reserved 1062912K
  class space    used 2064K, capacity 2158K, committed 2176K, reserved 1048576K

Card table byte_map: [0x0000000014640000,0x0000000014a40000] byte_map_base: 0x000000001423e000

Marking Bits: (ParMarkBitMap*) 0x0000000073fcd850
 Begin Bits: [0x00000000152f0000, 0x00000000172e0000)
 End Bits:   [0x00000000172e0000, 0x00000000192d0000)

Polling page: 0x00000000031a0000

CodeCache: size=245760Kb used=7347Kb max_used=7358Kb free=238412Kb
 bounds [0x0000000005280000, 0x00000000059c0000, 0x0000000014280000]
 total_blobs=2309 nmethods=1799 adapters=431
 compilation: enabled

Compilation events (10 events):
Event: 5.541 Thread 0x000000001c19a000 1795       3       com.sun.jna.Pointer::setInt (11 bytes)
Event: 5.541 Thread 0x000000001c19a000 nmethod 1795 0x00000000059abe90 code [0x00000000059ac000, 0x00000000059ac1a8]
Event: 5.541 Thread 0x000000001c19a000 1796       3       com.sun.jna.Memory::getInt (14 bytes)
Event: 5.542 Thread 0x000000001c19a000 nmethod 1796 0x00000000059ab950 code [0x00000000059abac0, 0x00000000059abd98]
Event: 5.575 Thread 0x000000001c193000 1797       4       java.lang.reflect.Modifier::isPublic (12 bytes)
Event: 5.575 Thread 0x000000001c193000 nmethod 1797 0x0000000005452690 code [0x00000000054527c0, 0x00000000054527f8]
Event: 5.590 Thread 0x000000001c19a000 1798       3       java.util.regex.Matcher::getTextLength (10 bytes)
Event: 5.590 Thread 0x000000001c19a000 nmethod 1798 0x00000000059b5550 code [0x00000000059b56c0, 0x00000000059b58e8]
Event: 5.696 Thread 0x000000001c194000 1799       4       java.lang.Math::max (11 bytes)
Event: 5.697 Thread 0x000000001c194000 nmethod 1799 0x00000000056802d0 code [0x0000000005680400, 0x0000000005680458]

GC Heap History (10 events):
Event: 1.508 GC heap before
{Heap before GC invocations=2 (full 0):
 PSYoungGen      total 38400K, used 38170K [0x00000000d5700000, 0x00000000da200000, 0x0000000100000000)
  eden space 33280K, 99% used [0x00000000d5700000,0x00000000d774c040,0x00000000d7780000)
  from space 5120K, 99% used [0x00000000d7780000,0x00000000d7c7a830,0x00000000d7c80000)
  to   space 5120K, 0% used [0x00000000d9d00000,0x00000000d9d00000,0x00000000da200000)
 ParOldGen       total 87552K, used 15821K [0x0000000080400000, 0x0000000085980000, 0x00000000d5700000)
  object space 87552K, 18% used [0x0000000080400000,0x0000000081373598,0x0000000085980000)
 Metaspace       used 8075K, capacity 8248K, committed 8448K, reserved 1056768K
  class space    used 850K, capacity 915K, committed 1024K, reserved 1048576K
Event: 1.522 GC heap after
Heap after GC invocations=2 (full 0):
 PSYoungGen      total 71680K, used 5090K [0x00000000d5700000, 0x00000000da200000, 0x0000000100000000)
  eden space 66560K, 0% used [0x00000000d5700000,0x00000000d5700000,0x00000000d9800000)
  from space 5120K, 99% used [0x00000000d9d00000,0x00000000da1f8b30,0x00000000da200000)
  to   space 5120K, 0% used [0x00000000d9800000,0x00000000d9800000,0x00000000d9d00000)
 ParOldGen       total 87552K, used 29741K [0x0000000080400000, 0x0000000085980000, 0x00000000d5700000)
  object space 87552K, 33% used [0x0000000080400000,0x000000008210b5b8,0x0000000085980000)
 Metaspace       used 8075K, capacity 8248K, committed 8448K, reserved 1056768K
  class space    used 850K, capacity 915K, committed 1024K, reserved 1048576K
}
Event: 3.309 GC heap before
{Heap before GC invocations=3 (full 0):
 PSYoungGen      total 71680K, used 71650K [0x00000000d5700000, 0x00000000da200000, 0x0000000100000000)
  eden space 66560K, 100% used [0x00000000d5700000,0x00000000d9800000,0x00000000d9800000)
  from space 5120K, 99% used [0x00000000d9d00000,0x00000000da1f8b30,0x00000000da200000)
  to   space 5120K, 0% used [0x00000000d9800000,0x00000000d9800000,0x00000000d9d00000)
 ParOldGen       total 87552K, used 29741K [0x0000000080400000, 0x0000000085980000, 0x00000000d5700000)
  object space 87552K, 33% used [0x0000000080400000,0x000000008210b5b8,0x0000000085980000)
 Metaspace       used 14129K, capacity 14334K, committed 14592K, reserved 1062912K
  class space    used 1612K, capacity 1705K, committed 1792K, reserved 1048576K
Event: 3.333 GC heap after
Heap after GC invocations=3 (full 0):
 PSYoungGen      total 71680K, used 5117K [0x00000000d5700000, 0x00000000de300000, 0x0000000100000000)
  eden space 66560K, 0% used [0x00000000d5700000,0x00000000d5700000,0x00000000d9800000)
  from space 5120K, 99% used [0x00000000d9800000,0x00000000d9cff6d0,0x00000000d9d00000)
  to   space 5120K, 0% used [0x00000000dde00000,0x00000000dde00000,0x00000000de300000)
 ParOldGen       total 87552K, used 54416K [0x0000000080400000, 0x0000000085980000, 0x00000000d5700000)
  object space 87552K, 62% used [0x0000000080400000,0x00000000839243c8,0x0000000085980000)
 Metaspace       used 14129K, capacity 14334K, committed 14592K, reserved 1062912K
  class space    used 1612K, capacity 1705K, committed 1792K, reserved 1048576K
}
Event: 3.506 GC heap before
{Heap before GC invocations=4 (full 0):
 PSYoungGen      total 71680K, used 71677K [0x00000000d5700000, 0x00000000de300000, 0x0000000100000000)
  eden space 66560K, 100% used [0x00000000d5700000,0x00000000d9800000,0x00000000d9800000)
  from space 5120K, 99% used [0x00000000d9800000,0x00000000d9cff6d0,0x00000000d9d00000)
  to   space 5120K, 0% used [0x00000000dde00000,0x00000000dde00000,0x00000000de300000)
 ParOldGen       total 87552K, used 54416K [0x0000000080400000, 0x0000000085980000, 0x00000000d5700000)
  object space 87552K, 62% used [0x0000000080400000,0x00000000839243c8,0x0000000085980000)
 Metaspace       used 14152K, capacity 14398K, committed 14592K, reserved 1062912K
  class space    used 1612K, capacity 1705K, committed 1792K, reserved 1048576K
Event: 3.510 GC heap after
Heap after GC invocations=4 (full 0):
 PSYoungGen      total 138240K, used 5104K [0x00000000d5700000, 0x00000000de300000, 0x0000000100000000)
  eden space 133120K, 0% used [0x00000000d5700000,0x00000000d5700000,0x00000000dd900000)
  from space 5120K, 99% used [0x00000000dde00000,0x00000000de2fc1d0,0x00000000de300000)
  to   space 5120K, 0% used [0x00000000dd900000,0x00000000dd900000,0x00000000dde00000)
 ParOldGen       total 87552K, used 54528K [0x0000000080400000, 0x0000000085980000, 0x00000000d5700000)
  object space 87552K, 62% used [0x0000000080400000,0x00000000839403c8,0x0000000085980000)
 Metaspace       used 14152K, capacity 14398K, committed 14592K, reserved 1062912K
  class space    used 1612K, capacity 1705K, committed 1792K, reserved 1048576K
}
Event: 3.833 GC heap before
{Heap before GC invocations=5 (full 0):
 PSYoungGen      total 138240K, used 138224K [0x00000000d5700000, 0x00000000de300000, 0x0000000100000000)
  eden space 133120K, 100% used [0x00000000d5700000,0x00000000dd900000,0x00000000dd900000)
  from space 5120K, 99% used [0x00000000dde00000,0x00000000de2fc1d0,0x00000000de300000)
  to   space 5120K, 0% used [0x00000000dd900000,0x00000000dd900000,0x00000000dde00000)
 ParOldGen       total 87552K, used 54528K [0x0000000080400000, 0x0000000085980000, 0x00000000d5700000)
  object space 87552K, 62% used [0x0000000080400000,0x00000000839403c8,0x0000000085980000)
 Metaspace       used 14226K, capacity 14406K, committed 14592K, reserved 1062912K
  class space    used 1612K, capacity 1705K, committed 1792K, reserved 1048576K
Event: 3.839 GC heap after
Heap after GC invocations=5 (full 0):
 PSYoungGen      total 138240K, used 5091K [0x00000000d5700000, 0x00000000ea000000, 0x0000000100000000)
  eden space 133120K, 0% used [0x00000000d5700000,0x00000000d5700000,0x00000000dd900000)
  from space 5120K, 99% used [0x00000000dd900000,0x00000000dddf8fe0,0x00000000dde00000)
  to   space 35328K, 0% used [0x00000000e7d80000,0x00000000e7d80000,0x00000000ea000000)
 ParOldGen       total 87552K, used 54576K [0x0000000080400000, 0x0000000085980000, 0x00000000d5700000)
  object space 87552K, 62% used [0x0000000080400000,0x000000008394c3c8,0x0000000085980000)
 Metaspace       used 14226K, capacity 14406K, committed 14592K, reserved 1062912K
  class space    used 1612K, capacity 1705K, committed 1792K, reserved 1048576K
}
Event: 4.185 GC heap before
{Heap before GC invocations=6 (full 0):
 PSYoungGen      total 138240K, used 138211K [0x00000000d5700000, 0x00000000ea000000, 0x0000000100000000)
  eden space 133120K, 100% used [0x00000000d5700000,0x00000000dd900000,0x00000000dd900000)
  from space 5120K, 99% used [0x00000000dd900000,0x00000000dddf8fe0,0x00000000dde00000)
  to   space 35328K, 0% used [0x00000000e7d80000,0x00000000e7d80000,0x00000000ea000000)
 ParOldGen       total 87552K, used 54576K [0x0000000080400000, 0x0000000085980000, 0x00000000d5700000)
  object space 87552K, 62% used [0x0000000080400000,0x000000008394c3c8,0x0000000085980000)
 Metaspace       used 14727K, capacity 14918K, committed 15232K, reserved 1062912K
  class space    used 1760K, capacity 1833K, committed 1920K, reserved 1048576K
Event: 4.190 GC heap after
Heap after GC invocations=6 (full 0):
 PSYoungGen      total 300544K, used 5428K [0x00000000d5700000, 0x00000000e9f00000, 0x0000000100000000)
  eden space 266240K, 0% used [0x00000000d5700000,0x00000000d5700000,0x00000000e5b00000)
  from space 34304K, 15% used [0x00000000e7d80000,0x00000000e82cd2f8,0x00000000e9f00000)
  to   space 34816K, 0% used [0x00000000e5b00000,0x00000000e5b00000,0x00000000e7d00000)
 ParOldGen       total 87552K, used 54584K [0x0000000080400000, 0x0000000085980000, 0x00000000d5700000)
  object space 87552K, 62% used [0x0000000080400000,0x000000008394e3c8,0x0000000085980000)
 Metaspace       used 14727K, capacity 14918K, committed 15232K, reserved 1062912K
  class space    used 1760K, capacity 1833K, committed 1920K, reserved 1048576K
}

Deoptimization events (10 events):
Event: 5.602 Thread 0x000000001d36c000 Uncommon trap: reason=range_check action=none pc=0x00000000056c0e88 method=com.IB.SL.graphics.Screen.renderParallax(ILcom/IB/SL/graphics/SpriteSheet;Lcom/IB/SL/graphics/SpriteSheet;Lcom/IB/SL/graphics/SpriteSheet;I)V @ 165
Event: 5.604 Thread 0x000000001d36c000 Uncommon trap: reason=range_check action=none pc=0x00000000056c0e88 method=com.IB.SL.graphics.Screen.renderParallax(ILcom/IB/SL/graphics/SpriteSheet;Lcom/IB/SL/graphics/SpriteSheet;Lcom/IB/SL/graphics/SpriteSheet;I)V @ 165
Event: 5.607 Thread 0x000000001d36c000 Uncommon trap: reason=range_check action=none pc=0x00000000056c0e88 method=com.IB.SL.graphics.Screen.renderParallax(ILcom/IB/SL/graphics/SpriteSheet;Lcom/IB/SL/graphics/SpriteSheet;Lcom/IB/SL/graphics/SpriteSheet;I)V @ 165
Event: 5.609 Thread 0x000000001d36c000 Uncommon trap: reason=range_check action=none pc=0x00000000056c0e88 method=com.IB.SL.graphics.Screen.renderParallax(ILcom/IB/SL/graphics/SpriteSheet;Lcom/IB/SL/graphics/SpriteSheet;Lcom/IB/SL/graphics/SpriteSheet;I)V @ 165
Event: 5.612 Thread 0x000000001d36c000 Uncommon trap: reason=range_check action=none pc=0x00000000056c0e88 method=com.IB.SL.graphics.Screen.renderParallax(ILcom/IB/SL/graphics/SpriteSheet;Lcom/IB/SL/graphics/SpriteSheet;Lcom/IB/SL/graphics/SpriteSheet;I)V @ 165
Event: 5.614 Thread 0x000000001d36c000 Uncommon trap: reason=range_check action=none pc=0x00000000056c0e88 method=com.IB.SL.graphics.Screen.renderParallax(ILcom/IB/SL/graphics/SpriteSheet;Lcom/IB/SL/graphics/SpriteSheet;Lcom/IB/SL/graphics/SpriteSheet;I)V @ 165
Event: 5.617 Thread 0x000000001d36c000 Uncommon trap: reason=range_check action=none pc=0x00000000056c0e88 method=com.IB.SL.graphics.Screen.renderParallax(ILcom/IB/SL/graphics/SpriteSheet;Lcom/IB/SL/graphics/SpriteSheet;Lcom/IB/SL/graphics/SpriteSheet;I)V @ 165
Event: 5.619 Thread 0x000000001def8000 Uncommon trap: reason=unstable_if action=reinterpret pc=0x00000000057d040c method=java.lang.reflect.Method.invoke(Ljava/lang/Object;[Ljava/lang/Object;)Ljava/lang/Object; @ 45
Event: 5.619 Thread 0x000000001def8000 Uncommon trap: reason=class_check action=maybe_recompile pc=0x00000000057cde44 method=sun.reflect.DelegatingMethodAccessorImpl.invoke(Ljava/lang/Object;[Ljava/lang/Object;)Ljava/lang/Object; @ 6
Event: 5.620 Thread 0x000000001d36c000 Uncommon trap: reason=range_check action=none pc=0x00000000056c0e88 method=com.IB.SL.graphics.Screen.renderParallax(ILcom/IB/SL/graphics/SpriteSheet;Lcom/IB/SL/graphics/SpriteSheet;Lcom/IB/SL/graphics/SpriteSheet;I)V @ 165

Internal exceptions (10 events):
Event: 5.604 Thread 0x000000001d36c000 Exception <a 'java/lang/ArrayIndexOutOfBoundsException': 104544> (0x00000000da701328) thrown at [C:\re\workspace\8-2-build-windows-amd64-cygwin\jdk8u151\9699\hotspot\src\share\vm\interpreter\interpreterRuntime.cpp, line 366]
Event: 5.606 Thread 0x000000001d36c000 Exception <a 'java/lang/NullPointerException'> (0x00000000da703ea0) thrown at [C:\re\workspace\8-2-build-windows-amd64-cygwin\jdk8u151\9699\hotspot\src\share\vm\interpreter\linkResolver.cpp, line 1183]
Event: 5.607 Thread 0x000000001d36c000 Exception <a 'java/lang/ArrayIndexOutOfBoundsException': 104544> (0x00000000da705488) thrown at [C:\re\workspace\8-2-build-windows-amd64-cygwin\jdk8u151\9699\hotspot\src\share\vm\interpreter\interpreterRuntime.cpp, line 366]
Event: 5.609 Thread 0x000000001d36c000 Exception <a 'java/lang/ArrayIndexOutOfBoundsException': 104544> (0x00000000da706d60) thrown at [C:\re\workspace\8-2-build-windows-amd64-cygwin\jdk8u151\9699\hotspot\src\share\vm\interpreter\interpreterRuntime.cpp, line 366]
Event: 5.612 Thread 0x000000001d36c000 Exception <a 'java/lang/ArrayIndexOutOfBoundsException': 104544> (0x00000000da708638) thrown at [C:\re\workspace\8-2-build-windows-amd64-cygwin\jdk8u151\9699\hotspot\src\share\vm\interpreter\interpreterRuntime.cpp, line 366]
Event: 5.614 Thread 0x000000001d36c000 Exception <a 'java/lang/ArrayIndexOutOfBoundsException': 104544> (0x00000000da709f10) thrown at [C:\re\workspace\8-2-build-windows-amd64-cygwin\jdk8u151\9699\hotspot\src\share\vm\interpreter\interpreterRuntime.cpp, line 366]
Event: 5.617 Thread 0x000000001d36c000 Exception <a 'java/lang/ArrayIndexOutOfBoundsException': 104544> (0x00000000da70b7e8) thrown at [C:\re\workspace\8-2-build-windows-amd64-cygwin\jdk8u151\9699\hotspot\src\share\vm\interpreter\interpreterRuntime.cpp, line 366]
Event: 5.619 Thread 0x000000001def8000 Implicit null exception at 0x00000000057d020f to 0x00000000057d0401
Event: 5.620 Thread 0x000000001d36c000 Exception <a 'java/lang/ArrayIndexOutOfBoundsException': 104544> (0x00000000da70d0c0) thrown at [C:\re\workspace\8-2-build-windows-amd64-cygwin\jdk8u151\9699\hotspot\src\share\vm\interpreter\interpreterRuntime.cpp, line 366]
Event: 5.696 Thread 0x000000001d36c000 Exception <a 'java/lang/NullPointerException'> (0x00000000da710ad0) thrown at [C:\re\workspace\8-2-build-windows-amd64-cygwin\jdk8u151\9699\hotspot\src\share\vm\interpreter\linkResolver.cpp, line 1183]

Events (10 events):
Event: 5.620 Thread 0x000000001d36c000 DEOPT UNPACKING pc=0x00000000052c747f sp=0x00000000268eeb08 mode 1
Event: 5.620 loading class java/lang/ProcessImpl
Event: 5.620 loading class java/lang/Process
Event: 5.620 loading class java/lang/Process done
Event: 5.620 loading class java/lang/ProcessImpl done
Event: 5.634 loading class java/lang/ProcessImpl$2
Event: 5.634 loading class java/lang/ProcessImpl$2 done
Event: 5.634 Thread 0x000000001def8000 Thread exited: 0x000000001def8000
Event: 5.684 Thread 0x000000001d36c000 DEOPT PACKING pc=0x0000000005946de4 sp=0x00000000268eee20
Event: 5.684 Thread 0x000000001d36c000 DEOPT UNPACKING pc=0x00000000052c747f sp=0x00000000268eeb58 mode 1


Dynamic libraries:
0x00007ff6f27c0000 - 0x00007ff6f27f7000 	C:\Program Files\Java\jdk1.8.0_151\bin\javaw.exe
0x00007ff97ddb0000 - 0x00007ff97df90000 	C:\Windows\SYSTEM32\ntdll.dll
0x00007ff97d890000 - 0x00007ff97d93e000 	C:\Windows\System32\KERNEL32.DLL
0x00007ff97a6f0000 - 0x00007ff97a956000 	C:\Windows\System32\KERNELBASE.dll
0x00007ff97d9d0000 - 0x00007ff97da71000 	C:\Windows\System32\ADVAPI32.dll
0x00007ff97db70000 - 0x00007ff97dc0d000 	C:\Windows\System32\msvcrt.dll
0x00007ff97c100000 - 0x00007ff97c15b000 	C:\Windows\System32\sechost.dll
0x00007ff97b320000 - 0x00007ff97b43f000 	C:\Windows\System32\RPCRT4.dll
0x00007ff97bf70000 - 0x00007ff97c0ff000 	C:\Windows\System32\USER32.dll
0x00007ff97a480000 - 0x00007ff97a4a0000 	C:\Windows\System32\win32u.dll
0x00007ff97d940000 - 0x00007ff97d968000 	C:\Windows\System32\GDI32.dll
0x00007ff97a550000 - 0x00007ff97a6e3000 	C:\Windows\System32\gdi32full.dll
0x00007ff97aa10000 - 0x00007ff97aaab000 	C:\Windows\System32\msvcp_win.dll
0x00007ff97a1b0000 - 0x00007ff97a2a6000 	C:\Windows\System32\ucrtbase.dll
0x00007ff970920000 - 0x00007ff970b89000 	C:\Windows\WinSxS\amd64_microsoft.windows.common-controls_6595b64144ccf1df_6.0.16299.192_none_15c8cdae9364c23b\COMCTL32.dll
0x00007ff97b440000 - 0x00007ff97b748000 	C:\Windows\System32\combase.dll
0x00007ff97aab0000 - 0x00007ff97ab22000 	C:\Windows\System32\bcryptPrimitives.dll
0x00007ff97b2f0000 - 0x00007ff97b31d000 	C:\Windows\System32\IMM32.DLL
0x0000000073290000 - 0x0000000073362000 	C:\Program Files\Java\jdk1.8.0_151\jre\bin\msvcr100.dll
0x00000000737b0000 - 0x000000007404d000 	C:\Program Files\Java\jdk1.8.0_151\jre\bin\server\jvm.dll
0x00007ff97b950000 - 0x00007ff97b958000 	C:\Windows\System32\PSAPI.DLL
0x00007ff974750000 - 0x00007ff974759000 	C:\Windows\SYSTEM32\WSOCK32.dll
0x00007ff9784d0000 - 0x00007ff9784f3000 	C:\Windows\SYSTEM32\WINMM.dll
0x00007ff975180000 - 0x00007ff97518a000 	C:\Windows\SYSTEM32\VERSION.dll
0x00007ff97b280000 - 0x00007ff97b2ec000 	C:\Windows\System32\WS2_32.dll
0x00007ff978440000 - 0x00007ff97846a000 	C:\Windows\SYSTEM32\winmmbase.dll
0x00007ff97a9c0000 - 0x00007ff97aa0a000 	C:\Windows\System32\cfgmgr32.dll
0x00000000736c0000 - 0x00000000736cf000 	C:\Program Files\Java\jdk1.8.0_151\jre\bin\verify.dll
0x0000000073690000 - 0x00000000736b9000 	C:\Program Files\Java\jdk1.8.0_151\jre\bin\java.dll
0x0000000073250000 - 0x0000000073285000 	C:\Program Files\Java\jdk1.8.0_151\jre\bin\jdwp.dll
0x0000000073240000 - 0x0000000073248000 	C:\Program Files\Java\jdk1.8.0_151\jre\bin\npt.dll
0x0000000073670000 - 0x0000000073686000 	C:\Program Files\Java\jdk1.8.0_151\jre\bin\zip.dll
0x00007ff97c450000 - 0x00007ff97d886000 	C:\Windows\System32\SHELL32.dll
0x00007ff97c320000 - 0x00007ff97c3c6000 	C:\Windows\System32\shcore.dll
0x00007ff97ab30000 - 0x00007ff97b277000 	C:\Windows\System32\windows.storage.dll
0x00007ff97d970000 - 0x00007ff97d9c1000 	C:\Windows\System32\shlwapi.dll
0x00007ff97a190000 - 0x00007ff97a1a1000 	C:\Windows\System32\kernel.appcore.dll
0x00007ff97a100000 - 0x00007ff97a14c000 	C:\Windows\System32\powrprof.dll
0x00007ff97a150000 - 0x00007ff97a16b000 	C:\Windows\System32\profapi.dll
0x0000000073230000 - 0x0000000073239000 	C:\Program Files\Java\jdk1.8.0_151\jre\bin\dt_socket.dll
0x00007ff976fe0000 - 0x00007ff976ff6000 	C:\Windows\system32\napinsp.dll
0x00007ff977000000 - 0x00007ff97701a000 	C:\Windows\system32\pnrpnsp.dll
0x00007ff976ef0000 - 0x00007ff976f08000 	C:\Windows\system32\NLAapi.dll
0x00007ff979990000 - 0x00007ff9799f6000 	C:\Windows\System32\mswsock.dll
0x00007ff979760000 - 0x00007ff979816000 	C:\Windows\SYSTEM32\DNSAPI.dll
0x00007ff97bec0000 - 0x00007ff97bec8000 	C:\Windows\System32\NSI.dll
0x00007ff979720000 - 0x00007ff979759000 	C:\Windows\SYSTEM32\IPHLPAPI.DLL
0x00007ff977020000 - 0x00007ff97702e000 	C:\Windows\System32\winrnr.dll
0x00007ff9726b0000 - 0x00007ff972720000 	C:\Windows\System32\fwpuclnt.dll
0x00007ff979c60000 - 0x00007ff979c85000 	C:\Windows\SYSTEM32\bcrypt.dll
0x00007ff972550000 - 0x00007ff97255a000 	C:\Windows\System32\rasadhlp.dll
0x0000000073490000 - 0x0000000073628000 	C:\Program Files\Java\jdk1.8.0_151\jre\bin\awt.dll
0x00007ff97da80000 - 0x00007ff97db45000 	C:\Windows\System32\OLEAUT32.dll
0x00007ff9785f0000 - 0x00007ff978678000 	C:\Windows\SYSTEM32\apphelp.dll
0x00007ff979b50000 - 0x00007ff979b67000 	C:\Windows\SYSTEM32\CRYPTSP.dll
0x00007ff9795a0000 - 0x00007ff9795d3000 	C:\Windows\system32\rsaenh.dll
0x00007ff97a000000 - 0x00007ff97a029000 	C:\Windows\SYSTEM32\USERENV.dll
0x00007ff979b70000 - 0x00007ff979b7b000 	C:\Windows\SYSTEM32\CRYPTBASE.dll
0x0000000073650000 - 0x000000007366a000 	C:\Program Files\Java\jdk1.8.0_151\jre\bin\net.dll
0x00007ff974e20000 - 0x00007ff974e36000 	C:\Windows\SYSTEM32\dhcpcsvc6.DLL
0x00007ff975420000 - 0x00007ff97543a000 	C:\Windows\SYSTEM32\dhcpcsvc.DLL
0x0000000073630000 - 0x0000000073641000 	C:\Program Files\Java\jdk1.8.0_151\jre\bin\nio.dll
0x0000000180000000 - 0x0000000180037000 	C:\Users\Nate\AppData\Local\Temp\jna8179712262271620365.dll
0x00007ff973e90000 - 0x00007ff973f2b000 	C:\Users\Nate\AppData\Local\Temp\discord-rpc.jar\discord-rpc.dll
0x00007ff9789b0000 - 0x00007ff9789da000 	C:\Windows\system32\DWMAPI.DLL
0x00007ff9788e0000 - 0x00007ff978975000 	C:\Windows\system32\uxtheme.dll
0x00007ff973d70000 - 0x00007ff973e8e000 	C:\Windows\system32\opengl32.dll
0x00007ff9741f0000 - 0x00007ff97421c000 	C:\Windows\SYSTEM32\GLU32.dll
0x00007ff97dc10000 - 0x00007ff97dd77000 	C:\Windows\System32\MSCTF.dll
0x00007ff96ba20000 - 0x00007ff96ba48000 	c:\program files\nvidia corporation\nvstreamsrv\nvinject.dll
0x00007ff97c160000 - 0x00007ff97c2a9000 	C:\Windows\System32\ole32.dll
0x00007ff97a2b0000 - 0x00007ff97a47e000 	C:\Windows\System32\crypt32.dll
0x00007ff97a170000 - 0x00007ff97a182000 	C:\Windows\System32\MSASN1.dll
0x00007ff97a960000 - 0x00007ff97a9b8000 	C:\Windows\System32\WINTRUST.DLL
0x00007ff97db50000 - 0x00007ff97db6d000 	C:\Windows\System32\imagehlp.dll
0x00007ff9688b0000 - 0x00007ff968b04000 	C:\Windows\system32\nvspcap64.dll
0x00007ff979240000 - 0x00007ff979271000 	C:\Windows\SYSTEM32\ntmarta.dll
0x00007ff96bdd0000 - 0x00007ff96bebb000 	C:\Program Files (x86)\NVIDIA Corporation\3D Vision\nvSCPAPI64.dll
0x00007ff97ba70000 - 0x00007ff97bebe000 	C:\Windows\System32\SETUPAPI.dll
0x0000000073440000 - 0x0000000073487000 	C:\Program Files\Java\jdk1.8.0_151\jre\bin\fontmanager.dll
0x00007ff96adf0000 - 0x00007ff96ae88000 	C:\Windows\System32\TextInputFramework.dll
0x00007ff974e90000 - 0x00007ff97517e000 	C:\Windows\System32\CoreUIComponents.dll
0x00007ff977e30000 - 0x00007ff977f0c000 	C:\Windows\System32\CoreMessaging.dll
0x00007ff976320000 - 0x00007ff976456000 	C:\Windows\SYSTEM32\wintypes.dll
0x00007ff96bfa0000 - 0x00007ff96c168000 	C:\Windows\SYSTEM32\dbghelp.dll

VM Arguments:
jvm_args: -agentlib:jdwp=transport=dt_socket,suspend=y,address=localhost:51951 -Dfile.encoding=Cp1252 
java_command: com.IB.SL.Boot -resizeable -Dorg.lwjgl.util.Debug=true
java_class_path (initial): C:\Program Files\Java\jdk1.8.0_151\jre\lib\resources.jar;C:\Program Files\Java\jdk1.8.0_151\jre\lib\rt.jar;C:\Program Files\Java\jdk1.8.0_151\jre\lib\jsse.jar;C:\Program Files\Java\jdk1.8.0_151\jre\lib\jce.jar;C:\Program Files\Java\jdk1.8.0_151\jre\lib\charsets.jar;C:\Program Files\Java\jdk1.8.0_151\jre\lib\jfr.jar;C:\Program Files\Java\jdk1.8.0_151\jre\lib\ext\access-bridge-64.jar;C:\Program Files\Java\jdk1.8.0_151\jre\lib\ext\cldrdata.jar;C:\Program Files\Java\jdk1.8.0_151\jre\lib\ext\dnsns.jar;C:\Program Files\Java\jdk1.8.0_151\jre\lib\ext\jaccess.jar;C:\Program Files\Java\jdk1.8.0_151\jre\lib\ext\jfxrt.jar;C:\Program Files\Java\jdk1.8.0_151\jre\lib\ext\localedata.jar;C:\Program Files\Java\jdk1.8.0_151\jre\lib\ext\nashorn.jar;C:\Program Files\Java\jdk1.8.0_151\jre\lib\ext\sunec.jar;C:\Program Files\Java\jdk1.8.0_151\jre\lib\ext\sunjce_provider.jar;C:\Program Files\Java\jdk1.8.0_151\jre\lib\ext\sunmscapi.jar;C:\Program Files\Java\jdk1.8.0_151\jre\lib\ext\sunpkcs11.jar;C:\Program Files\Java\jdk1.8.0_151\jre\lib\ext\zipfs.jar;E:\Dev\Square Legacy 2\Square-Legacy-2\Game\bin;E:\Dev\Square Legacy 2\Square-Legacy-2\Game\res;E:\Dev\Square Legacy 2\Square-Legacy-2\Game\lib\easyogg.jar;E:\Dev\Square Legacy 2\Square-Legacy-2\Game\lib\jogg-0.0.7.jar;E:\Dev\Square Legacy 2\Square-Legacy-2\Game\lib\jorbis-0.0.15.jar;E:\Dev\Square Legacy 2\Square-Legacy-2\Game\lib\startup2.jar;E:\Dev\Square Legacy 2\Square-Legacy-2\Game\lib\lwjgl3\lwjgl.jar;E:\Dev\Square Legacy 2\Square-Legacy-2\Game\lib\lwjgl3\lwjgl-assimp.jar;E:\Dev\Square Legacy 2\Square-Legacy-2\Game\lib\lwjgl3\lwjgl-assimp-natives-windows.jar;E:\Dev\Square Legacy 2\Square-Legacy-2\Game\lib\lwjgl3\lwjgl-bgfx.jar;E:\Dev\Square Legacy 2\Square-Legacy-2\Game\lib\lwjgl3\lwjgl-bgfx-natives-windows.jar;E:\Dev\Square Legacy 2\Square-Legacy-2\Game\lib\lwjgl3\lwjgl-egl.jar;E:\Dev\Square Legacy 2\Square-Legacy-2\Game\lib\lwjgl3\lwjgl-glfw.jar;E:\Dev\Square Legacy 2\Square-Legacy-2\Game\lib\lwjgl3\lwjgl-gl
Launcher Type: SUN_STANDARD

Environment Variables:
PATH=C:\Program Files\Java\jdk1.8.0_151\jre\bin;C:/Program Files/Java/jdk1.8.0_151/jre/bin/server;C:/Program Files/Java/jdk1.8.0_151/jre/bin;C:/Program Files/Java/jdk1.8.0_151/jre/lib/amd64;C:\ProgramData\Oracle\Java\javapath;C:\Windows\system32;C:\Windows;C:\Windows\System32\Wbem;C:\Windows\System32\WindowsPowerShell\v1.0\;C:\Program Files (x86)\NVIDIA Corporation\PhysX\Common;C:\Users\Nate\AppData\Local\Microsoft\WindowsApps;C:\Users\Nate\Downloads\apache-maven-3.5.2\bin;C:\Program Files\Java\jdk1.8.0_151\bin;;C:\Users\Nate\Desktop;
USERNAME=Nate
OS=Windows_NT
PROCESSOR_IDENTIFIER=AMD64 Family 21 Model 2 Stepping 0, AuthenticAMD



---------------  S Y S T E M  ---------------

OS: Windows 10.0 , 64 bit Build 16299 (10.0.16299.15)

CPU:total 6 (initial active 6) (6 cores per cpu, 1 threads per core) family 21 model 2 stepping 0, cmov, cx8, fxsr, mmx, sse, sse2, sse3, ssse3, sse4.1, sse4.2, popcnt, avx, aes, clmul, mmxext, 3dnowpref, lzcnt, sse4a, tsc, tscinvbit, tscinv, bmi1

Memory: 4k page, physical 8369704k(3173808k free), swap 14661160k(4976388k free)

vm_info: Java HotSpot(TM) 64-Bit Server VM (25.151-b12) for windows-amd64 JRE (1.8.0_151-b12), built on Sep  5 2017 19:33:46 by "java_re" with MS VC++ 10.0 (VS2010)

time: Fri Jan 19 22:19:48 2018
elapsed time: 5 seconds (0d 0h 0m 5s)

