#
# A fatal error has been detected by the Java Runtime Environment:
#
#  EXCEPTION_ACCESS_VIOLATION (0xc0000005) at pc=0x00007ffc5e80ff5a, pid=16684, tid=0x0000000000003d4c
#
# JRE version: Java(TM) SE Runtime Environment (8.0_111-b14) (build 1.8.0_111-b14)
# Java VM: Java HotSpot(TM) 64-Bit Server VM (25.111-b14 mixed mode windows-amd64 compressed oops)
# Problematic frame:
# C  [lwjgl_opengl.dll+0xff5a]
#
# Failed to write core dump. Minidumps are not enabled by default on client versions of Windows
#
# If you would like to submit a bug report, please visit:
#   http://bugreport.java.com/bugreport/crash.jsp
# The crash happened outside the Java Virtual Machine in native code.
# See problematic frame for where to report the bug.
#

---------------  T H R E A D  ---------------

Current thread (0x000000001b7a7000):  JavaThread "SL2" [_thread_in_native, id=15692, stack(0x0000000027580000,0x0000000027680000)]

siginfo: ExceptionCode=0xc0000005, reading address 0x0000000000001eb0

Registers:
RAX=0x000000006ed5ed50, RBX=0x0000000027c2cf88, RCX=0x0000000000001701, RDX=0x0000000000000000
RSP=0x000000002767f0c8, RBP=0x000000002767f140, RSI=0x0000000000001970, RDI=0x0000000003447f10
R8 =0x0000000000001701, R9 =0x000000001b83bca0, R10=0x00000000034609a0, R11=0x000000006e7eb580
R12=0x0000000000000000, R13=0x0000000027c2cf80, R14=0x000000002767f160, R15=0x000000001b7a7000
RIP=0x00007ffc5e80ff5a, EFLAGS=0x0000000000010202

Top of Stack: (sp=0x000000002767f0c8)
0x000000002767f0c8:   00000000034609cc 000000001b7a7000
0x000000002767f0d8:   0000000027c2cf88 0000000000001970
0x000000002767f0e8:   000000001b7a7000 000000002767f1c0
0x000000002767f0f8:   00000000034603e2 000000002767f100
0x000000002767f108:   0000000027c2cf80 000000002767f160
0x000000002767f118:   0000000027c480d8 0000000000000000
0x000000002767f128:   0000000027c2cf88 0000000000000000
0x000000002767f138:   000000002767f160 000000002767f1a8
0x000000002767f148:   00000000034483fd 00000000d983dc30
0x000000002767f158:   00000000034571b8 0000000000001701
0x000000002767f168:   000000002767f168 00000000274e177f
0x000000002767f178:   000000002767f1c0 00000000274e5aa8
0x000000002767f188:   0000000000000000 00000000274e1828
0x000000002767f198:   000000002767f160 000000002767f1c0
0x000000002767f1a8:   000000002767f208 00000000034483fd
0x000000002767f1b8:   0000000000000000 00000000dd9718d8 

Instructions: (pc=0x00007ffc5e80ff5a)
0x00007ffc5e80ff3a:   28 41 8b d1 41 8b cb 4c 8b 50 18 49 ff a2 30 1e
0x00007ffc5e80ff4a:   00 00 cc cc cc cc 48 8b 01 41 8b c8 48 8b 50 18
0x00007ffc5e80ff5a:   48 ff a2 b0 1e 00 00 cc cc cc cc cc cc cc cc cc
0x00007ffc5e80ff6a:   cc cc cc cc cc cc 48 8b 01 49 8b c8 48 8b 50 18 


Register to memory mapping:

RAX=0x000000006ed5ed50 is an unknown value
RBX={method} {0x0000000027c2cf90} 'glMatrixMode' '(I)V' in 'org/lwjgl/opengl/GL11'
RCX=0x0000000000001701 is an unknown value
RDX=0x0000000000000000 is an unknown value
RSP=0x000000002767f0c8 is pointing into the stack for thread: 0x000000001b7a7000
RBP=0x000000002767f140 is pointing into the stack for thread: 0x000000001b7a7000
RSI=0x0000000000001970 is an unknown value
RDI=0x0000000003447f10 is at code_begin+1040 in an Interpreter codelet
invoke return entry points  [0x0000000003447b00, 0x00000000034484e0]  2528 bytes
R8 =0x0000000000001701 is an unknown value
R9 =0x000000001b83bca0 is an unknown value
R10=0x00000000034609a0 is at code_begin+1632 in an Interpreter codelet
method entry point (kind = native)  [0x0000000003460340, 0x0000000003461360]  4128 bytes
R11=0x000000006e7eb580 is an unknown value
R12=0x0000000000000000 is an unknown value
R13=0x0000000027c2cf80 is pointing into metadata
R14=0x000000002767f160 is pointing into the stack for thread: 0x000000001b7a7000
R15=0x000000001b7a7000 is a thread


Stack: [0x0000000027580000,0x0000000027680000],  sp=0x000000002767f0c8,  free space=1020k
Native frames: (J=compiled Java code, j=interpreted, Vv=VM code, C=native code)
C  [lwjgl_opengl.dll+0xff5a]

Java frames: (J=compiled Java code, j=interpreted, Vv=VM code)
j  org.lwjgl.opengl.GL11.glMatrixMode(I)V+0
j  com.IB.SL.AlphaLWJGL.LWJGL.init()V+63
j  com.IB.SL.AlphaLWJGL.LWJGL.run()V+1
j  java.lang.Thread.run()V+11
v  ~StubRoutines::call_stub

---------------  P R O C E S S  ---------------

Java Threads: ( => current thread )
  0x000000001b7a9000 JavaThread "DestroyJavaVM" [_thread_blocked, id=17348, stack(0x0000000003240000,0x0000000003340000)]
  0x000000001b7aa000 JavaThread "Game" [_thread_in_native, id=11956, stack(0x0000000028080000,0x0000000028180000)]
  0x000000001b7a7800 JavaThread "D3D Screen Updater" daemon [_thread_blocked, id=21032, stack(0x0000000027d80000,0x0000000027e80000)]
  0x000000001b7aa800 JavaThread "Image Fetcher 0" daemon [_thread_blocked, id=21112, stack(0x0000000027a80000,0x0000000027b80000)]
  0x000000001b7a0000 JavaThread "AWT-EventQueue-0" [_thread_blocked, id=5652, stack(0x0000000027880000,0x0000000027980000)]
=>0x000000001b7a7000 JavaThread "SL2" [_thread_in_native, id=15692, stack(0x0000000027580000,0x0000000027680000)]
  0x000000001b79f800 JavaThread "AWT-Windows" daemon [_thread_in_native, id=12808, stack(0x0000000020290000,0x0000000020390000)]
  0x000000001b7a6000 JavaThread "AWT-Shutdown" [_thread_blocked, id=13520, stack(0x0000000020190000,0x0000000020290000)]
  0x000000001b7a5800 JavaThread "Java2D Disposer" daemon [_thread_blocked, id=4812, stack(0x0000000020090000,0x0000000020190000)]
  0x000000001b79e000 JavaThread "Direct Clip" daemon [_thread_blocked, id=13872, stack(0x000000001ff90000,0x0000000020090000)]
  0x000000001b7a4800 JavaThread "Direct Clip" daemon [_thread_blocked, id=20348, stack(0x000000001fd90000,0x000000001fe90000)]
  0x000000001b7a1800 JavaThread "Direct Clip" daemon [_thread_blocked, id=2828, stack(0x000000001ecc0000,0x000000001edc0000)]
  0x000000001b7a4000 JavaThread "Direct Clip" daemon [_thread_blocked, id=12852, stack(0x000000001ebc0000,0x000000001ecc0000)]
  0x000000001b7a1000 JavaThread "Direct Clip" daemon [_thread_blocked, id=12920, stack(0x000000001eac0000,0x000000001ebc0000)]
  0x000000001b7a2800 JavaThread "Direct Clip" daemon [_thread_blocked, id=11644, stack(0x000000001e1c0000,0x000000001e2c0000)]
  0x000000001b7a3000 JavaThread "Direct Clip" daemon [_thread_blocked, id=17684, stack(0x000000001e0c0000,0x000000001e1c0000)]
  0x000000001b5ad000 JavaThread "Direct Clip" daemon [_thread_blocked, id=16788, stack(0x000000001dfc0000,0x000000001e0c0000)]
  0x000000001b5ac800 JavaThread "Direct Clip" daemon [_thread_blocked, id=18512, stack(0x000000001dec0000,0x000000001dfc0000)]
  0x000000001b5ab000 JavaThread "Direct Clip" daemon [_thread_blocked, id=3652, stack(0x000000001ddc0000,0x000000001dec0000)]
  0x000000001b5ae000 JavaThread "Direct Clip" daemon [_thread_blocked, id=8284, stack(0x000000001dcc0000,0x000000001ddc0000)]
  0x000000001b5aa000 JavaThread "Direct Clip" daemon [_thread_blocked, id=18484, stack(0x000000001d9c0000,0x000000001dac0000)]
  0x000000001b5ab800 JavaThread "Direct Clip" daemon [_thread_blocked, id=7908, stack(0x000000001d8c0000,0x000000001d9c0000)]
  0x000000001b5a9800 JavaThread "Direct Clip" daemon [_thread_blocked, id=9832, stack(0x000000001d7c0000,0x000000001d8c0000)]
  0x000000001b5a8800 JavaThread "Direct Clip" daemon [_thread_blocked, id=17868, stack(0x000000001d6c0000,0x000000001d7c0000)]
  0x000000001b5a8000 JavaThread "Direct Clip" daemon [_thread_blocked, id=3772, stack(0x000000001d5c0000,0x000000001d6c0000)]
  0x000000001b5a7000 JavaThread "Direct Clip" daemon [_thread_blocked, id=7180, stack(0x000000001d4c0000,0x000000001d5c0000)]
  0x000000001b5a5800 JavaThread "Direct Clip" daemon [_thread_blocked, id=18544, stack(0x000000001d3c0000,0x000000001d4c0000)]
  0x000000001b5a4000 JavaThread "Direct Clip" daemon [_thread_blocked, id=13332, stack(0x000000001cec0000,0x000000001cfc0000)]
  0x000000001b5a3800 JavaThread "Direct Clip" daemon [_thread_blocked, id=17412, stack(0x000000001cdc0000,0x000000001cec0000)]
  0x000000001b59d000 JavaThread "Direct Clip" daemon [_thread_blocked, id=20276, stack(0x000000001ccc0000,0x000000001cdc0000)]
  0x000000001b59b000 JavaThread "Direct Clip" daemon [_thread_blocked, id=6728, stack(0x000000001cbc0000,0x000000001ccc0000)]
  0x000000001b597000 JavaThread "Direct Clip" daemon [_thread_blocked, id=16048, stack(0x000000001cac0000,0x000000001cbc0000)]
  0x000000001b587800 JavaThread "Direct Clip" daemon [_thread_blocked, id=8996, stack(0x000000001c9c0000,0x000000001cac0000)]
  0x000000001b586800 JavaThread "Direct Clip" daemon [_thread_blocked, id=14600, stack(0x000000001c6c0000,0x000000001c7c0000)]
  0x000000001b580800 JavaThread "Direct Clip" daemon [_thread_blocked, id=7920, stack(0x000000001c5c0000,0x000000001c6c0000)]
  0x000000001b57a000 JavaThread "Java Sound Event Dispatcher" daemon [_thread_blocked, id=4820, stack(0x000000001c0c0000,0x000000001c1c0000)]
  0x000000001a478000 JavaThread "Service Thread" daemon [_thread_blocked, id=11184, stack(0x000000001ace0000,0x000000001ade0000)]
  0x000000001a3ff800 JavaThread "C1 CompilerThread2" daemon [_thread_blocked, id=13744, stack(0x000000001abe0000,0x000000001ace0000)]
  0x000000001a3fe000 JavaThread "C2 CompilerThread1" daemon [_thread_blocked, id=17192, stack(0x000000001aae0000,0x000000001abe0000)]
  0x000000001a3ee000 JavaThread "C2 CompilerThread0" daemon [_thread_blocked, id=10852, stack(0x000000001a9e0000,0x000000001aae0000)]
  0x000000001a3ec800 JavaThread "JDWP Command Reader" daemon [_thread_in_native, id=2628, stack(0x000000001a8e0000,0x000000001a9e0000)]
  0x000000001a3e1800 JavaThread "JDWP Event Helper Thread" daemon [_thread_blocked, id=14992, stack(0x000000001a7e0000,0x000000001a8e0000)]
  0x0000000018282800 JavaThread "JDWP Transport Listener: dt_socket" daemon [_thread_blocked, id=3632, stack(0x0000000019ee0000,0x0000000019fe0000)]
  0x0000000018277000 JavaThread "Attach Listener" daemon [_thread_blocked, id=11300, stack(0x0000000019de0000,0x0000000019ee0000)]
  0x0000000018273800 JavaThread "Signal Dispatcher" daemon [_thread_blocked, id=13144, stack(0x0000000019ce0000,0x0000000019de0000)]
  0x0000000018262000 JavaThread "Finalizer" daemon [_thread_blocked, id=6864, stack(0x0000000019af0000,0x0000000019bf0000)]
  0x0000000003436800 JavaThread "Reference Handler" daemon [_thread_blocked, id=15468, stack(0x00000000199f0000,0x0000000019af0000)]

Other Threads:
  0x0000000018238000 VMThread [stack: 0x00000000198f0000,0x00000000199f0000] [id=17768]
  0x000000001a4d6800 WatcherThread [stack: 0x000000001ade0000,0x000000001aee0000] [id=17964]

VM state:not at safepoint (normal execution)

VM Mutex/Monitor currently owned by a thread: None

Heap:
 PSYoungGen      total 162816K, used 98317K [0x00000000d5700000, 0x00000000e9500000, 0x0000000100000000)
  eden space 132608K, 71% used [0x00000000d5700000,0x00000000db32e238,0x00000000dd880000)
  from space 30208K, 12% used [0x00000000dd880000,0x00000000ddc55380,0x00000000df600000)
  to   space 30208K, 0% used [0x00000000e7780000,0x00000000e7780000,0x00000000e9500000)
 ParOldGen       total 87552K, used 57883K [0x0000000080400000, 0x0000000085980000, 0x00000000d5700000)
  object space 87552K, 66% used [0x0000000080400000,0x0000000083c86f48,0x0000000085980000)
 Metaspace       used 14602K, capacity 14864K, committed 15104K, reserved 1062912K
  class space    used 1668K, capacity 1752K, committed 1792K, reserved 1048576K

Card table byte_map: [0x0000000012800000,0x0000000012c00000] byte_map_base: 0x00000000123fe000

Marking Bits: (ParMarkBitMap*) 0x000000006edda6c0
 Begin Bits: [0x00000000134b0000, 0x00000000154a0000)
 End Bits:   [0x00000000154a0000, 0x0000000017490000)

Polling page: 0x0000000001770000

CodeCache: size=245760Kb used=4964Kb max_used=4964Kb free=240795Kb
 bounds [0x0000000003440000, 0x0000000003920000, 0x0000000012440000]
 total_blobs=2309 nmethods=1396 adapters=835
 compilation: enabled

Compilation events (10 events):
Event: 3.249 Thread 0x000000001a3ff800 1386       3       sun.nio.cs.ThreadLocalCoders$Cache::forName (108 bytes)
Event: 3.250 Thread 0x000000001a3ff800 nmethod 1386 0x0000000003914e50 code [0x00000000039150c0, 0x0000000003916498]
Event: 3.250 Thread 0x000000001a3ff800 1385       3       java.util.regex.Pattern$5::isSatisfiedBy (28 bytes)
Event: 3.250 Thread 0x000000001a3ff800 nmethod 1385 0x0000000003916d90 code [0x0000000003916f20, 0x00000000039172b8]
Event: 3.250 Thread 0x000000001a3ff800 1388       3       java.lang.Math::floor (5 bytes)
Event: 3.250 Thread 0x000000001a3ff800 nmethod 1388 0x00000000039173d0 code [0x0000000003917560, 0x0000000003917748]
Event: 3.250 Thread 0x000000001a3ff800 1389       1       com.IB.SL.Game::getPlayer (5 bytes)
Event: 3.250 Thread 0x000000001a3ff800 nmethod 1389 0x0000000003917810 code [0x0000000003917960, 0x0000000003917a70]
Event: 3.250 Thread 0x000000001a3ff800 1387       3       java.lang.CharacterDataLatin1::getType (11 bytes)
Event: 3.250 Thread 0x000000001a3ff800 nmethod 1387 0x0000000003917ad0 code [0x0000000003917c40, 0x0000000003917e30]

GC Heap History (10 events):
Event: 1.581 GC heap before
{Heap before GC invocations=3 (full 0):
 PSYoungGen      total 38400K, used 38382K [0x00000000d5700000, 0x00000000da200000, 0x0000000100000000)
  eden space 33280K, 99% used [0x00000000d5700000,0x00000000d777c928,0x00000000d7780000)
  from space 5120K, 99% used [0x00000000d7c80000,0x00000000d817f248,0x00000000d8180000)
  to   space 5120K, 0% used [0x00000000d7780000,0x00000000d7780000,0x00000000d7c80000)
 ParOldGen       total 87552K, used 19180K [0x0000000080400000, 0x0000000085980000, 0x00000000d5700000)
  object space 87552K, 21% used [0x0000000080400000,0x00000000816bb260,0x0000000085980000)
 Metaspace       used 7421K, capacity 7594K, committed 7808K, reserved 1056768K
  class space    used 810K, capacity 864K, committed 896K, reserved 1048576K
Event: 1.591 GC heap after
Heap after GC invocations=3 (full 0):
 PSYoungGen      total 38400K, used 5119K [0x00000000d5700000, 0x00000000da200000, 0x0000000100000000)
  eden space 33280K, 0% used [0x00000000d5700000,0x00000000d5700000,0x00000000d7780000)
  from space 5120K, 99% used [0x00000000d7780000,0x00000000d7c7ff38,0x00000000d7c80000)
  to   space 5120K, 0% used [0x00000000d9d00000,0x00000000d9d00000,0x00000000da200000)
 ParOldGen       total 87552K, used 36503K [0x0000000080400000, 0x0000000085980000, 0x00000000d5700000)
  object space 87552K, 41% used [0x0000000080400000,0x00000000827a5fd8,0x0000000085980000)
 Metaspace       used 7421K, capacity 7594K, committed 7808K, reserved 1056768K
  class space    used 810K, capacity 864K, committed 896K, reserved 1048576K
}
Event: 2.052 GC heap before
{Heap before GC invocations=4 (full 0):
 PSYoungGen      total 38400K, used 38399K [0x00000000d5700000, 0x00000000da200000, 0x0000000100000000)
  eden space 33280K, 100% used [0x00000000d5700000,0x00000000d7780000,0x00000000d7780000)
  from space 5120K, 99% used [0x00000000d7780000,0x00000000d7c7ff38,0x00000000d7c80000)
  to   space 5120K, 0% used [0x00000000d9d00000,0x00000000d9d00000,0x00000000da200000)
 ParOldGen       total 87552K, used 36503K [0x0000000080400000, 0x0000000085980000, 0x00000000d5700000)
  object space 87552K, 41% used [0x0000000080400000,0x00000000827a5fd8,0x0000000085980000)
 Metaspace       used 10677K, capacity 10896K, committed 11136K, reserved 1058816K
  class space    used 1253K, capacity 1326K, committed 1408K, reserved 1048576K
Event: 2.065 GC heap after
Heap after GC invocations=4 (full 0):
 PSYoungGen      total 71680K, used 5110K [0x00000000d5700000, 0x00000000da200000, 0x0000000100000000)
  eden space 66560K, 0% used [0x00000000d5700000,0x00000000d5700000,0x00000000d9800000)
  from space 5120K, 99% used [0x00000000d9d00000,0x00000000da1fdb58,0x00000000da200000)
  to   space 5120K, 0% used [0x00000000d9800000,0x00000000d9800000,0x00000000d9d00000)
 ParOldGen       total 87552K, used 54578K [0x0000000080400000, 0x0000000085980000, 0x00000000d5700000)
  object space 87552K, 62% used [0x0000000080400000,0x000000008394c8e8,0x0000000085980000)
 Metaspace       used 10677K, capacity 10896K, committed 11136K, reserved 1058816K
  class space    used 1253K, capacity 1326K, committed 1408K, reserved 1048576K
}
Event: 2.621 GC heap before
{Heap before GC invocations=5 (full 0):
 PSYoungGen      total 71680K, used 71670K [0x00000000d5700000, 0x00000000da200000, 0x0000000100000000)
  eden space 66560K, 100% used [0x00000000d5700000,0x00000000d9800000,0x00000000d9800000)
  from space 5120K, 99% used [0x00000000d9d00000,0x00000000da1fdb58,0x00000000da200000)
  to   space 5120K, 0% used [0x00000000d9800000,0x00000000d9800000,0x00000000d9d00000)
 ParOldGen       total 87552K, used 54578K [0x0000000080400000, 0x0000000085980000, 0x00000000d5700000)
  object space 87552K, 62% used [0x0000000080400000,0x000000008394c8e8,0x0000000085980000)
 Metaspace       used 14198K, capacity 14462K, committed 14848K, reserved 1062912K
  class space    used 1660K, capacity 1749K, committed 1792K, reserved 1048576K
Event: 2.629 GC heap after
Heap after GC invocations=5 (full 0):
 PSYoungGen      total 71680K, used 5113K [0x00000000d5700000, 0x00000000e1300000, 0x0000000100000000)
  eden space 66560K, 0% used [0x00000000d5700000,0x00000000d5700000,0x00000000d9800000)
  from space 5120K, 99% used [0x00000000d9800000,0x00000000d9cfe488,0x00000000d9d00000)
  to   space 29696K, 0% used [0x00000000df600000,0x00000000df600000,0x00000000e1300000)
 ParOldGen       total 87552K, used 55775K [0x0000000080400000, 0x0000000085980000, 0x00000000d5700000)
  object space 87552K, 63% used [0x0000000080400000,0x0000000083a77fc0,0x0000000085980000)
 Metaspace       used 14198K, capacity 14462K, committed 14848K, reserved 1062912K
  class space    used 1660K, capacity 1749K, committed 1792K, reserved 1048576K
}
Event: 2.775 GC heap before
{Heap before GC invocations=6 (full 0):
 PSYoungGen      total 71680K, used 71673K [0x00000000d5700000, 0x00000000e1300000, 0x0000000100000000)
  eden space 66560K, 100% used [0x00000000d5700000,0x00000000d9800000,0x00000000d9800000)
  from space 5120K, 99% used [0x00000000d9800000,0x00000000d9cfe488,0x00000000d9d00000)
  to   space 29696K, 0% used [0x00000000df600000,0x00000000df600000,0x00000000e1300000)
 ParOldGen       total 87552K, used 55775K [0x0000000080400000, 0x0000000085980000, 0x00000000d5700000)
  object space 87552K, 63% used [0x0000000080400000,0x0000000083a77fc0,0x0000000085980000)
 Metaspace       used 14221K, capacity 14462K, committed 14848K, reserved 1062912K
  class space    used 1660K, capacity 1749K, committed 1792K, reserved 1048576K
Event: 2.779 GC heap after
Heap after GC invocations=6 (full 0):
 PSYoungGen      total 162304K, used 6061K [0x00000000d5700000, 0x00000000e1400000, 0x0000000100000000)
  eden space 132608K, 0% used [0x00000000d5700000,0x00000000d5700000,0x00000000dd880000)
  from space 29696K, 20% used [0x00000000df600000,0x00000000dfbeb488,0x00000000e1300000)
  to   space 30208K, 0% used [0x00000000dd880000,0x00000000dd880000,0x00000000df600000)
 ParOldGen       total 87552K, used 55783K [0x0000000080400000, 0x0000000085980000, 0x00000000d5700000)
  object space 87552K, 63% used [0x0000000080400000,0x0000000083a79fc0,0x0000000085980000)
 Metaspace       used 14221K, capacity 14462K, committed 14848K, reserved 1062912K
  class space    used 1660K, capacity 1749K, committed 1792K, reserved 1048576K
}
Event: 3.080 GC heap before
{Heap before GC invocations=7 (full 0):
 PSYoungGen      total 162304K, used 138669K [0x00000000d5700000, 0x00000000e1400000, 0x0000000100000000)
  eden space 132608K, 100% used [0x00000000d5700000,0x00000000dd880000,0x00000000dd880000)
  from space 29696K, 20% used [0x00000000df600000,0x00000000dfbeb488,0x00000000e1300000)
  to   space 30208K, 0% used [0x00000000dd880000,0x00000000dd880000,0x00000000df600000)
 ParOldGen       total 87552K, used 55783K [0x0000000080400000, 0x0000000085980000, 0x00000000d5700000)
  object space 87552K, 63% used [0x0000000080400000,0x0000000083a79fc0,0x0000000085980000)
 Metaspace       used 14282K, capacity 14534K, committed 14848K, reserved 1062912K
  class space    used 1660K, capacity 1749K, committed 1792K, reserved 1048576K
Event: 3.085 GC heap after
Heap after GC invocations=7 (full 0):
 PSYoungGen      total 162816K, used 3924K [0x00000000d5700000, 0x00000000e9500000, 0x0000000100000000)
  eden space 132608K, 0% used [0x00000000d5700000,0x00000000d5700000,0x00000000dd880000)
  from space 30208K, 12% used [0x00000000dd880000,0x00000000ddc55380,0x00000000df600000)
  to   space 30208K, 0% used [0x00000000e7780000,0x00000000e7780000,0x00000000e9500000)
 ParOldGen       total 87552K, used 57883K [0x0000000080400000, 0x0000000085980000, 0x00000000d5700000)
  object space 87552K, 66% used [0x0000000080400000,0x0000000083c86f48,0x0000000085980000)
 Metaspace       used 14282K, capacity 14534K, committed 14848K, reserved 1062912K
  class space    used 1660K, capacity 1749K, committed 1792K, reserved 1048576K
}

Deoptimization events (10 events):
Event: 3.183 Thread 0x000000001b7aa000 Uncommon trap: reason=unhandled action=none pc=0x000000000389aa14 method=java.util.ArrayList.rangeCheck(I)V @ 20
Event: 3.184 Thread 0x000000001b7aa000 Uncommon trap: reason=unhandled action=none pc=0x000000000389aa14 method=java.util.ArrayList.rangeCheck(I)V @ 20
Event: 3.199 Thread 0x000000001b7aa000 Uncommon trap: reason=unhandled action=none pc=0x000000000389aa14 method=java.util.ArrayList.rangeCheck(I)V @ 20
Event: 3.199 Thread 0x000000001b7aa000 Uncommon trap: reason=unhandled action=none pc=0x000000000389aa14 method=java.util.ArrayList.rangeCheck(I)V @ 20
Event: 3.217 Thread 0x000000001b7aa000 Uncommon trap: reason=unhandled action=none pc=0x000000000389aa14 method=java.util.ArrayList.rangeCheck(I)V @ 20
Event: 3.218 Thread 0x000000001b7aa000 Uncommon trap: reason=unhandled action=none pc=0x000000000389aa14 method=java.util.ArrayList.rangeCheck(I)V @ 20
Event: 3.234 Thread 0x000000001b7aa000 Uncommon trap: reason=unhandled action=none pc=0x000000000389aa14 method=java.util.ArrayList.rangeCheck(I)V @ 20
Event: 3.234 Thread 0x000000001b7aa000 Uncommon trap: reason=unhandled action=none pc=0x000000000389aa14 method=java.util.ArrayList.rangeCheck(I)V @ 20
Event: 3.249 Thread 0x000000001b7aa000 Uncommon trap: reason=unhandled action=none pc=0x000000000389aa14 method=java.util.ArrayList.rangeCheck(I)V @ 20
Event: 3.250 Thread 0x000000001b7aa000 Uncommon trap: reason=unhandled action=none pc=0x000000000389aa14 method=java.util.ArrayList.rangeCheck(I)V @ 20

Internal exceptions (10 events):
Event: 2.020 Thread 0x0000000003345800 Exception <a 'java/lang/NullPointerException'> (0x00000000d772e370) thrown at [C:\re\workspace\8-2-build-windows-amd64-cygwin\jdk8u111\7883\hotspot\src\share\vm\interpreter\linkResolver.cpp, line 1178]
Event: 2.020 Thread 0x0000000003345800 Exception <a 'java/lang/NullPointerException'> (0x00000000d772e7e8) thrown at [C:\re\workspace\8-2-build-windows-amd64-cygwin\jdk8u111\7883\hotspot\src\share\vm\interpreter\linkResolver.cpp, line 1178]
Event: 2.020 Thread 0x0000000003345800 Exception <a 'java/lang/NullPointerException'> (0x00000000d772ec60) thrown at [C:\re\workspace\8-2-build-windows-amd64-cygwin\jdk8u111\7883\hotspot\src\share\vm\interpreter\linkResolver.cpp, line 1178]
Event: 2.021 Thread 0x0000000003345800 Exception <a 'java/lang/NullPointerException'> (0x00000000d772f160) thrown at [C:\re\workspace\8-2-build-windows-amd64-cygwin\jdk8u111\7883\hotspot\src\share\vm\interpreter\linkResolver.cpp, line 1178]
Event: 2.021 Thread 0x0000000003345800 Exception <a 'java/lang/NullPointerException'> (0x00000000d772f610) thrown at [C:\re\workspace\8-2-build-windows-amd64-cygwin\jdk8u111\7883\hotspot\src\share\vm\interpreter\linkResolver.cpp, line 1178]
Event: 2.021 Thread 0x0000000003345800 Exception <a 'java/lang/NullPointerException'> (0x00000000d772faa8) thrown at [C:\re\workspace\8-2-build-windows-amd64-cygwin\jdk8u111\7883\hotspot\src\share\vm\interpreter\linkResolver.cpp, line 1178]
Event: 2.066 Thread 0x0000000003345800 Exception <a 'java/lang/NullPointerException'> (0x00000000d5709ec0) thrown at [C:\re\workspace\8-2-build-windows-amd64-cygwin\jdk8u111\7883\hotspot\src\share\vm\interpreter\linkResolver.cpp, line 1178]
Event: 2.096 Thread 0x0000000003345800 Exception <a 'java/lang/NoSuchMethodError': java.lang.Object.lambda$static$0(Ljava/lang/String;)Ljava/lang/Boolean;> (0x00000000d57da038) thrown at [C:\re\workspace\8-2-build-windows-amd64-cygwin\jdk8u111\7883\hotspot\src\share\vm\interpreter\linkResolver
Event: 3.251 Thread 0x000000001b7a7000 Exception <a 'sun/nio/fs/WindowsException'> (0x00000000d9888880) thrown at [C:\re\workspace\8-2-build-windows-amd64-cygwin\jdk8u111\7883\hotspot\src\share\vm\prims\jni.cpp, line 709]
Event: 3.251 Thread 0x000000001b7a7000 Exception <a 'sun/nio/fs/WindowsException'> (0x00000000d9888e60) thrown at [C:\re\workspace\8-2-build-windows-amd64-cygwin\jdk8u111\7883\hotspot\src\share\vm\prims\jni.cpp, line 709]

Events (10 events):
Event: 3.252 Thread 0x000000001b7a7000 DEOPT PACKING pc=0x00000000035bfd74 sp=0x000000002767a7f0
Event: 3.252 Thread 0x000000001b7a7000 DEOPT UNPACKING pc=0x000000000348747f sp=0x000000002767a610 mode 1
Event: 3.252 loading class org/lwjgl/system/SharedLibrary$Delegate
Event: 3.252 loading class org/lwjgl/system/SharedLibrary$Delegate done
Event: 3.252 Thread 0x000000001b7a7000 DEOPT PACKING pc=0x00000000037c7981 sp=0x00000000276780e0
Event: 3.252 Thread 0x000000001b7a7000 DEOPT UNPACKING pc=0x000000000348747f sp=0x0000000027677e30 mode 1
Event: 3.252 Thread 0x000000001b7a7000 DEOPT PACKING pc=0x00000000035bffdc sp=0x0000000027678160
Event: 3.252 Thread 0x000000001b7a7000 DEOPT UNPACKING pc=0x000000000348747f sp=0x0000000027677f80 mode 1
Event: 3.252 Thread 0x000000001b7a7000 DEOPT PACKING pc=0x00000000035bfd74 sp=0x00000000276782f0
Event: 3.252 Thread 0x000000001b7a7000 DEOPT UNPACKING pc=0x000000000348747f sp=0x0000000027678110 mode 1


Dynamic libraries:
0x00007ff715590000 - 0x00007ff7155c7000 	C:\Program Files\Java\jre1.8.0_111\bin\javaw.exe
0x00007ffc8c680000 - 0x00007ffc8c85b000 	C:\WINDOWS\SYSTEM32\ntdll.dll
0x00007ffc8b890000 - 0x00007ffc8b93e000 	C:\WINDOWS\System32\KERNEL32.DLL
0x00007ffc89660000 - 0x00007ffc898a9000 	C:\WINDOWS\System32\KERNELBASE.dll
0x00007ffc8b940000 - 0x00007ffc8b9e1000 	C:\WINDOWS\System32\ADVAPI32.dll
0x00007ffc89be0000 - 0x00007ffc89c7d000 	C:\WINDOWS\System32\msvcrt.dll
0x00007ffc8b2b0000 - 0x00007ffc8b309000 	C:\WINDOWS\System32\sechost.dll
0x00007ffc8b170000 - 0x00007ffc8b295000 	C:\WINDOWS\System32\RPCRT4.dll
0x00007ffc8bb90000 - 0x00007ffc8bcda000 	C:\WINDOWS\System32\USER32.dll
0x00007ffc88e40000 - 0x00007ffc88e5e000 	C:\WINDOWS\System32\win32u.dll
0x00007ffc8c420000 - 0x00007ffc8c447000 	C:\WINDOWS\System32\GDI32.dll
0x00007ffc88cb0000 - 0x00007ffc88e38000 	C:\WINDOWS\System32\gdi32full.dll
0x00007ffc88ba0000 - 0x00007ffc88c3a000 	C:\WINDOWS\System32\msvcp_win.dll
0x00007ffc88e60000 - 0x00007ffc88f56000 	C:\WINDOWS\System32\ucrtbase.dll
0x00007ffc7ed40000 - 0x00007ffc7efa7000 	C:\WINDOWS\WinSxS\amd64_microsoft.windows.common-controls_6595b64144ccf1df_6.0.15063.483_none_26002d27e7c744a2\COMCTL32.dll
0x00007ffc8b310000 - 0x00007ffc8b609000 	C:\WINDOWS\System32\combase.dll
0x00007ffc88c40000 - 0x00007ffc88caa000 	C:\WINDOWS\System32\bcryptPrimitives.dll
0x00007ffc8c650000 - 0x00007ffc8c67d000 	C:\WINDOWS\System32\IMM32.DLL
0x000000006e070000 - 0x000000006e142000 	C:\Program Files\Java\jre1.8.0_111\bin\msvcr100.dll
0x000000006e5c0000 - 0x000000006ee5a000 	C:\Program Files\Java\jre1.8.0_111\bin\server\jvm.dll
0x00007ffc8b2a0000 - 0x00007ffc8b2a8000 	C:\WINDOWS\System32\PSAPI.DLL
0x00007ffc83990000 - 0x00007ffc8399a000 	C:\WINDOWS\SYSTEM32\VERSION.dll
0x00007ffc7df80000 - 0x00007ffc7df89000 	C:\WINDOWS\SYSTEM32\WSOCK32.dll
0x00007ffc870e0000 - 0x00007ffc87103000 	C:\WINDOWS\SYSTEM32\WINMM.dll
0x00007ffc8bda0000 - 0x00007ffc8be0c000 	C:\WINDOWS\System32\WS2_32.dll
0x00007ffc870b0000 - 0x00007ffc870db000 	C:\WINDOWS\SYSTEM32\winmmbase.dll
0x00007ffc898b0000 - 0x00007ffc898f9000 	C:\WINDOWS\System32\cfgmgr32.dll
0x000000006e5b0000 - 0x000000006e5bf000 	C:\Program Files\Java\jre1.8.0_111\bin\verify.dll
0x000000006e580000 - 0x000000006e5a9000 	C:\Program Files\Java\jre1.8.0_111\bin\java.dll
0x000000006e030000 - 0x000000006e065000 	C:\Program Files\Java\jre1.8.0_111\bin\jdwp.dll
0x000000006e020000 - 0x000000006e028000 	C:\Program Files\Java\jre1.8.0_111\bin\npt.dll
0x000000006e560000 - 0x000000006e576000 	C:\Program Files\Java\jre1.8.0_111\bin\zip.dll
0x00007ffc89d30000 - 0x00007ffc8b166000 	C:\WINDOWS\System32\SHELL32.dll
0x00007ffc8b610000 - 0x00007ffc8b6ba000 	C:\WINDOWS\System32\shcore.dll
0x00007ffc88f60000 - 0x00007ffc89653000 	C:\WINDOWS\System32\windows.storage.dll
0x00007ffc8bd40000 - 0x00007ffc8bd91000 	C:\WINDOWS\System32\shlwapi.dll
0x00007ffc88af0000 - 0x00007ffc88b01000 	C:\WINDOWS\System32\kernel.appcore.dll
0x00007ffc88b50000 - 0x00007ffc88b9c000 	C:\WINDOWS\System32\powrprof.dll
0x00007ffc88b30000 - 0x00007ffc88b45000 	C:\WINDOWS\System32\profapi.dll
0x000000006e010000 - 0x000000006e019000 	C:\Program Files\Java\jre1.8.0_111\bin\dt_socket.dll
0x00007ffc73990000 - 0x00007ffc739a6000 	C:\WINDOWS\system32\napinsp.dll
0x00007ffc738f0000 - 0x00007ffc7390a000 	C:\WINDOWS\system32\pnrpnsp.dll
0x00007ffc85a30000 - 0x00007ffc85a48000 	C:\WINDOWS\system32\NLAapi.dll
0x00007ffc883a0000 - 0x00007ffc883fc000 	C:\WINDOWS\System32\mswsock.dll
0x00007ffc88180000 - 0x00007ffc88224000 	C:\WINDOWS\SYSTEM32\DNSAPI.dll
0x00007ffc8c450000 - 0x00007ffc8c458000 	C:\WINDOWS\System32\NSI.dll
0x00007ffc88140000 - 0x00007ffc88177000 	C:\WINDOWS\SYSTEM32\IPHLPAPI.DLL
0x00007ffc738e0000 - 0x00007ffc738ee000 	C:\WINDOWS\System32\winrnr.dll
0x000000006f050000 - 0x000000006f076000 	C:\Program Files\Bonjour\mdnsNSP.dll
0x00007ffc821c0000 - 0x00007ffc8222b000 	C:\WINDOWS\System32\fwpuclnt.dll
0x00007ffc88790000 - 0x00007ffc887b5000 	C:\WINDOWS\SYSTEM32\bcrypt.dll
0x00007ffc816e0000 - 0x00007ffc816ea000 	C:\Windows\System32\rasadhlp.dll
0x000000006e380000 - 0x000000006e518000 	C:\Program Files\Java\jre1.8.0_111\bin\awt.dll
0x00007ffc8be10000 - 0x00007ffc8bed0000 	C:\WINDOWS\System32\OLEAUT32.dll
0x00007ffc871f0000 - 0x00007ffc8726e000 	C:\WINDOWS\SYSTEM32\apphelp.dll
0x000000006e000000 - 0x000000006e00c000 	C:\Program Files\Java\jre1.8.0_111\bin\jsound.dll
0x000000006dff0000 - 0x000000006dffb000 	C:\Program Files\Java\jre1.8.0_111\bin\jsoundds.dll
0x00007ffc8c460000 - 0x00007ffc8c5a5000 	C:\WINDOWS\System32\ole32.dll
0x00007ffc63380000 - 0x00007ffc6340c000 	C:\WINDOWS\SYSTEM32\DSOUND.dll
0x00007ffc873f0000 - 0x00007ffc87485000 	C:\WINDOWS\system32\uxtheme.dll
0x00007ffc838e0000 - 0x00007ffc83947000 	C:\WINDOWS\SYSTEM32\MMDevAPI.DLL
0x00007ffc87630000 - 0x00007ffc87658000 	C:\WINDOWS\SYSTEM32\DEVOBJ.dll
0x00007ffc85380000 - 0x00007ffc85516000 	C:\WINDOWS\SYSTEM32\PROPSYS.dll
0x00007ffc60b10000 - 0x00007ffc60bf9000 	C:\Program Files (x86)\Stardock\Fences\FencesMenu64.dll
0x00007ffc88a20000 - 0x00007ffc88a49000 	C:\WINDOWS\SYSTEM32\USERENV.dll
0x00007ffc85360000 - 0x00007ffc85373000 	C:\WINDOWS\SYSTEM32\WTSAPI32.dll
0x00007ffc823e0000 - 0x00007ffc82575000 	C:\WINDOWS\WinSxS\amd64_microsoft.windows.gdiplus_6595b64144ccf1df_1.1.15063.608_none_56f0266b425534e9\gdiplus.dll
0x00007ffc75ad0000 - 0x00007ffc75b11000 	C:\WINDOWS\SYSTEM32\wdmaud.drv
0x00007ffc761e0000 - 0x00007ffc761e9000 	C:\WINDOWS\SYSTEM32\ksuser.dll
0x00007ffc816f0000 - 0x00007ffc816fb000 	C:\WINDOWS\SYSTEM32\AVRT.dll
0x00007ffc84850000 - 0x00007ffc84878000 	c:\program files\nvidia corporation\nvstreamsrv\nvinject.dll
0x00007ffc788b0000 - 0x00007ffc789e0000 	c:\program files\nvidia corporation\nvstreamsrv\rxcore.dll
0x00007ffc8bfe0000 - 0x00007ffc8c41b000 	C:\WINDOWS\System32\SETUPAPI.dll
0x00007ffc843c0000 - 0x00007ffc843ce000 	C:\WINDOWS\SYSTEM32\xinput1_4.dll
0x00007ffc6f2f0000 - 0x00007ffc6f3a7000 	c:\program files\nvidia corporation\nvstreamsrv\rxgamepadinput.dll
0x0000000000400000 - 0x000000000041e000 	C:\WINDOWS\SYSTEM32\xinput1_3.dll
0x00000000031d0000 - 0x00000000031d6000 	c:\program files\nvidia corporation\nvstreamsrv\detoured.dll
0x00007ffc843d0000 - 0x00007ffc843d7000 	C:\WINDOWS\SYSTEM32\XInput9_1_0.dll
0x00007ffc76340000 - 0x00007ffc76382000 	C:\WINDOWS\SYSTEM32\dinput8.dll
0x00007ffc879b0000 - 0x00007ffc879bd000 	C:\WINDOWS\SYSTEM32\hid.dll
0x00007ffc81700000 - 0x00007ffc81805000 	C:\WINDOWS\SYSTEM32\AUDIOSES.DLL
0x00007ffc84520000 - 0x00007ffc84659000 	C:\WINDOWS\SYSTEM32\wintypes.dll
0x00007ffc75860000 - 0x00007ffc7586d000 	C:\WINDOWS\SYSTEM32\msacm32.drv
0x00007ffc75840000 - 0x00007ffc7585c000 	C:\WINDOWS\SYSTEM32\MSACM32.dll
0x00007ffc756c0000 - 0x00007ffc756ca000 	C:\WINDOWS\SYSTEM32\midimap.dll
0x00007ffc89c80000 - 0x00007ffc89d1e000 	C:\WINDOWS\System32\clbcatq.dll
0x00007ffc88540000 - 0x00007ffc88557000 	C:\WINDOWS\SYSTEM32\CRYPTSP.dll
0x00007ffc87fc0000 - 0x00007ffc87ff4000 	C:\WINDOWS\system32\rsaenh.dll
0x00007ffc88560000 - 0x00007ffc8856b000 	C:\WINDOWS\SYSTEM32\CRYPTBASE.dll
0x000000006e540000 - 0x000000006e55a000 	C:\Program Files\Java\jre1.8.0_111\bin\net.dll
0x00007ffc82eb0000 - 0x00007ffc82ec6000 	C:\WINDOWS\SYSTEM32\dhcpcsvc6.DLL
0x00007ffc83360000 - 0x00007ffc8337a000 	C:\WINDOWS\SYSTEM32\dhcpcsvc.DLL
0x000000006e520000 - 0x000000006e531000 	C:\Program Files\Java\jre1.8.0_111\bin\nio.dll
0x00007ffc859f0000 - 0x00007ffc85a1a000 	C:\WINDOWS\system32\DWMAPI.DLL
0x00007ffc8b720000 - 0x00007ffc8b886000 	C:\WINDOWS\System32\MSCTF.dll
0x00007ffc674f0000 - 0x00007ffc67679000 	C:\WINDOWS\system32\d3d9.dll
0x00007ffc7aa50000 - 0x00007ffc7ab3a000 	C:\WINDOWS\System32\DriverStore\FileRepository\nv_dispi.inf_amd64_d0a31ff5946203b6\nvldumdx.dll
0x00007ffc89900000 - 0x00007ffc89ac9000 	C:\WINDOWS\System32\crypt32.dll
0x00007ffc88b10000 - 0x00007ffc88b21000 	C:\WINDOWS\System32\MSASN1.dll
0x00007ffc89ad0000 - 0x00007ffc89b26000 	C:\WINDOWS\System32\WINTRUST.DLL
0x00007ffc8c5b0000 - 0x00007ffc8c5cd000 	C:\WINDOWS\System32\imagehlp.dll
0x00007ffc43dd0000 - 0x00007ffc44fa5000 	C:\WINDOWS\System32\DriverStore\FileRepository\nv_dispi.inf_amd64_d0a31ff5946203b6\nvd3dumx.dll
0x00007ffc75870000 - 0x00007ffc7595b000 	C:\Program Files (x86)\NVIDIA Corporation\3D Vision\nvSCPAPI64.dll
0x00007ffc75ce0000 - 0x00007ffc75e9d000 	C:\WINDOWS\system32\nvspcap64.dll
0x00007ffc87d80000 - 0x00007ffc87db1000 	C:\WINDOWS\SYSTEM32\ntmarta.dll
0x000000006e330000 - 0x000000006e377000 	C:\Program Files\Java\jre1.8.0_111\bin\fontmanager.dll
0x00007ffc601b0000 - 0x00007ffc60208000 	C:\Users\Nate\AppData\Local\Temp\lwjglNate\3.1.3-SNAPSHOT\lwjgl.dll
0x00007ffc6e5b0000 - 0x00007ffc6e5fd000 	C:\Users\Nate\AppData\Local\Temp\lwjglNate\3.1.3-SNAPSHOT\glfw.dll
0x00007ffc7bba0000 - 0x00007ffc7bbb0000 	C:\WINDOWS\system32\wbem\wbemprox.dll
0x00007ffc81050000 - 0x00007ffc810d2000 	C:\WINDOWS\SYSTEM32\wbemcomn.dll
0x00007ffc81eb0000 - 0x00007ffc81f32000 	C:\WINDOWS\System32\TextInputFramework.dll
0x00007ffc81ba0000 - 0x00007ffc81e72000 	C:\WINDOWS\System32\CoreUIComponents.dll
0x00007ffc864c0000 - 0x00007ffc865a3000 	C:\WINDOWS\System32\CoreMessaging.dll
0x00007ffc85870000 - 0x00007ffc85885000 	C:\WINDOWS\SYSTEM32\usermgrcli.dll
0x00007ffc79150000 - 0x00007ffc79164000 	C:\WINDOWS\system32\wbem\wbemsvc.dll
0x00007ffc798f0000 - 0x00007ffc799e0000 	C:\WINDOWS\system32\wbem\fastprox.dll
0x00007ffc5b910000 - 0x00007ffc5ba31000 	C:\WINDOWS\SYSTEM32\opengl32.dll
0x00007ffc75600000 - 0x00007ffc7562c000 	C:\WINDOWS\SYSTEM32\GLU32.dll
0x000000006bd20000 - 0x000000006dfe5000 	C:\WINDOWS\SYSTEM32\nvoglv64.DLL
0x00007ffc885e0000 - 0x00007ffc88635000 	C:\WINDOWS\SYSTEM32\WINSTA.dll
0x00007ffc5e800000 - 0x00007ffc5e85f000 	C:\Users\Nate\AppData\Local\Temp\lwjglNate\3.1.3-SNAPSHOT\lwjgl_opengl.dll
0x000000006bbc0000 - 0x000000006bd1e000 	C:\Program Files\Microsoft SQL Server\100\Shared\dbghelp.dll

VM Arguments:
jvm_args: -agentlib:jdwp=transport=dt_socket,suspend=y,address=localhost:60119 -Dfile.encoding=Cp1252 
java_command: com.IB.SL.Boot -resizeable -Dorg.lwjgl.util.Debug=true
java_class_path (initial): D:\Dev\Square Legacy 2\Square-Legacy-2\Game\bin;D:\Dev\Square Legacy 2\Square-Legacy-2\Game\res;D:\Dev\Square Legacy 2\Square-Legacy-2\Game\lib\easyogg.jar;D:\Dev\Square Legacy 2\Square-Legacy-2\Game\lib\jogg-0.0.7.jar;D:\Dev\Square Legacy 2\Square-Legacy-2\Game\lib\jorbis-0.0.15.jar;D:\Dev\Square Legacy 2\Square-Legacy-2\Game\lib\startup2.jar;D:\Dev\Square Legacy 2\Square-Legacy-2\Game\lib\lwjgl3\lwjgl.jar;D:\Dev\Square Legacy 2\Square-Legacy-2\Game\lib\lwjgl3\lwjgl-assimp.jar;D:\Dev\Square Legacy 2\Square-Legacy-2\Game\lib\lwjgl3\lwjgl-assimp-natives-windows.jar;D:\Dev\Square Legacy 2\Square-Legacy-2\Game\lib\lwjgl3\lwjgl-bgfx.jar;D:\Dev\Square Legacy 2\Square-Legacy-2\Game\lib\lwjgl3\lwjgl-bgfx-natives-windows.jar;D:\Dev\Square Legacy 2\Square-Legacy-2\Game\lib\lwjgl3\lwjgl-egl.jar;D:\Dev\Square Legacy 2\Square-Legacy-2\Game\lib\lwjgl3\lwjgl-glfw.jar;D:\Dev\Square Legacy 2\Square-Legacy-2\Game\lib\lwjgl3\lwjgl-glfw-javadoc.jar;D:\Dev\Square Legacy 2\Square-Legacy-2\Game\lib\lwjgl3\lwjgl-glfw-natives-windows.jar;D:\Dev\Square Legacy 2\Square-Legacy-2\Game\lib\lwjgl3\lwjgl-jawt.jar;D:\Dev\Square Legacy 2\Square-Legacy-2\Game\lib\lwjgl3\lwjgl-jemalloc.jar;D:\Dev\Square Legacy 2\Square-Legacy-2\Game\lib\lwjgl3\lwjgl-jemalloc-natives-windows.jar;D:\Dev\Square Legacy 2\Square-Legacy-2\Game\lib\lwjgl3\lwjgl-lmdb.jar;D:\Dev\Square Legacy 2\Square-Legacy-2\Game\lib\lwjgl3\lwjgl-lmdb-natives-windows.jar;D:\Dev\Square Legacy 2\Square-Legacy-2\Game\lib\lwjgl3\lwjgl-nanovg.jar;D:\Dev\Square Legacy 2\Square-Legacy-2\Game\lib\lwjgl3\lwjgl-nanovg-natives-windows.jar;D:\Dev\Square Legacy 2\Square-Legacy-2\Game\lib\lwjgl3\lwjgl-natives-windows.jar;D:\Dev\Square Legacy 2\Square-Legacy-2\Game\lib\lwjgl3\lwjgl-nfd.jar;D:\Dev\Square Legacy 2\Square-Legacy-2\Game\lib\lwjgl3\lwjgl-nfd-natives-windows.jar;D:\Dev\Square Legacy 2\Square-Legacy-2\Game\lib\lwjgl3\lwjgl-nuklear.jar;D:\Dev\Square Legacy 2\Square-Legacy-2\Game\lib\lwjgl3\lwjgl-nuklear-natives-window
Launcher Type: SUN_STANDARD

Environment Variables:
PATH=C:/Program Files/Java/jre1.8.0_111/bin/server;C:/Program Files/Java/jre1.8.0_111/bin;C:/Program Files/Java/jre1.8.0_111/lib/amd64;C:\ProgramData\Oracle\Java\javapath;C:\WINDOWS\system32;C:\WINDOWS;C:\WINDOWS\System32\Wbem;C:\WINDOWS\System32\WindowsPowerShell\v1.0\;C:\Program Files\Microsoft SQL Server\130\Tools\Binn\;C:\Program Files\dotnet\;C:\Program Files (x86)\GtkSharp\2.12\bin;C:\wamp64_\bin\php\php5.6.25;C:\ProgramData\ComposerSetup\bin;C:\Program Files (x86)\Common Files\Adobe\AGL;C:\Program Files (x86)\Windows Kits\8.1\Windows Performance Toolkit\;C:\Program Files (x86)\Microsoft SQL Server\100\Tools\Binn\;C:\Program Files\Microsoft SQL Server\100\Tools\Binn\;C:\Program Files\Microsoft SQL Server\100\DTS\Binn\;C:\Program Files (x86)\NVIDIA Corporation\PhysX\Common;C:\Program Files\nodejs\;C:\Program Files\MongoDB\Server\3.4\bin;C:\Users\Nate\AppData\Local\Microsoft\WindowsApps;C:\Users\Nate\AppData\Roaming\Composer\vendor\bin;C:\Users\Nate\AppData\Roaming\npm;C:\Users\Nate\eclipse\java-oxygen\eclipse;
USERNAME=Nate
OS=Windows_NT
PROCESSOR_IDENTIFIER=AMD64 Family 21 Model 2 Stepping 0, AuthenticAMD



---------------  S Y S T E M  ---------------

OS: Windows 10.0 , 64 bit Build 15063 (10.0.15063.296)

CPU:total 6 (6 cores per cpu, 1 threads per core) family 21 model 2 stepping 0, cmov, cx8, fxsr, mmx, sse, sse2, sse3, ssse3, sse4.1, sse4.2, popcnt, avx, aes, clmul, mmxext, 3dnowpref, lzcnt, sse4a, tsc, tscinvbit, tscinv, bmi1

Memory: 4k page, physical 8369704k(1519700k free), swap 15758888k(1048644k free)

vm_info: Java HotSpot(TM) 64-Bit Server VM (25.111-b14) for windows-amd64 JRE (1.8.0_111-b14), built on Sep 22 2016 19:24:05 by "java_re" with MS VC++ 10.0 (VS2010)

time: Sun Nov 05 18:22:47 2017
elapsed time: 3 seconds (0d 0h 0m 3s)

